2023-05-03 09:39:52,640 - distributed.nanny - INFO -         Start Nanny at: 'tcp://172.16.3.169:40192'
2023-05-03 09:39:53,013 - distributed.diskutils - INFO - Found stale lock file and directory '/tmp/dask-worker-space/worker-lm17z7q_', purging
2023-05-03 09:39:53,984 - distributed.worker - INFO -       Start worker at:   tcp://172.16.3.169:40890
2023-05-03 09:39:53,984 - distributed.worker - INFO -          Listening to:   tcp://172.16.3.169:40890
2023-05-03 09:39:53,984 - distributed.worker - INFO -           Worker name:             SLURMCluster-0
2023-05-03 09:39:53,984 - distributed.worker - INFO -          dashboard at:         172.16.3.169:41037
2023-05-03 09:39:53,984 - distributed.worker - INFO - Waiting to connect to:   tcp://172.16.3.158:44343
2023-05-03 09:39:53,984 - distributed.worker - INFO - -------------------------------------------------
2023-05-03 09:39:53,984 - distributed.worker - INFO -               Threads:                         36
2023-05-03 09:39:53,984 - distributed.worker - INFO -                Memory:                 178.81 GiB
2023-05-03 09:39:53,984 - distributed.worker - INFO -       Local Directory: /tmp/dask-worker-space/worker-d78jjmud
2023-05-03 09:39:53,984 - distributed.worker - INFO - -------------------------------------------------
2023-05-03 09:39:53,989 - distributed.worker - INFO -         Registered to:   tcp://172.16.3.158:44343
2023-05-03 09:39:53,989 - distributed.worker - INFO - -------------------------------------------------
2023-05-03 09:39:53,990 - distributed.core - INFO - Starting established connection to tcp://172.16.3.158:44343
2023-05-03 09:44:37,362 - distributed.utils_perf - INFO - full garbage collection released 1.62 GiB from 1500 reference cycles (threshold: 9.54 MiB)
2023-05-03 09:44:44,189 - distributed.utils_perf - INFO - full garbage collection released 0.99 GiB from 1079 reference cycles (threshold: 9.54 MiB)
2023-05-03 09:49:33,016 - distributed.core - INFO - Connection to tcp://172.16.3.158:44343 has been closed.
2023-05-03 09:49:33,017 - distributed.worker - INFO - Stopping worker at tcp://172.16.3.169:40890. Reason: worker-handle-scheduler-connection-broken
2023-05-03 09:49:33,017 - distributed.worker - ERROR - Failed to communicate with scheduler during heartbeat.
Traceback (most recent call last):
  File "/vortexfs1/home/anthony.meza/mambaforge/envs/atm_rivers/lib/python3.10/site-packages/tornado/iostream.py", line 861, in _read_to_buffer
    bytes_read = self.read_from_fd(buf)
  File "/vortexfs1/home/anthony.meza/mambaforge/envs/atm_rivers/lib/python3.10/site-packages/tornado/iostream.py", line 1116, in read_from_fd
    return self.socket.recv_into(buf, len(buf))
ConnectionResetError: [Errno 104] Connection reset by peer

The above exception was the direct cause of the following exception:

Traceback (most recent call last):
  File "/vortexfs1/home/anthony.meza/mambaforge/envs/atm_rivers/lib/python3.10/site-packages/distributed/worker.py", line 1234, in heartbeat
    response = await retry_operation(
  File "/vortexfs1/home/anthony.meza/mambaforge/envs/atm_rivers/lib/python3.10/site-packages/distributed/utils_comm.py", line 434, in retry_operation
    return await retry(
  File "/vortexfs1/home/anthony.meza/mambaforge/envs/atm_rivers/lib/python3.10/site-packages/distributed/utils_comm.py", line 413, in retry
    return await coro()
  File "/vortexfs1/home/anthony.meza/mambaforge/envs/atm_rivers/lib/python3.10/site-packages/distributed/core.py", line 1268, in send_recv_from_rpc
    return await send_recv(comm=comm, op=key, **kwargs)
  File "/vortexfs1/home/anthony.meza/mambaforge/envs/atm_rivers/lib/python3.10/site-packages/distributed/core.py", line 1027, in send_recv
    response = await comm.read(deserializers=deserializers)
  File "/vortexfs1/home/anthony.meza/mambaforge/envs/atm_rivers/lib/python3.10/site-packages/distributed/comm/tcp.py", line 241, in read
    convert_stream_closed_error(self, e)
  File "/vortexfs1/home/anthony.meza/mambaforge/envs/atm_rivers/lib/python3.10/site-packages/distributed/comm/tcp.py", line 142, in convert_stream_closed_error
    raise CommClosedError(f"in {obj}: {exc.__class__.__name__}: {exc}") from exc
distributed.comm.core.CommClosedError: in <TCP (closed) ConnectionPool.heartbeat_worker local=tcp://172.16.3.169:58144 remote=tcp://172.16.3.158:44343>: ConnectionResetError: [Errno 104] Connection reset by peer
2023-05-03 09:49:33,032 - distributed.worker - ERROR - failed during get data with tcp://172.16.3.169:40890 -> tcp://172.16.3.61:37998
Traceback (most recent call last):
  File "/vortexfs1/home/anthony.meza/mambaforge/envs/atm_rivers/lib/python3.10/site-packages/distributed/comm/tcp.py", line 225, in read
    frames_nbytes = await stream.read_bytes(fmt_size)
tornado.iostream.StreamClosedError: Stream is closed

The above exception was the direct cause of the following exception:

Traceback (most recent call last):
  File "/vortexfs1/home/anthony.meza/mambaforge/envs/atm_rivers/lib/python3.10/site-packages/distributed/worker.py", line 1783, in get_data
    response = await comm.read(deserializers=serializers)
  File "/vortexfs1/home/anthony.meza/mambaforge/envs/atm_rivers/lib/python3.10/site-packages/distributed/comm/tcp.py", line 241, in read
    convert_stream_closed_error(self, e)
  File "/vortexfs1/home/anthony.meza/mambaforge/envs/atm_rivers/lib/python3.10/site-packages/distributed/comm/tcp.py", line 144, in convert_stream_closed_error
    raise CommClosedError(f"in {obj}: {exc}") from exc
distributed.comm.core.CommClosedError: in <TCP (closed)  local=tcp://172.16.3.169:40890 remote=tcp://172.16.3.61:41636>: Stream is closed
2023-05-03 09:49:33,033 - distributed.worker - ERROR - failed during get data with tcp://172.16.3.169:40890 -> tcp://172.16.3.93:44121
Traceback (most recent call last):
  File "/vortexfs1/home/anthony.meza/mambaforge/envs/atm_rivers/lib/python3.10/site-packages/distributed/comm/tcp.py", line 225, in read
    frames_nbytes = await stream.read_bytes(fmt_size)
tornado.iostream.StreamClosedError: Stream is closed

The above exception was the direct cause of the following exception:

Traceback (most recent call last):
  File "/vortexfs1/home/anthony.meza/mambaforge/envs/atm_rivers/lib/python3.10/site-packages/distributed/worker.py", line 1783, in get_data
    response = await comm.read(deserializers=serializers)
  File "/vortexfs1/home/anthony.meza/mambaforge/envs/atm_rivers/lib/python3.10/site-packages/distributed/comm/tcp.py", line 241, in read
    convert_stream_closed_error(self, e)
  File "/vortexfs1/home/anthony.meza/mambaforge/envs/atm_rivers/lib/python3.10/site-packages/distributed/comm/tcp.py", line 144, in convert_stream_closed_error
    raise CommClosedError(f"in {obj}: {exc}") from exc
distributed.comm.core.CommClosedError: in <TCP (closed)  local=tcp://172.16.3.169:40890 remote=tcp://172.16.3.93:39715>: Stream is closed
2023-05-03 09:49:33,035 - distributed.nanny - INFO - Closing Nanny gracefully at 'tcp://172.16.3.169:40192'. Reason: worker-handle-scheduler-connection-broken
2023-05-03 09:49:33,164 - distributed.worker - ERROR - failed during get data with tcp://172.16.3.169:40890 -> tcp://172.16.3.63:38486
Traceback (most recent call last):
  File "/vortexfs1/home/anthony.meza/mambaforge/envs/atm_rivers/lib/python3.10/site-packages/distributed/comm/tcp.py", line 225, in read
    frames_nbytes = await stream.read_bytes(fmt_size)
tornado.iostream.StreamClosedError: Stream is closed

The above exception was the direct cause of the following exception:

Traceback (most recent call last):
  File "/vortexfs1/home/anthony.meza/mambaforge/envs/atm_rivers/lib/python3.10/site-packages/distributed/worker.py", line 1783, in get_data
    response = await comm.read(deserializers=serializers)
  File "/vortexfs1/home/anthony.meza/mambaforge/envs/atm_rivers/lib/python3.10/site-packages/distributed/comm/tcp.py", line 241, in read
    convert_stream_closed_error(self, e)
  File "/vortexfs1/home/anthony.meza/mambaforge/envs/atm_rivers/lib/python3.10/site-packages/distributed/comm/tcp.py", line 144, in convert_stream_closed_error
    raise CommClosedError(f"in {obj}: {exc}") from exc
distributed.comm.core.CommClosedError: in <TCP (closed)  local=tcp://172.16.3.169:40890 remote=tcp://172.16.3.63:40873>: Stream is closed
2023-05-03 09:49:33,181 - distributed.worker - ERROR - failed during get data with tcp://172.16.3.169:40890 -> tcp://172.16.3.167:34932
Traceback (most recent call last):
  File "/vortexfs1/home/anthony.meza/mambaforge/envs/atm_rivers/lib/python3.10/site-packages/distributed/comm/tcp.py", line 225, in read
    frames_nbytes = await stream.read_bytes(fmt_size)
tornado.iostream.StreamClosedError: Stream is closed

The above exception was the direct cause of the following exception:

Traceback (most recent call last):
  File "/vortexfs1/home/anthony.meza/mambaforge/envs/atm_rivers/lib/python3.10/site-packages/distributed/worker.py", line 1783, in get_data
    response = await comm.read(deserializers=serializers)
  File "/vortexfs1/home/anthony.meza/mambaforge/envs/atm_rivers/lib/python3.10/site-packages/distributed/comm/tcp.py", line 241, in read
    convert_stream_closed_error(self, e)
  File "/vortexfs1/home/anthony.meza/mambaforge/envs/atm_rivers/lib/python3.10/site-packages/distributed/comm/tcp.py", line 144, in convert_stream_closed_error
    raise CommClosedError(f"in {obj}: {exc}") from exc
distributed.comm.core.CommClosedError: in <TCP (closed)  local=tcp://172.16.3.169:40890 remote=tcp://172.16.3.167:51754>: Stream is closed
2023-05-03 09:49:33,334 - distributed.worker - ERROR - failed during get data with tcp://172.16.3.169:40890 -> tcp://172.16.3.62:42614
Traceback (most recent call last):
  File "/vortexfs1/home/anthony.meza/mambaforge/envs/atm_rivers/lib/python3.10/site-packages/tornado/iostream.py", line 861, in _read_to_buffer
    bytes_read = self.read_from_fd(buf)
  File "/vortexfs1/home/anthony.meza/mambaforge/envs/atm_rivers/lib/python3.10/site-packages/tornado/iostream.py", line 1116, in read_from_fd
    return self.socket.recv_into(buf, len(buf))
ConnectionResetError: [Errno 104] Connection reset by peer

The above exception was the direct cause of the following exception:

Traceback (most recent call last):
  File "/vortexfs1/home/anthony.meza/mambaforge/envs/atm_rivers/lib/python3.10/site-packages/distributed/worker.py", line 1783, in get_data
    response = await comm.read(deserializers=serializers)
  File "/vortexfs1/home/anthony.meza/mambaforge/envs/atm_rivers/lib/python3.10/site-packages/distributed/comm/tcp.py", line 241, in read
    convert_stream_closed_error(self, e)
  File "/vortexfs1/home/anthony.meza/mambaforge/envs/atm_rivers/lib/python3.10/site-packages/distributed/comm/tcp.py", line 142, in convert_stream_closed_error
    raise CommClosedError(f"in {obj}: {exc.__class__.__name__}: {exc}") from exc
distributed.comm.core.CommClosedError: in <TCP (closed)  local=tcp://172.16.3.169:40890 remote=tcp://172.16.3.62:57825>: ConnectionResetError: [Errno 104] Connection reset by peer
2023-05-03 09:49:36,829 - distributed.worker - ERROR - failed during get data with tcp://172.16.3.169:40890 -> tcp://172.16.3.168:40360
Traceback (most recent call last):
  File "/vortexfs1/home/anthony.meza/mambaforge/envs/atm_rivers/lib/python3.10/site-packages/distributed/comm/tcp.py", line 225, in read
    frames_nbytes = await stream.read_bytes(fmt_size)
tornado.iostream.StreamClosedError: Stream is closed

The above exception was the direct cause of the following exception:

Traceback (most recent call last):
  File "/vortexfs1/home/anthony.meza/mambaforge/envs/atm_rivers/lib/python3.10/site-packages/distributed/worker.py", line 1783, in get_data
    response = await comm.read(deserializers=serializers)
  File "/vortexfs1/home/anthony.meza/mambaforge/envs/atm_rivers/lib/python3.10/site-packages/distributed/comm/tcp.py", line 241, in read
    convert_stream_closed_error(self, e)
  File "/vortexfs1/home/anthony.meza/mambaforge/envs/atm_rivers/lib/python3.10/site-packages/distributed/comm/tcp.py", line 144, in convert_stream_closed_error
    raise CommClosedError(f"in {obj}: {exc}") from exc
distributed.comm.core.CommClosedError: in <TCP (closed)  local=tcp://172.16.3.169:40890 remote=tcp://172.16.3.168:33930>: Stream is closed
2023-05-03 09:49:38,742 - distributed.worker - ERROR - failed during get data with tcp://172.16.3.169:40890 -> tcp://172.16.3.64:42506
Traceback (most recent call last):
  File "/vortexfs1/home/anthony.meza/mambaforge/envs/atm_rivers/lib/python3.10/site-packages/distributed/comm/tcp.py", line 317, in write
    raise StreamClosedError()
tornado.iostream.StreamClosedError: Stream is closed

The above exception was the direct cause of the following exception:

Traceback (most recent call last):
  File "/vortexfs1/home/anthony.meza/mambaforge/envs/atm_rivers/lib/python3.10/site-packages/distributed/worker.py", line 1782, in get_data
    compressed = await comm.write(msg, serializers=serializers)
  File "/vortexfs1/home/anthony.meza/mambaforge/envs/atm_rivers/lib/python3.10/site-packages/distributed/comm/tcp.py", line 328, in write
    convert_stream_closed_error(self, e)
  File "/vortexfs1/home/anthony.meza/mambaforge/envs/atm_rivers/lib/python3.10/site-packages/distributed/comm/tcp.py", line 144, in convert_stream_closed_error
    raise CommClosedError(f"in {obj}: {exc}") from exc
distributed.comm.core.CommClosedError: in <TCP (closed)  local=tcp://172.16.3.169:40890 remote=tcp://172.16.3.64:46718>: Stream is closed
2023-05-03 09:50:03,040 - distributed.nanny - INFO - Worker closed
2023-05-03 09:50:05,043 - distributed.nanny - ERROR - Worker process died unexpectedly
2023-05-03 09:50:51,249 - distributed.nanny - INFO - Closing Nanny at 'tcp://172.16.3.169:40192'. Reason: nanny-close-gracefully
2023-05-03 09:50:51,250 - distributed.dask_worker - INFO - End worker
