2023-05-03 10:37:44,574 - distributed.nanny - INFO -         Start Nanny at: 'tcp://172.16.3.89:38546'
2023-05-03 10:37:46,690 - distributed.worker - INFO -       Start worker at:    tcp://172.16.3.89:41660
2023-05-03 10:37:46,691 - distributed.worker - INFO -          Listening to:    tcp://172.16.3.89:41660
2023-05-03 10:37:46,691 - distributed.worker - INFO -           Worker name:            SLURMCluster-11
2023-05-03 10:37:46,691 - distributed.worker - INFO -          dashboard at:          172.16.3.89:45911
2023-05-03 10:37:46,691 - distributed.worker - INFO - Waiting to connect to:   tcp://172.16.3.158:34878
2023-05-03 10:37:46,691 - distributed.worker - INFO - -------------------------------------------------
2023-05-03 10:37:46,691 - distributed.worker - INFO -               Threads:                         36
2023-05-03 10:37:46,691 - distributed.worker - INFO -                Memory:                 178.81 GiB
2023-05-03 10:37:46,691 - distributed.worker - INFO -       Local Directory: /tmp/dask-worker-space/worker-f5atwtlx
2023-05-03 10:37:46,691 - distributed.worker - INFO - -------------------------------------------------
2023-05-03 10:37:46,697 - distributed.worker - INFO -         Registered to:   tcp://172.16.3.158:34878
2023-05-03 10:37:46,697 - distributed.worker - INFO - -------------------------------------------------
2023-05-03 10:37:46,697 - distributed.core - INFO - Starting established connection to tcp://172.16.3.158:34878
2023-05-03 10:41:22,451 - distributed.utils_perf - WARNING - full garbage collections took 12% CPU time recently (threshold: 10%)
2023-05-03 10:41:24,393 - distributed.utils_perf - WARNING - full garbage collections took 14% CPU time recently (threshold: 10%)
2023-05-03 10:41:25,542 - distributed.utils_perf - WARNING - full garbage collections took 15% CPU time recently (threshold: 10%)
2023-05-03 10:41:28,039 - distributed.utils_perf - WARNING - full garbage collections took 14% CPU time recently (threshold: 10%)
2023-05-03 10:41:30,696 - distributed.utils_perf - WARNING - full garbage collections took 17% CPU time recently (threshold: 10%)
2023-05-03 10:41:37,591 - distributed.utils_perf - WARNING - full garbage collections took 17% CPU time recently (threshold: 10%)
2023-05-03 10:41:39,281 - distributed.utils_perf - WARNING - full garbage collections took 17% CPU time recently (threshold: 10%)
2023-05-03 10:41:40,934 - distributed.utils_perf - WARNING - full garbage collections took 17% CPU time recently (threshold: 10%)
2023-05-03 10:41:43,202 - distributed.utils_perf - WARNING - full garbage collections took 18% CPU time recently (threshold: 10%)
2023-05-03 10:41:56,961 - distributed.utils_perf - WARNING - full garbage collections took 17% CPU time recently (threshold: 10%)
2023-05-03 10:41:58,468 - distributed.utils_perf - WARNING - full garbage collections took 17% CPU time recently (threshold: 10%)
2023-05-03 10:42:00,658 - distributed.utils_perf - WARNING - full garbage collections took 18% CPU time recently (threshold: 10%)
2023-05-03 10:42:11,240 - distributed.utils_perf - WARNING - full garbage collections took 17% CPU time recently (threshold: 10%)
2023-05-03 10:42:12,703 - distributed.utils_perf - WARNING - full garbage collections took 17% CPU time recently (threshold: 10%)
2023-05-03 10:42:14,502 - distributed.utils_perf - WARNING - full garbage collections took 18% CPU time recently (threshold: 10%)
2023-05-03 10:42:22,608 - distributed.utils_perf - WARNING - full garbage collections took 17% CPU time recently (threshold: 10%)
2023-05-03 10:42:23,649 - distributed.utils_perf - WARNING - full garbage collections took 18% CPU time recently (threshold: 10%)
2023-05-03 10:42:25,014 - distributed.utils_perf - WARNING - full garbage collections took 17% CPU time recently (threshold: 10%)
2023-05-03 10:42:26,345 - distributed.utils_perf - WARNING - full garbage collections took 17% CPU time recently (threshold: 10%)
2023-05-03 10:42:27,581 - distributed.utils_perf - WARNING - full garbage collections took 18% CPU time recently (threshold: 10%)
2023-05-03 10:42:29,170 - distributed.utils_perf - WARNING - full garbage collections took 18% CPU time recently (threshold: 10%)
2023-05-03 10:42:36,519 - distributed.utils_perf - WARNING - full garbage collections took 17% CPU time recently (threshold: 10%)
2023-05-03 10:42:37,712 - distributed.utils_perf - WARNING - full garbage collections took 18% CPU time recently (threshold: 10%)
2023-05-03 10:42:39,176 - distributed.utils_perf - WARNING - full garbage collections took 18% CPU time recently (threshold: 10%)
2023-05-03 10:42:40,843 - distributed.utils_perf - WARNING - full garbage collections took 18% CPU time recently (threshold: 10%)
2023-05-03 10:42:42,044 - distributed.utils_perf - WARNING - full garbage collections took 18% CPU time recently (threshold: 10%)
2023-05-03 10:42:43,572 - distributed.utils_perf - WARNING - full garbage collections took 17% CPU time recently (threshold: 10%)
2023-05-03 10:42:45,540 - distributed.utils_perf - WARNING - full garbage collections took 17% CPU time recently (threshold: 10%)
2023-05-03 10:42:47,595 - distributed.utils_perf - WARNING - full garbage collections took 18% CPU time recently (threshold: 10%)
2023-05-03 10:43:04,977 - distributed.utils_perf - WARNING - full garbage collections took 17% CPU time recently (threshold: 10%)
2023-05-03 10:43:06,682 - distributed.utils_perf - WARNING - full garbage collections took 17% CPU time recently (threshold: 10%)
2023-05-03 10:43:08,775 - distributed.utils_perf - WARNING - full garbage collections took 17% CPU time recently (threshold: 10%)
2023-05-03 10:43:41,989 - distributed.utils_perf - WARNING - full garbage collections took 16% CPU time recently (threshold: 10%)
2023-05-03 10:43:48,913 - distributed.utils_perf - WARNING - full garbage collections took 15% CPU time recently (threshold: 10%)
2023-05-03 10:44:32,454 - distributed.utils_perf - WARNING - full garbage collections took 14% CPU time recently (threshold: 10%)
2023-05-03 10:44:34,606 - distributed.utils_perf - WARNING - full garbage collections took 14% CPU time recently (threshold: 10%)
2023-05-03 10:44:38,011 - distributed.utils_perf - WARNING - full garbage collections took 14% CPU time recently (threshold: 10%)
2023-05-03 10:44:57,792 - distributed.utils_perf - WARNING - full garbage collections took 13% CPU time recently (threshold: 10%)
2023-05-03 10:45:00,125 - distributed.utils_perf - WARNING - full garbage collections took 12% CPU time recently (threshold: 10%)
2023-05-03 10:45:01,706 - distributed.utils_perf - WARNING - full garbage collections took 13% CPU time recently (threshold: 10%)
2023-05-03 10:45:28,678 - distributed.utils_perf - WARNING - full garbage collections took 12% CPU time recently (threshold: 10%)
2023-05-03 10:45:31,133 - distributed.utils_perf - WARNING - full garbage collections took 12% CPU time recently (threshold: 10%)
2023-05-03 10:45:41,805 - distributed.core - INFO - Connection to tcp://172.16.3.158:34878 has been closed.
2023-05-03 10:45:41,805 - distributed.worker - INFO - Stopping worker at tcp://172.16.3.89:41660. Reason: worker-handle-scheduler-connection-broken
2023-05-03 10:45:41,806 - distributed.worker - ERROR - Failed to communicate with scheduler during heartbeat.
Traceback (most recent call last):
  File "/vortexfs1/home/anthony.meza/mambaforge/envs/atm_rivers/lib/python3.10/site-packages/tornado/iostream.py", line 861, in _read_to_buffer
    bytes_read = self.read_from_fd(buf)
  File "/vortexfs1/home/anthony.meza/mambaforge/envs/atm_rivers/lib/python3.10/site-packages/tornado/iostream.py", line 1116, in read_from_fd
    return self.socket.recv_into(buf, len(buf))
ConnectionResetError: [Errno 104] Connection reset by peer

The above exception was the direct cause of the following exception:

Traceback (most recent call last):
  File "/vortexfs1/home/anthony.meza/mambaforge/envs/atm_rivers/lib/python3.10/site-packages/distributed/worker.py", line 1234, in heartbeat
    response = await retry_operation(
  File "/vortexfs1/home/anthony.meza/mambaforge/envs/atm_rivers/lib/python3.10/site-packages/distributed/utils_comm.py", line 434, in retry_operation
    return await retry(
  File "/vortexfs1/home/anthony.meza/mambaforge/envs/atm_rivers/lib/python3.10/site-packages/distributed/utils_comm.py", line 413, in retry
    return await coro()
  File "/vortexfs1/home/anthony.meza/mambaforge/envs/atm_rivers/lib/python3.10/site-packages/distributed/core.py", line 1268, in send_recv_from_rpc
    return await send_recv(comm=comm, op=key, **kwargs)
  File "/vortexfs1/home/anthony.meza/mambaforge/envs/atm_rivers/lib/python3.10/site-packages/distributed/core.py", line 1027, in send_recv
    response = await comm.read(deserializers=deserializers)
  File "/vortexfs1/home/anthony.meza/mambaforge/envs/atm_rivers/lib/python3.10/site-packages/distributed/comm/tcp.py", line 241, in read
    convert_stream_closed_error(self, e)
  File "/vortexfs1/home/anthony.meza/mambaforge/envs/atm_rivers/lib/python3.10/site-packages/distributed/comm/tcp.py", line 142, in convert_stream_closed_error
    raise CommClosedError(f"in {obj}: {exc.__class__.__name__}: {exc}") from exc
distributed.comm.core.CommClosedError: in <TCP (closed) ConnectionPool.heartbeat_worker local=tcp://172.16.3.89:44106 remote=tcp://172.16.3.158:34878>: ConnectionResetError: [Errno 104] Connection reset by peer
2023-05-03 10:45:41,809 - distributed.worker - ERROR - failed during get data with tcp://172.16.3.89:41660 -> tcp://172.16.3.61:41984
Traceback (most recent call last):
  File "/vortexfs1/home/anthony.meza/mambaforge/envs/atm_rivers/lib/python3.10/site-packages/distributed/comm/tcp.py", line 225, in read
    frames_nbytes = await stream.read_bytes(fmt_size)
tornado.iostream.StreamClosedError: Stream is closed

The above exception was the direct cause of the following exception:

Traceback (most recent call last):
  File "/vortexfs1/home/anthony.meza/mambaforge/envs/atm_rivers/lib/python3.10/site-packages/distributed/worker.py", line 1783, in get_data
    response = await comm.read(deserializers=serializers)
  File "/vortexfs1/home/anthony.meza/mambaforge/envs/atm_rivers/lib/python3.10/site-packages/distributed/comm/tcp.py", line 241, in read
    convert_stream_closed_error(self, e)
  File "/vortexfs1/home/anthony.meza/mambaforge/envs/atm_rivers/lib/python3.10/site-packages/distributed/comm/tcp.py", line 144, in convert_stream_closed_error
    raise CommClosedError(f"in {obj}: {exc}") from exc
distributed.comm.core.CommClosedError: in <TCP (closed)  local=tcp://172.16.3.89:41660 remote=tcp://172.16.3.61:50190>: Stream is closed
2023-05-03 10:45:41,809 - distributed.worker - ERROR - failed during get data with tcp://172.16.3.89:41660 -> tcp://172.16.3.168:41184
Traceback (most recent call last):
  File "/vortexfs1/home/anthony.meza/mambaforge/envs/atm_rivers/lib/python3.10/site-packages/distributed/comm/tcp.py", line 225, in read
    frames_nbytes = await stream.read_bytes(fmt_size)
tornado.iostream.StreamClosedError: Stream is closed

The above exception was the direct cause of the following exception:

Traceback (most recent call last):
  File "/vortexfs1/home/anthony.meza/mambaforge/envs/atm_rivers/lib/python3.10/site-packages/distributed/worker.py", line 1783, in get_data
    response = await comm.read(deserializers=serializers)
  File "/vortexfs1/home/anthony.meza/mambaforge/envs/atm_rivers/lib/python3.10/site-packages/distributed/comm/tcp.py", line 241, in read
    convert_stream_closed_error(self, e)
  File "/vortexfs1/home/anthony.meza/mambaforge/envs/atm_rivers/lib/python3.10/site-packages/distributed/comm/tcp.py", line 144, in convert_stream_closed_error
    raise CommClosedError(f"in {obj}: {exc}") from exc
distributed.comm.core.CommClosedError: in <TCP (closed)  local=tcp://172.16.3.89:41660 remote=tcp://172.16.3.168:52489>: Stream is closed
2023-05-03 10:45:41,809 - distributed.worker - ERROR - failed during get data with tcp://172.16.3.89:41660 -> tcp://172.16.3.63:42327
Traceback (most recent call last):
  File "/vortexfs1/home/anthony.meza/mambaforge/envs/atm_rivers/lib/python3.10/site-packages/distributed/comm/tcp.py", line 225, in read
    frames_nbytes = await stream.read_bytes(fmt_size)
tornado.iostream.StreamClosedError: Stream is closed

The above exception was the direct cause of the following exception:

Traceback (most recent call last):
  File "/vortexfs1/home/anthony.meza/mambaforge/envs/atm_rivers/lib/python3.10/site-packages/distributed/worker.py", line 1783, in get_data
    response = await comm.read(deserializers=serializers)
  File "/vortexfs1/home/anthony.meza/mambaforge/envs/atm_rivers/lib/python3.10/site-packages/distributed/comm/tcp.py", line 241, in read
    convert_stream_closed_error(self, e)
  File "/vortexfs1/home/anthony.meza/mambaforge/envs/atm_rivers/lib/python3.10/site-packages/distributed/comm/tcp.py", line 144, in convert_stream_closed_error
    raise CommClosedError(f"in {obj}: {exc}") from exc
distributed.comm.core.CommClosedError: in <TCP (closed)  local=tcp://172.16.3.89:41660 remote=tcp://172.16.3.63:40427>: Stream is closed
2023-05-03 10:45:41,809 - distributed.worker - ERROR - failed during get data with tcp://172.16.3.89:41660 -> tcp://172.16.3.169:39383
Traceback (most recent call last):
  File "/vortexfs1/home/anthony.meza/mambaforge/envs/atm_rivers/lib/python3.10/site-packages/distributed/comm/tcp.py", line 225, in read
    frames_nbytes = await stream.read_bytes(fmt_size)
tornado.iostream.StreamClosedError: Stream is closed

The above exception was the direct cause of the following exception:

Traceback (most recent call last):
  File "/vortexfs1/home/anthony.meza/mambaforge/envs/atm_rivers/lib/python3.10/site-packages/distributed/worker.py", line 1783, in get_data
    response = await comm.read(deserializers=serializers)
  File "/vortexfs1/home/anthony.meza/mambaforge/envs/atm_rivers/lib/python3.10/site-packages/distributed/comm/tcp.py", line 241, in read
    convert_stream_closed_error(self, e)
  File "/vortexfs1/home/anthony.meza/mambaforge/envs/atm_rivers/lib/python3.10/site-packages/distributed/comm/tcp.py", line 144, in convert_stream_closed_error
    raise CommClosedError(f"in {obj}: {exc}") from exc
distributed.comm.core.CommClosedError: in <TCP (closed)  local=tcp://172.16.3.89:41660 remote=tcp://172.16.3.169:54000>: Stream is closed
2023-05-03 10:45:41,819 - distributed.nanny - INFO - Closing Nanny gracefully at 'tcp://172.16.3.89:38546'. Reason: worker-handle-scheduler-connection-broken
2023-05-03 10:45:43,929 - distributed.client - ERROR - 
ConnectionRefusedError: [Errno 111] Connection refused

The above exception was the direct cause of the following exception:

Traceback (most recent call last):
  File "/vortexfs1/home/anthony.meza/mambaforge/envs/atm_rivers/lib/python3.10/site-packages/distributed/comm/core.py", line 292, in connect
    comm = await wait_for(
  File "/vortexfs1/home/anthony.meza/mambaforge/envs/atm_rivers/lib/python3.10/site-packages/distributed/utils.py", line 1850, in wait_for
    return await asyncio.wait_for(fut, timeout)
  File "/vortexfs1/home/anthony.meza/mambaforge/envs/atm_rivers/lib/python3.10/asyncio/tasks.py", line 445, in wait_for
    return fut.result()
  File "/vortexfs1/home/anthony.meza/mambaforge/envs/atm_rivers/lib/python3.10/site-packages/distributed/comm/tcp.py", line 511, in connect
    convert_stream_closed_error(self, e)
  File "/vortexfs1/home/anthony.meza/mambaforge/envs/atm_rivers/lib/python3.10/site-packages/distributed/comm/tcp.py", line 142, in convert_stream_closed_error
    raise CommClosedError(f"in {obj}: {exc.__class__.__name__}: {exc}") from exc
distributed.comm.core.CommClosedError: in <distributed.comm.tcp.TCPConnector object at 0x2aaacb793580>: ConnectionRefusedError: [Errno 111] Connection refused

During handling of the above exception, another exception occurred:

Traceback (most recent call last):
  File "/vortexfs1/home/anthony.meza/mambaforge/envs/atm_rivers/lib/python3.10/site-packages/distributed/utils.py", line 752, in wrapper
    return await func(*args, **kwargs)
  File "/vortexfs1/home/anthony.meza/mambaforge/envs/atm_rivers/lib/python3.10/site-packages/distributed/client.py", line 1321, in _reconnect
    await self._ensure_connected(timeout=timeout)
  File "/vortexfs1/home/anthony.meza/mambaforge/envs/atm_rivers/lib/python3.10/site-packages/distributed/client.py", line 1351, in _ensure_connected
    comm = await connect(
  File "/vortexfs1/home/anthony.meza/mambaforge/envs/atm_rivers/lib/python3.10/site-packages/distributed/comm/core.py", line 316, in connect
    await asyncio.sleep(backoff)
  File "/vortexfs1/home/anthony.meza/mambaforge/envs/atm_rivers/lib/python3.10/asyncio/tasks.py", line 605, in sleep
    return await future
asyncio.exceptions.CancelledError
2023-05-03 10:46:13,937 - distributed.nanny - INFO - Worker closed
2023-05-03 10:46:15,939 - distributed.nanny - ERROR - Worker process died unexpectedly
2023-05-03 10:46:17,552 - distributed.nanny - INFO - Closing Nanny at 'tcp://172.16.3.89:38546'. Reason: nanny-close-gracefully
2023-05-03 10:46:17,553 - distributed.dask_worker - INFO - End worker
