2023-05-02 22:50:19,662 - distributed.nanny - INFO -         Start Nanny at: 'tcp://172.16.3.63:45583'
2023-05-02 22:50:24,349 - distributed.worker - INFO -       Start worker at:    tcp://172.16.3.63:44924
2023-05-02 22:50:24,350 - distributed.worker - INFO -          Listening to:    tcp://172.16.3.63:44924
2023-05-02 22:50:24,350 - distributed.worker - INFO -           Worker name:             SLURMCluster-4
2023-05-02 22:50:24,350 - distributed.worker - INFO -          dashboard at:          172.16.3.63:41658
2023-05-02 22:50:24,350 - distributed.worker - INFO - Waiting to connect to:    tcp://172.16.3.55:40487
2023-05-02 22:50:24,350 - distributed.worker - INFO - -------------------------------------------------
2023-05-02 22:50:24,350 - distributed.worker - INFO -               Threads:                         36
2023-05-02 22:50:24,350 - distributed.worker - INFO -                Memory:                  93.13 GiB
2023-05-02 22:50:24,350 - distributed.worker - INFO -       Local Directory: /tmp/dask-worker-space/worker-3rp0fkqw
2023-05-02 22:50:24,350 - distributed.worker - INFO - -------------------------------------------------
2023-05-02 22:50:24,363 - distributed.worker - INFO -         Registered to:    tcp://172.16.3.55:40487
2023-05-02 22:50:24,364 - distributed.worker - INFO - -------------------------------------------------
2023-05-02 22:50:24,365 - distributed.core - INFO - Starting established connection to tcp://172.16.3.55:40487
2023-05-02 22:50:47,846 - distributed.core - INFO - Event loop was unresponsive in Worker for 6.36s.  This is often caused by long-running GIL-holding functions or moving large chunks of data. This can cause timeouts and instability.
2023-05-02 22:51:14,174 - distributed.worker.memory - WARNING - Unmanaged memory use is high. This may indicate a memory leak or the memory may not be released to the OS; see https://distributed.dask.org/en/latest/worker-memory.html#memory-not-released-back-to-the-os for more information. -- Unmanaged memory: 65.90 GiB -- Worker memory limit: 93.13 GiB
2023-05-02 22:51:15,831 - distributed.worker.memory - WARNING - Worker is at 81% memory usage. Pausing worker.  Process memory: 76.18 GiB -- Worker memory limit: 93.13 GiB
2023-05-02 22:51:18,709 - distributed.core - INFO - Removing comms to tcp://172.16.3.92:38986
2023-05-02 22:51:18,711 - distributed.core - INFO - Removing comms to tcp://172.16.3.85:40002
2023-05-02 22:51:20,506 - distributed.nanny.memory - WARNING - Worker tcp://172.16.3.63:44924 (pid=282231) exceeded 95% memory budget. Restarting...
2023-05-02 22:51:29,367 - distributed.nanny - INFO - Worker process 282231 was killed by signal 15
2023-05-02 22:51:29,405 - distributed.nanny - WARNING - Restarting worker
2023-05-02 22:51:37,631 - distributed.worker - INFO -       Start worker at:    tcp://172.16.3.63:41815
2023-05-02 22:51:37,632 - distributed.worker - INFO -          Listening to:    tcp://172.16.3.63:41815
2023-05-02 22:51:37,632 - distributed.worker - INFO -           Worker name:             SLURMCluster-4
2023-05-02 22:51:37,632 - distributed.worker - INFO -          dashboard at:          172.16.3.63:39273
2023-05-02 22:51:37,632 - distributed.worker - INFO - Waiting to connect to:    tcp://172.16.3.55:40487
2023-05-02 22:51:37,632 - distributed.worker - INFO - -------------------------------------------------
2023-05-02 22:51:37,632 - distributed.worker - INFO -               Threads:                         36
2023-05-02 22:51:37,633 - distributed.worker - INFO -                Memory:                  93.13 GiB
2023-05-02 22:51:37,633 - distributed.worker - INFO -       Local Directory: /tmp/dask-worker-space/worker-qi_g_cnv
2023-05-02 22:51:37,633 - distributed.worker - INFO - -------------------------------------------------
2023-05-02 22:51:37,641 - distributed.worker - INFO -         Registered to:    tcp://172.16.3.55:40487
2023-05-02 22:51:37,641 - distributed.worker - INFO - -------------------------------------------------
2023-05-02 22:51:37,643 - distributed.core - INFO - Starting established connection to tcp://172.16.3.55:40487
2023-05-02 22:51:45,144 - distributed.core - INFO - Event loop was unresponsive in Worker for 7.46s.  This is often caused by long-running GIL-holding functions or moving large chunks of data. This can cause timeouts and instability.
2023-05-02 22:51:45,236 - distributed.core - INFO - Removing comms to tcp://172.16.3.52:32814
2023-05-02 22:51:45,239 - distributed.core - INFO - Removing comms to tcp://172.16.3.53:42755
2023-05-02 22:51:54,114 - distributed.core - INFO - Removing comms to tcp://172.16.3.92:41458
2023-05-02 22:51:55,140 - distributed.worker - ERROR - Worker stream died during communication: tcp://172.16.3.85:35884
Traceback (most recent call last):
  File "/vortexfs1/home/anthony.meza/mambaforge/envs/atm_rivers/lib/python3.10/site-packages/tornado/iostream.py", line 861, in _read_to_buffer
    bytes_read = self.read_from_fd(buf)
  File "/vortexfs1/home/anthony.meza/mambaforge/envs/atm_rivers/lib/python3.10/site-packages/tornado/iostream.py", line 1116, in read_from_fd
    return self.socket.recv_into(buf, len(buf))
ConnectionResetError: [Errno 104] Connection reset by peer

The above exception was the direct cause of the following exception:

Traceback (most recent call last):
  File "/vortexfs1/home/anthony.meza/mambaforge/envs/atm_rivers/lib/python3.10/site-packages/distributed/worker.py", line 2056, in gather_dep
    response = await get_data_from_worker(
  File "/vortexfs1/home/anthony.meza/mambaforge/envs/atm_rivers/lib/python3.10/site-packages/distributed/worker.py", line 2891, in get_data_from_worker
    response = await send_recv(
  File "/vortexfs1/home/anthony.meza/mambaforge/envs/atm_rivers/lib/python3.10/site-packages/distributed/core.py", line 1027, in send_recv
    response = await comm.read(deserializers=deserializers)
  File "/vortexfs1/home/anthony.meza/mambaforge/envs/atm_rivers/lib/python3.10/site-packages/distributed/comm/tcp.py", line 241, in read
    convert_stream_closed_error(self, e)
  File "/vortexfs1/home/anthony.meza/mambaforge/envs/atm_rivers/lib/python3.10/site-packages/distributed/comm/tcp.py", line 142, in convert_stream_closed_error
    raise CommClosedError(f"in {obj}: {exc.__class__.__name__}: {exc}") from exc
distributed.comm.core.CommClosedError: in <TCP (closed) Ephemeral Worker->Worker for gather local=tcp://172.16.3.63:52732 remote=tcp://172.16.3.85:35884>: ConnectionResetError: [Errno 104] Connection reset by peer
2023-05-02 22:51:55,322 - distributed.core - INFO - Removing comms to tcp://172.16.3.85:35884
2023-05-02 22:51:58,215 - distributed.worker - ERROR - Worker stream died during communication: tcp://172.16.3.105:46551
Traceback (most recent call last):
  File "/vortexfs1/home/anthony.meza/mambaforge/envs/atm_rivers/lib/python3.10/site-packages/tornado/iostream.py", line 861, in _read_to_buffer
    bytes_read = self.read_from_fd(buf)
  File "/vortexfs1/home/anthony.meza/mambaforge/envs/atm_rivers/lib/python3.10/site-packages/tornado/iostream.py", line 1116, in read_from_fd
    return self.socket.recv_into(buf, len(buf))
ConnectionResetError: [Errno 104] Connection reset by peer

The above exception was the direct cause of the following exception:

Traceback (most recent call last):
  File "/vortexfs1/home/anthony.meza/mambaforge/envs/atm_rivers/lib/python3.10/site-packages/distributed/worker.py", line 2056, in gather_dep
    response = await get_data_from_worker(
  File "/vortexfs1/home/anthony.meza/mambaforge/envs/atm_rivers/lib/python3.10/site-packages/distributed/worker.py", line 2891, in get_data_from_worker
    response = await send_recv(
  File "/vortexfs1/home/anthony.meza/mambaforge/envs/atm_rivers/lib/python3.10/site-packages/distributed/core.py", line 1027, in send_recv
    response = await comm.read(deserializers=deserializers)
  File "/vortexfs1/home/anthony.meza/mambaforge/envs/atm_rivers/lib/python3.10/site-packages/distributed/comm/tcp.py", line 241, in read
    convert_stream_closed_error(self, e)
  File "/vortexfs1/home/anthony.meza/mambaforge/envs/atm_rivers/lib/python3.10/site-packages/distributed/comm/tcp.py", line 142, in convert_stream_closed_error
    raise CommClosedError(f"in {obj}: {exc.__class__.__name__}: {exc}") from exc
distributed.comm.core.CommClosedError: in <TCP (closed) Ephemeral Worker->Worker for gather local=tcp://172.16.3.63:54599 remote=tcp://172.16.3.105:46551>: ConnectionResetError: [Errno 104] Connection reset by peer
2023-05-02 22:51:58,217 - distributed.core - INFO - Removing comms to tcp://172.16.3.105:46551
2023-05-02 22:51:58,983 - distributed.core - INFO - Removing comms to tcp://172.16.3.93:32854
2023-05-02 22:52:00,358 - distributed.worker - ERROR - Worker stream died during communication: tcp://172.16.3.83:40074
Traceback (most recent call last):
  File "/vortexfs1/home/anthony.meza/mambaforge/envs/atm_rivers/lib/python3.10/site-packages/distributed/comm/tcp.py", line 225, in read
    frames_nbytes = await stream.read_bytes(fmt_size)
tornado.iostream.StreamClosedError: Stream is closed

The above exception was the direct cause of the following exception:

Traceback (most recent call last):
  File "/vortexfs1/home/anthony.meza/mambaforge/envs/atm_rivers/lib/python3.10/site-packages/distributed/worker.py", line 2056, in gather_dep
    response = await get_data_from_worker(
  File "/vortexfs1/home/anthony.meza/mambaforge/envs/atm_rivers/lib/python3.10/site-packages/distributed/worker.py", line 2891, in get_data_from_worker
    response = await send_recv(
  File "/vortexfs1/home/anthony.meza/mambaforge/envs/atm_rivers/lib/python3.10/site-packages/distributed/core.py", line 1027, in send_recv
    response = await comm.read(deserializers=deserializers)
  File "/vortexfs1/home/anthony.meza/mambaforge/envs/atm_rivers/lib/python3.10/site-packages/distributed/comm/tcp.py", line 241, in read
    convert_stream_closed_error(self, e)
  File "/vortexfs1/home/anthony.meza/mambaforge/envs/atm_rivers/lib/python3.10/site-packages/distributed/comm/tcp.py", line 144, in convert_stream_closed_error
    raise CommClosedError(f"in {obj}: {exc}") from exc
distributed.comm.core.CommClosedError: in <TCP (closed) Ephemeral Worker->Worker for gather local=tcp://172.16.3.63:59637 remote=tcp://172.16.3.83:40074>: Stream is closed
2023-05-02 22:52:00,359 - distributed.core - INFO - Removing comms to tcp://172.16.3.83:40074
2023-05-02 22:52:09,046 - distributed.worker.memory - WARNING - Unmanaged memory use is high. This may indicate a memory leak or the memory may not be released to the OS; see https://distributed.dask.org/en/latest/worker-memory.html#memory-not-released-back-to-the-os for more information. -- Unmanaged memory: 65.98 GiB -- Worker memory limit: 93.13 GiB
2023-05-02 22:52:16,096 - distributed.core - INFO - Event loop was unresponsive in Worker for 4.26s.  This is often caused by long-running GIL-holding functions or moving large chunks of data. This can cause timeouts and instability.
2023-05-02 22:52:19,346 - distributed.worker.memory - WARNING - Unmanaged memory use is high. This may indicate a memory leak or the memory may not be released to the OS; see https://distributed.dask.org/en/latest/worker-memory.html#memory-not-released-back-to-the-os for more information. -- Unmanaged memory: 65.31 GiB -- Worker memory limit: 93.13 GiB
2023-05-02 22:52:22,998 - distributed.worker.memory - WARNING - Worker is at 80% memory usage. Pausing worker.  Process memory: 75.35 GiB -- Worker memory limit: 93.13 GiB
2023-05-02 22:52:23,687 - distributed.worker.memory - WARNING - Worker is at 78% memory usage. Resuming worker. Process memory: 72.89 GiB -- Worker memory limit: 93.13 GiB
2023-05-02 22:52:26,544 - distributed.worker.memory - WARNING - Worker is at 80% memory usage. Pausing worker.  Process memory: 75.15 GiB -- Worker memory limit: 93.13 GiB
2023-05-02 22:52:30,587 - distributed.core - INFO - Event loop was unresponsive in Worker for 3.26s.  This is often caused by long-running GIL-holding functions or moving large chunks of data. This can cause timeouts and instability.
2023-05-02 22:52:30,881 - distributed.worker.memory - WARNING - Unmanaged memory use is high. This may indicate a memory leak or the memory may not be released to the OS; see https://distributed.dask.org/en/latest/worker-memory.html#memory-not-released-back-to-the-os for more information. -- Unmanaged memory: 77.67 GiB -- Worker memory limit: 93.13 GiB
2023-05-02 22:52:34,797 - distributed.nanny.memory - WARNING - Worker tcp://172.16.3.63:41815 (pid=282390) exceeded 95% memory budget. Restarting...
2023-05-02 22:52:41,958 - distributed.nanny - INFO - Worker process 282390 was killed by signal 15
2023-05-02 22:52:41,959 - distributed.nanny - WARNING - Restarting worker
2023-05-02 22:52:46,022 - distributed.worker - INFO -       Start worker at:    tcp://172.16.3.63:41773
2023-05-02 22:52:46,022 - distributed.worker - INFO -          Listening to:    tcp://172.16.3.63:41773
2023-05-02 22:52:46,022 - distributed.worker - INFO -           Worker name:             SLURMCluster-4
2023-05-02 22:52:46,022 - distributed.worker - INFO -          dashboard at:          172.16.3.63:43340
2023-05-02 22:52:46,022 - distributed.worker - INFO - Waiting to connect to:    tcp://172.16.3.55:40487
2023-05-02 22:52:46,022 - distributed.worker - INFO - -------------------------------------------------
2023-05-02 22:52:46,022 - distributed.worker - INFO -               Threads:                         36
2023-05-02 22:52:46,022 - distributed.worker - INFO -                Memory:                  93.13 GiB
2023-05-02 22:52:46,022 - distributed.worker - INFO -       Local Directory: /tmp/dask-worker-space/worker-r6l4l_by
2023-05-02 22:52:46,022 - distributed.worker - INFO - -------------------------------------------------
2023-05-02 22:52:46,030 - distributed.worker - INFO -         Registered to:    tcp://172.16.3.55:40487
2023-05-02 22:52:46,030 - distributed.worker - INFO - -------------------------------------------------
2023-05-02 22:52:46,031 - distributed.core - INFO - Starting established connection to tcp://172.16.3.55:40487
2023-05-02 22:57:14,445 - distributed.core - INFO - Event loop was unresponsive in Worker for 4.15s.  This is often caused by long-running GIL-holding functions or moving large chunks of data. This can cause timeouts and instability.
2023-05-02 22:57:14,821 - distributed.core - INFO - Removing comms to tcp://172.16.3.85:44210
2023-05-02 22:57:20,163 - distributed.worker.memory - WARNING - Unmanaged memory use is high. This may indicate a memory leak or the memory may not be released to the OS; see https://distributed.dask.org/en/latest/worker-memory.html#memory-not-released-back-to-the-os for more information. -- Unmanaged memory: 67.93 GiB -- Worker memory limit: 93.13 GiB
2023-05-02 22:57:20,165 - distributed.core - INFO - Removing comms to tcp://172.16.3.83:45219
2023-05-02 22:57:21,556 - distributed.worker.memory - WARNING - Worker is at 80% memory usage. Pausing worker.  Process memory: 75.00 GiB -- Worker memory limit: 93.13 GiB
2023-05-02 22:57:27,037 - distributed.core - INFO - Removing comms to tcp://172.16.3.105:38846
2023-05-02 22:57:27,596 - distributed.nanny.memory - WARNING - Worker tcp://172.16.3.63:41773 (pid=282630) exceeded 95% memory budget. Restarting...
2023-05-02 22:57:34,999 - distributed.nanny - INFO - Worker process 282630 was killed by signal 15
2023-05-02 22:57:35,008 - distributed.nanny - WARNING - Restarting worker
2023-05-02 22:57:38,837 - distributed.worker - INFO -       Start worker at:    tcp://172.16.3.63:35868
2023-05-02 22:57:38,838 - distributed.worker - INFO -          Listening to:    tcp://172.16.3.63:35868
2023-05-02 22:57:38,838 - distributed.worker - INFO -           Worker name:             SLURMCluster-4
2023-05-02 22:57:38,838 - distributed.worker - INFO -          dashboard at:          172.16.3.63:33010
2023-05-02 22:57:38,839 - distributed.worker - INFO - Waiting to connect to:    tcp://172.16.3.55:40487
2023-05-02 22:57:38,839 - distributed.worker - INFO - -------------------------------------------------
2023-05-02 22:57:38,839 - distributed.worker - INFO -               Threads:                         36
2023-05-02 22:57:38,839 - distributed.worker - INFO -                Memory:                  93.13 GiB
2023-05-02 22:57:38,839 - distributed.worker - INFO -       Local Directory: /tmp/dask-worker-space/worker-pydsp4b1
2023-05-02 22:57:38,839 - distributed.worker - INFO - -------------------------------------------------
2023-05-02 22:57:38,847 - distributed.worker - INFO -         Registered to:    tcp://172.16.3.55:40487
2023-05-02 22:57:38,847 - distributed.worker - INFO - -------------------------------------------------
2023-05-02 22:57:38,848 - distributed.core - INFO - Starting established connection to tcp://172.16.3.55:40487
slurmstepd: error: *** JOB 3081853 ON pn013 CANCELLED AT 2023-05-02T22:57:41 ***
