2023-05-02 17:12:05,635 - distributed.nanny - INFO -         Start Nanny at: 'tcp://172.16.3.105:33576'
2023-05-02 17:12:08,499 - distributed.worker - INFO -       Start worker at:   tcp://172.16.3.105:43486
2023-05-02 17:12:08,500 - distributed.worker - INFO -          Listening to:   tcp://172.16.3.105:43486
2023-05-02 17:12:08,500 - distributed.worker - INFO -           Worker name:             SLURMCluster-7
2023-05-02 17:12:08,500 - distributed.worker - INFO -          dashboard at:         172.16.3.105:35748
2023-05-02 17:12:08,500 - distributed.worker - INFO - Waiting to connect to:   tcp://172.16.3.106:33381
2023-05-02 17:12:08,500 - distributed.worker - INFO - -------------------------------------------------
2023-05-02 17:12:08,500 - distributed.worker - INFO -               Threads:                         36
2023-05-02 17:12:08,500 - distributed.worker - INFO -                Memory:                  93.13 GiB
2023-05-02 17:12:08,500 - distributed.worker - INFO -       Local Directory: /tmp/dask-worker-space/worker-b5ev9c81
2023-05-02 17:12:08,500 - distributed.worker - INFO - -------------------------------------------------
2023-05-02 17:12:09,777 - distributed.worker - INFO -         Registered to:   tcp://172.16.3.106:33381
2023-05-02 17:12:09,777 - distributed.worker - INFO - -------------------------------------------------
2023-05-02 17:12:09,777 - distributed.core - INFO - Starting established connection to tcp://172.16.3.106:33381
2023-05-02 17:12:21,237 - distributed.core - INFO - Event loop was unresponsive in Worker for 4.94s.  This is often caused by long-running GIL-holding functions or moving large chunks of data. This can cause timeouts and instability.
2023-05-02 17:12:42,644 - distributed.core - INFO - Removing comms to tcp://172.16.3.167:41791
2023-05-02 17:12:43,026 - distributed.worker.memory - WARNING - Unmanaged memory use is high. This may indicate a memory leak or the memory may not be released to the OS; see https://distributed.dask.org/en/latest/worker-memory.html#memory-not-released-back-to-the-os for more information. -- Unmanaged memory: 66.09 GiB -- Worker memory limit: 93.13 GiB
2023-05-02 17:12:43,594 - distributed.core - INFO - Removing comms to tcp://172.16.3.188:36811
2023-05-02 17:12:43,969 - distributed.worker.memory - WARNING - Worker is at 80% memory usage. Pausing worker.  Process memory: 74.78 GiB -- Worker memory limit: 93.13 GiB
2023-05-02 17:12:44,178 - distributed.worker.memory - WARNING - Worker is at 75% memory usage. Resuming worker. Process memory: 70.27 GiB -- Worker memory limit: 93.13 GiB
2023-05-02 17:12:44,578 - distributed.worker.memory - WARNING - Worker is at 80% memory usage. Pausing worker.  Process memory: 74.97 GiB -- Worker memory limit: 93.13 GiB
2023-05-02 17:12:45,696 - distributed.worker.memory - WARNING - Worker is at 78% memory usage. Resuming worker. Process memory: 73.28 GiB -- Worker memory limit: 93.13 GiB
2023-05-02 17:12:45,978 - distributed.worker.memory - WARNING - Worker is at 81% memory usage. Pausing worker.  Process memory: 76.06 GiB -- Worker memory limit: 93.13 GiB
2023-05-02 17:12:46,419 - distributed.core - INFO - Removing comms to tcp://172.16.3.187:35402
2023-05-02 17:12:47,122 - distributed.nanny.memory - WARNING - Worker tcp://172.16.3.105:43486 (pid=104065) exceeded 95% memory budget. Restarting...
2023-05-02 17:12:47,695 - distributed.nanny - INFO - Worker process 104065 was killed by signal 15
2023-05-02 17:12:47,698 - distributed.nanny - WARNING - Restarting worker
2023-05-02 17:12:53,340 - distributed.worker - INFO -       Start worker at:   tcp://172.16.3.105:32877
2023-05-02 17:12:53,341 - distributed.worker - INFO -          Listening to:   tcp://172.16.3.105:32877
2023-05-02 17:12:53,341 - distributed.worker - INFO -           Worker name:             SLURMCluster-7
2023-05-02 17:12:53,341 - distributed.worker - INFO -          dashboard at:         172.16.3.105:32955
2023-05-02 17:12:53,341 - distributed.worker - INFO - Waiting to connect to:   tcp://172.16.3.106:33381
2023-05-02 17:12:53,341 - distributed.worker - INFO - -------------------------------------------------
2023-05-02 17:12:53,341 - distributed.worker - INFO -               Threads:                         36
2023-05-02 17:12:53,341 - distributed.worker - INFO -                Memory:                  93.13 GiB
2023-05-02 17:12:53,341 - distributed.worker - INFO -       Local Directory: /tmp/dask-worker-space/worker-9czatcl8
2023-05-02 17:12:53,342 - distributed.worker - INFO - -------------------------------------------------
2023-05-02 17:12:53,351 - distributed.worker - INFO -         Registered to:   tcp://172.16.3.106:33381
2023-05-02 17:12:53,351 - distributed.worker - INFO - -------------------------------------------------
2023-05-02 17:12:53,352 - distributed.core - INFO - Starting established connection to tcp://172.16.3.106:33381
2023-05-02 17:12:59,220 - distributed.worker - ERROR - Worker stream died during communication: tcp://172.16.3.92:44880
Traceback (most recent call last):
  File "/vortexfs1/home/anthony.meza/mambaforge/envs/atm_rivers/lib/python3.10/site-packages/tornado/iostream.py", line 861, in _read_to_buffer
    bytes_read = self.read_from_fd(buf)
  File "/vortexfs1/home/anthony.meza/mambaforge/envs/atm_rivers/lib/python3.10/site-packages/tornado/iostream.py", line 1116, in read_from_fd
    return self.socket.recv_into(buf, len(buf))
ConnectionResetError: [Errno 104] Connection reset by peer

The above exception was the direct cause of the following exception:

Traceback (most recent call last):
  File "/vortexfs1/home/anthony.meza/mambaforge/envs/atm_rivers/lib/python3.10/site-packages/distributed/comm/core.py", line 329, in connect
    handshake = await wait_for(comm.read(), time_left())
  File "/vortexfs1/home/anthony.meza/mambaforge/envs/atm_rivers/lib/python3.10/site-packages/distributed/utils.py", line 1850, in wait_for
    return await asyncio.wait_for(fut, timeout)
  File "/vortexfs1/home/anthony.meza/mambaforge/envs/atm_rivers/lib/python3.10/asyncio/tasks.py", line 445, in wait_for
    return fut.result()
  File "/vortexfs1/home/anthony.meza/mambaforge/envs/atm_rivers/lib/python3.10/site-packages/distributed/comm/tcp.py", line 241, in read
    convert_stream_closed_error(self, e)
  File "/vortexfs1/home/anthony.meza/mambaforge/envs/atm_rivers/lib/python3.10/site-packages/distributed/comm/tcp.py", line 142, in convert_stream_closed_error
    raise CommClosedError(f"in {obj}: {exc.__class__.__name__}: {exc}") from exc
distributed.comm.core.CommClosedError: in <TCP (closed)  local=tcp://172.16.3.105:34948 remote=tcp://172.16.3.92:44880>: ConnectionResetError: [Errno 104] Connection reset by peer

The above exception was the direct cause of the following exception:

Traceback (most recent call last):
  File "/vortexfs1/home/anthony.meza/mambaforge/envs/atm_rivers/lib/python3.10/site-packages/distributed/worker.py", line 2056, in gather_dep
    response = await get_data_from_worker(
  File "/vortexfs1/home/anthony.meza/mambaforge/envs/atm_rivers/lib/python3.10/site-packages/distributed/worker.py", line 2888, in get_data_from_worker
    comm = await rpc.connect(worker)
  File "/vortexfs1/home/anthony.meza/mambaforge/envs/atm_rivers/lib/python3.10/site-packages/distributed/core.py", line 1509, in connect
    return await connect_attempt
  File "/vortexfs1/home/anthony.meza/mambaforge/envs/atm_rivers/lib/python3.10/site-packages/distributed/core.py", line 1430, in _connect
    comm = await connect(
  File "/vortexfs1/home/anthony.meza/mambaforge/envs/atm_rivers/lib/python3.10/site-packages/distributed/comm/core.py", line 334, in connect
    raise OSError(
OSError: Timed out during handshake while connecting to tcp://172.16.3.92:44880 after 30 s
2023-05-02 17:12:59,299 - distributed.core - INFO - Removing comms to tcp://172.16.3.92:44880
2023-05-02 17:13:11,984 - distributed.core - INFO - Removing comms to tcp://172.16.3.188:45019
2023-05-02 17:13:12,705 - distributed.core - INFO - Removing comms to tcp://172.16.3.167:39899
2023-05-02 17:13:14,699 - distributed.worker.memory - WARNING - Unmanaged memory use is high. This may indicate a memory leak or the memory may not be released to the OS; see https://distributed.dask.org/en/latest/worker-memory.html#memory-not-released-back-to-the-os for more information. -- Unmanaged memory: 66.19 GiB -- Worker memory limit: 93.13 GiB
2023-05-02 17:13:17,508 - distributed.worker.memory - WARNING - Worker is at 83% memory usage. Pausing worker.  Process memory: 78.14 GiB -- Worker memory limit: 93.13 GiB
2023-05-02 17:13:19,522 - distributed.nanny.memory - WARNING - Worker tcp://172.16.3.105:32877 (pid=104165) exceeded 95% memory budget. Restarting...
2023-05-02 17:13:20,166 - distributed.nanny - INFO - Worker process 104165 was killed by signal 15
2023-05-02 17:13:20,169 - distributed.nanny - WARNING - Restarting worker
slurmstepd: error: *** JOB 3081367 ON pn055 CANCELLED AT 2023-05-02T17:13:25 ***
