2023-05-03 09:14:48,757 - distributed.nanny - INFO -         Start Nanny at: 'tcp://172.16.3.169:46475'
2023-05-03 09:14:57,086 - distributed.worker - INFO -       Start worker at:   tcp://172.16.3.169:39906
2023-05-03 09:14:57,086 - distributed.worker - INFO -          Listening to:   tcp://172.16.3.169:39906
2023-05-03 09:14:57,086 - distributed.worker - INFO -           Worker name:             SLURMCluster-3
2023-05-03 09:14:57,086 - distributed.worker - INFO -          dashboard at:         172.16.3.169:39939
2023-05-03 09:14:57,086 - distributed.worker - INFO - Waiting to connect to:   tcp://172.16.3.158:44759
2023-05-03 09:14:57,086 - distributed.worker - INFO - -------------------------------------------------
2023-05-03 09:14:57,086 - distributed.worker - INFO -               Threads:                         36
2023-05-03 09:14:57,086 - distributed.worker - INFO -                Memory:                 178.81 GiB
2023-05-03 09:14:57,086 - distributed.worker - INFO -       Local Directory: /tmp/dask-worker-space/worker-wldd0e7t
2023-05-03 09:14:57,086 - distributed.worker - INFO - -------------------------------------------------
2023-05-03 09:14:57,092 - distributed.worker - INFO -         Registered to:   tcp://172.16.3.158:44759
2023-05-03 09:14:57,093 - distributed.worker - INFO - -------------------------------------------------
2023-05-03 09:14:57,093 - distributed.core - INFO - Starting established connection to tcp://172.16.3.158:44759
2023-05-03 09:18:38,668 - distributed.utils_perf - INFO - full garbage collection released 0.98 GiB from 901 reference cycles (threshold: 9.54 MiB)
2023-05-03 09:18:45,881 - distributed.utils_perf - INFO - full garbage collection released 803.46 MiB from 20 reference cycles (threshold: 9.54 MiB)
2023-05-03 09:19:14,674 - distributed.utils_perf - INFO - full garbage collection released 712.37 MiB from 720 reference cycles (threshold: 9.54 MiB)
2023-05-03 09:19:31,626 - distributed.utils_perf - INFO - full garbage collection released 123.01 MiB from 459 reference cycles (threshold: 9.54 MiB)
2023-05-03 09:19:36,711 - distributed.utils_perf - INFO - full garbage collection released 27.38 MiB from 552 reference cycles (threshold: 9.54 MiB)
2023-05-03 09:20:08,243 - distributed.utils_perf - INFO - full garbage collection released 14.68 MiB from 639 reference cycles (threshold: 9.54 MiB)
2023-05-03 09:20:22,979 - distributed.utils_perf - INFO - full garbage collection released 54.59 MiB from 619 reference cycles (threshold: 9.54 MiB)
2023-05-03 09:21:01,269 - distributed.core - INFO - Event loop was unresponsive in Worker for 14.29s.  This is often caused by long-running GIL-holding functions or moving large chunks of data. This can cause timeouts and instability.
2023-05-03 09:21:27,522 - distributed.core - INFO - Event loop was unresponsive in Worker for 19.37s.  This is often caused by long-running GIL-holding functions or moving large chunks of data. This can cause timeouts and instability.
2023-05-03 09:21:41,283 - distributed.core - INFO - Event loop was unresponsive in Worker for 12.00s.  This is often caused by long-running GIL-holding functions or moving large chunks of data. This can cause timeouts and instability.
2023-05-03 09:21:54,750 - distributed.core - INFO - Event loop was unresponsive in Worker for 7.97s.  This is often caused by long-running GIL-holding functions or moving large chunks of data. This can cause timeouts and instability.
2023-05-03 09:21:59,263 - distributed.core - INFO - Event loop was unresponsive in Worker for 3.76s.  This is often caused by long-running GIL-holding functions or moving large chunks of data. This can cause timeouts and instability.
2023-05-03 09:22:15,809 - distributed.core - INFO - Event loop was unresponsive in Worker for 16.02s.  This is often caused by long-running GIL-holding functions or moving large chunks of data. This can cause timeouts and instability.
2023-05-03 09:22:19,071 - distributed.core - INFO - Event loop was unresponsive in Worker for 3.26s.  This is often caused by long-running GIL-holding functions or moving large chunks of data. This can cause timeouts and instability.
2023-05-03 09:22:34,614 - distributed.core - INFO - Event loop was unresponsive in Worker for 3.11s.  This is often caused by long-running GIL-holding functions or moving large chunks of data. This can cause timeouts and instability.
2023-05-03 09:22:44,754 - distributed.core - INFO - Event loop was unresponsive in Worker for 3.06s.  This is often caused by long-running GIL-holding functions or moving large chunks of data. This can cause timeouts and instability.
2023-05-03 09:22:51,054 - distributed.core - INFO - Event loop was unresponsive in Worker for 3.30s.  This is often caused by long-running GIL-holding functions or moving large chunks of data. This can cause timeouts and instability.
2023-05-03 09:22:56,952 - distributed.core - INFO - Event loop was unresponsive in Worker for 3.19s.  This is often caused by long-running GIL-holding functions or moving large chunks of data. This can cause timeouts and instability.
2023-05-03 09:23:03,234 - distributed.core - INFO - Event loop was unresponsive in Worker for 3.16s.  This is often caused by long-running GIL-holding functions or moving large chunks of data. This can cause timeouts and instability.
2023-05-03 09:23:06,213 - distributed.worker - ERROR - failed during get data with tcp://172.16.3.169:39906 -> tcp://172.16.3.88:33948
Traceback (most recent call last):
  File "/vortexfs1/home/anthony.meza/mambaforge/envs/atm_rivers/lib/python3.10/site-packages/tornado/iostream.py", line 861, in _read_to_buffer
    bytes_read = self.read_from_fd(buf)
  File "/vortexfs1/home/anthony.meza/mambaforge/envs/atm_rivers/lib/python3.10/site-packages/tornado/iostream.py", line 1116, in read_from_fd
    return self.socket.recv_into(buf, len(buf))
TimeoutError: [Errno 110] Connection timed out

The above exception was the direct cause of the following exception:

Traceback (most recent call last):
  File "/vortexfs1/home/anthony.meza/mambaforge/envs/atm_rivers/lib/python3.10/site-packages/distributed/worker.py", line 1783, in get_data
    response = await comm.read(deserializers=serializers)
  File "/vortexfs1/home/anthony.meza/mambaforge/envs/atm_rivers/lib/python3.10/site-packages/distributed/comm/tcp.py", line 241, in read
    convert_stream_closed_error(self, e)
  File "/vortexfs1/home/anthony.meza/mambaforge/envs/atm_rivers/lib/python3.10/site-packages/distributed/comm/tcp.py", line 142, in convert_stream_closed_error
    raise CommClosedError(f"in {obj}: {exc.__class__.__name__}: {exc}") from exc
distributed.comm.core.CommClosedError: in <TCP (closed)  local=tcp://172.16.3.169:39906 remote=tcp://172.16.3.88:35163>: TimeoutError: [Errno 110] Connection timed out
2023-05-03 09:23:06,224 - distributed.core - INFO - Lost connection to 'tcp://172.16.3.88:35163'
Traceback (most recent call last):
  File "/vortexfs1/home/anthony.meza/mambaforge/envs/atm_rivers/lib/python3.10/site-packages/tornado/iostream.py", line 861, in _read_to_buffer
    bytes_read = self.read_from_fd(buf)
  File "/vortexfs1/home/anthony.meza/mambaforge/envs/atm_rivers/lib/python3.10/site-packages/tornado/iostream.py", line 1116, in read_from_fd
    return self.socket.recv_into(buf, len(buf))
TimeoutError: [Errno 110] Connection timed out

The above exception was the direct cause of the following exception:

Traceback (most recent call last):
  File "/vortexfs1/home/anthony.meza/mambaforge/envs/atm_rivers/lib/python3.10/site-packages/distributed/core.py", line 831, in _handle_comm
    result = await result
  File "/vortexfs1/home/anthony.meza/mambaforge/envs/atm_rivers/lib/python3.10/site-packages/distributed/core.py", line 990, in wrapper
    return await func(self, *args, **kwargs)
  File "/vortexfs1/home/anthony.meza/mambaforge/envs/atm_rivers/lib/python3.10/site-packages/distributed/worker.py", line 1783, in get_data
    response = await comm.read(deserializers=serializers)
  File "/vortexfs1/home/anthony.meza/mambaforge/envs/atm_rivers/lib/python3.10/site-packages/distributed/comm/tcp.py", line 241, in read
    convert_stream_closed_error(self, e)
  File "/vortexfs1/home/anthony.meza/mambaforge/envs/atm_rivers/lib/python3.10/site-packages/distributed/comm/tcp.py", line 142, in convert_stream_closed_error
    raise CommClosedError(f"in {obj}: {exc.__class__.__name__}: {exc}") from exc
distributed.comm.core.CommClosedError: in <TCP (closed)  local=tcp://172.16.3.169:39906 remote=tcp://172.16.3.88:35163>: TimeoutError: [Errno 110] Connection timed out
2023-05-03 09:23:15,219 - distributed.core - INFO - Event loop was unresponsive in Worker for 3.44s.  This is often caused by long-running GIL-holding functions or moving large chunks of data. This can cause timeouts and instability.
2023-05-03 09:23:26,197 - distributed.core - INFO - Event loop was unresponsive in Worker for 4.57s.  This is often caused by long-running GIL-holding functions or moving large chunks of data. This can cause timeouts and instability.
2023-05-03 09:23:37,632 - distributed.core - INFO - Event loop was unresponsive in Worker for 4.09s.  This is often caused by long-running GIL-holding functions or moving large chunks of data. This can cause timeouts and instability.
2023-05-03 09:23:48,764 - distributed.core - INFO - Event loop was unresponsive in Worker for 6.37s.  This is often caused by long-running GIL-holding functions or moving large chunks of data. This can cause timeouts and instability.
2023-05-03 09:24:00,048 - distributed.core - INFO - Event loop was unresponsive in Worker for 4.16s.  This is often caused by long-running GIL-holding functions or moving large chunks of data. This can cause timeouts and instability.
2023-05-03 09:24:11,359 - distributed.core - INFO - Event loop was unresponsive in Worker for 3.36s.  This is often caused by long-running GIL-holding functions or moving large chunks of data. This can cause timeouts and instability.
2023-05-03 09:24:15,887 - distributed.core - INFO - Event loop was unresponsive in Worker for 4.41s.  This is often caused by long-running GIL-holding functions or moving large chunks of data. This can cause timeouts and instability.
2023-05-03 09:24:29,801 - distributed.core - INFO - Event loop was unresponsive in Worker for 4.76s.  This is often caused by long-running GIL-holding functions or moving large chunks of data. This can cause timeouts and instability.
2023-05-03 09:24:39,321 - distributed.core - INFO - Event loop was unresponsive in Worker for 3.41s.  This is often caused by long-running GIL-holding functions or moving large chunks of data. This can cause timeouts and instability.
2023-05-03 09:24:48,337 - distributed.core - INFO - Event loop was unresponsive in Worker for 6.27s.  This is often caused by long-running GIL-holding functions or moving large chunks of data. This can cause timeouts and instability.
2023-05-03 09:25:01,721 - distributed.core - INFO - Event loop was unresponsive in Worker for 5.18s.  This is often caused by long-running GIL-holding functions or moving large chunks of data. This can cause timeouts and instability.
2023-05-03 09:25:10,540 - distributed.core - INFO - Event loop was unresponsive in Worker for 8.23s.  This is often caused by long-running GIL-holding functions or moving large chunks of data. This can cause timeouts and instability.
2023-05-03 09:25:26,089 - distributed.core - INFO - Event loop was unresponsive in Worker for 15.28s.  This is often caused by long-running GIL-holding functions or moving large chunks of data. This can cause timeouts and instability.
2023-05-03 09:25:30,731 - distributed.core - INFO - Event loop was unresponsive in Worker for 4.64s.  This is often caused by long-running GIL-holding functions or moving large chunks of data. This can cause timeouts and instability.
2023-05-03 09:25:48,944 - distributed.core - INFO - Event loop was unresponsive in Worker for 17.27s.  This is often caused by long-running GIL-holding functions or moving large chunks of data. This can cause timeouts and instability.
2023-05-03 09:26:07,716 - distributed.core - INFO - Event loop was unresponsive in Worker for 7.08s.  This is often caused by long-running GIL-holding functions or moving large chunks of data. This can cause timeouts and instability.
2023-05-03 09:26:22,855 - distributed.core - INFO - Event loop was unresponsive in Worker for 5.08s.  This is often caused by long-running GIL-holding functions or moving large chunks of data. This can cause timeouts and instability.
2023-05-03 09:26:32,661 - distributed.core - INFO - Event loop was unresponsive in Worker for 9.81s.  This is often caused by long-running GIL-holding functions or moving large chunks of data. This can cause timeouts and instability.
2023-05-03 09:26:41,692 - distributed.core - INFO - Event loop was unresponsive in Worker for 9.03s.  This is often caused by long-running GIL-holding functions or moving large chunks of data. This can cause timeouts and instability.
2023-05-03 09:26:43,324 - distributed.utils_perf - WARNING - full garbage collections took 20% CPU time recently (threshold: 10%)
2023-05-03 09:26:47,153 - distributed.utils_perf - WARNING - full garbage collections took 20% CPU time recently (threshold: 10%)
2023-05-03 09:26:53,986 - distributed.core - INFO - Event loop was unresponsive in Worker for 3.35s.  This is often caused by long-running GIL-holding functions or moving large chunks of data. This can cause timeouts and instability.
2023-05-03 09:26:57,631 - distributed.utils_perf - WARNING - full garbage collections took 21% CPU time recently (threshold: 10%)
2023-05-03 09:27:33,128 - distributed.utils_perf - WARNING - full garbage collections took 20% CPU time recently (threshold: 10%)
2023-05-03 09:27:34,855 - distributed.utils_perf - WARNING - full garbage collections took 20% CPU time recently (threshold: 10%)
2023-05-03 09:27:37,539 - distributed.utils_perf - WARNING - full garbage collections took 20% CPU time recently (threshold: 10%)
2023-05-03 09:27:39,723 - distributed.utils_perf - WARNING - full garbage collections took 21% CPU time recently (threshold: 10%)
2023-05-03 09:27:47,364 - distributed.utils_perf - WARNING - full garbage collections took 21% CPU time recently (threshold: 10%)
2023-05-03 09:27:53,088 - distributed.core - INFO - Event loop was unresponsive in Worker for 3.09s.  This is often caused by long-running GIL-holding functions or moving large chunks of data. This can cause timeouts and instability.
2023-05-03 09:29:04,103 - distributed.utils_perf - WARNING - full garbage collections took 20% CPU time recently (threshold: 10%)
2023-05-03 09:29:05,912 - distributed.utils_perf - WARNING - full garbage collections took 20% CPU time recently (threshold: 10%)
2023-05-03 09:29:13,152 - distributed.utils_perf - WARNING - full garbage collections took 20% CPU time recently (threshold: 10%)
2023-05-03 09:29:14,924 - distributed.utils_perf - WARNING - full garbage collections took 20% CPU time recently (threshold: 10%)
2023-05-03 09:29:18,194 - distributed.utils_perf - WARNING - full garbage collections took 20% CPU time recently (threshold: 10%)
2023-05-03 09:29:21,271 - distributed.utils_perf - WARNING - full garbage collections took 20% CPU time recently (threshold: 10%)
2023-05-03 09:29:27,463 - distributed.utils_perf - WARNING - full garbage collections took 19% CPU time recently (threshold: 10%)
2023-05-03 09:30:06,602 - distributed.utils_perf - WARNING - full garbage collections took 19% CPU time recently (threshold: 10%)
2023-05-03 09:30:44,871 - distributed.core - INFO - Removing comms to tcp://172.16.3.62:35035
2023-05-03 09:30:44,968 - distributed.worker - ERROR - Worker stream died during communication: tcp://172.16.3.62:35035
Traceback (most recent call last):
  File "/vortexfs1/home/anthony.meza/mambaforge/envs/atm_rivers/lib/python3.10/site-packages/distributed/comm/tcp.py", line 235, in read
    n = await stream.read_into(chunk)
tornado.iostream.StreamClosedError: Stream is closed

The above exception was the direct cause of the following exception:

Traceback (most recent call last):
  File "/vortexfs1/home/anthony.meza/mambaforge/envs/atm_rivers/lib/python3.10/site-packages/distributed/worker.py", line 2056, in gather_dep
    response = await get_data_from_worker(
  File "/vortexfs1/home/anthony.meza/mambaforge/envs/atm_rivers/lib/python3.10/site-packages/distributed/worker.py", line 2891, in get_data_from_worker
    response = await send_recv(
  File "/vortexfs1/home/anthony.meza/mambaforge/envs/atm_rivers/lib/python3.10/site-packages/distributed/core.py", line 1027, in send_recv
    response = await comm.read(deserializers=deserializers)
  File "/vortexfs1/home/anthony.meza/mambaforge/envs/atm_rivers/lib/python3.10/site-packages/distributed/comm/tcp.py", line 241, in read
    convert_stream_closed_error(self, e)
  File "/vortexfs1/home/anthony.meza/mambaforge/envs/atm_rivers/lib/python3.10/site-packages/distributed/comm/tcp.py", line 144, in convert_stream_closed_error
    raise CommClosedError(f"in {obj}: {exc}") from exc
distributed.comm.core.CommClosedError: in <TCP (closed) Ephemeral Worker->Worker for gather local=tcp://172.16.3.169:35481 remote=tcp://172.16.3.62:35035>: Stream is closed
2023-05-03 09:30:57,119 - distributed.utils_perf - WARNING - full garbage collections took 19% CPU time recently (threshold: 10%)
2023-05-03 09:31:10,039 - distributed.utils_perf - WARNING - full garbage collections took 18% CPU time recently (threshold: 10%)
2023-05-03 09:31:10,039 - distributed.utils_perf - INFO - full garbage collection released 1.05 GiB from 699 reference cycles (threshold: 9.54 MiB)
2023-05-03 09:31:22,045 - distributed.utils_perf - WARNING - full garbage collections took 17% CPU time recently (threshold: 10%)
2023-05-03 09:31:22,046 - distributed.utils_perf - INFO - full garbage collection released 1.16 GiB from 500 reference cycles (threshold: 9.54 MiB)
2023-05-03 09:31:40,059 - distributed.utils_perf - WARNING - full garbage collections took 17% CPU time recently (threshold: 10%)
2023-05-03 09:31:53,086 - distributed.core - INFO - Event loop was unresponsive in Worker for 4.95s.  This is often caused by long-running GIL-holding functions or moving large chunks of data. This can cause timeouts and instability.
2023-05-03 09:32:03,688 - distributed.core - INFO - Event loop was unresponsive in Worker for 10.60s.  This is often caused by long-running GIL-holding functions or moving large chunks of data. This can cause timeouts and instability.
2023-05-03 09:32:14,734 - distributed.utils_perf - WARNING - full garbage collections took 16% CPU time recently (threshold: 10%)
2023-05-03 09:32:22,538 - distributed.utils_perf - WARNING - full garbage collections took 16% CPU time recently (threshold: 10%)
2023-05-03 09:32:31,260 - distributed.utils_perf - WARNING - full garbage collections took 16% CPU time recently (threshold: 10%)
2023-05-03 09:32:49,143 - distributed.utils_perf - WARNING - full garbage collections took 16% CPU time recently (threshold: 10%)
2023-05-03 09:33:10,151 - distributed.utils_perf - WARNING - full garbage collections took 16% CPU time recently (threshold: 10%)
2023-05-03 09:33:19,659 - distributed.core - INFO - Removing comms to tcp://172.16.3.105:44979
2023-05-03 09:33:19,682 - distributed.worker - ERROR - Worker stream died during communication: tcp://172.16.3.105:44979
Traceback (most recent call last):
  File "/vortexfs1/home/anthony.meza/mambaforge/envs/atm_rivers/lib/python3.10/site-packages/distributed/comm/tcp.py", line 225, in read
    frames_nbytes = await stream.read_bytes(fmt_size)
tornado.iostream.StreamClosedError: Stream is closed

The above exception was the direct cause of the following exception:

Traceback (most recent call last):
  File "/vortexfs1/home/anthony.meza/mambaforge/envs/atm_rivers/lib/python3.10/site-packages/distributed/worker.py", line 2056, in gather_dep
    response = await get_data_from_worker(
  File "/vortexfs1/home/anthony.meza/mambaforge/envs/atm_rivers/lib/python3.10/site-packages/distributed/worker.py", line 2891, in get_data_from_worker
    response = await send_recv(
  File "/vortexfs1/home/anthony.meza/mambaforge/envs/atm_rivers/lib/python3.10/site-packages/distributed/core.py", line 1027, in send_recv
    response = await comm.read(deserializers=deserializers)
  File "/vortexfs1/home/anthony.meza/mambaforge/envs/atm_rivers/lib/python3.10/site-packages/distributed/comm/tcp.py", line 241, in read
    convert_stream_closed_error(self, e)
  File "/vortexfs1/home/anthony.meza/mambaforge/envs/atm_rivers/lib/python3.10/site-packages/distributed/comm/tcp.py", line 144, in convert_stream_closed_error
    raise CommClosedError(f"in {obj}: {exc}") from exc
distributed.comm.core.CommClosedError: in <TCP (closed) Ephemeral Worker->Worker for gather local=tcp://172.16.3.169:55923 remote=tcp://172.16.3.105:44979>: Stream is closed
2023-05-03 09:33:44,930 - distributed.worker - ERROR - failed during get data with tcp://172.16.3.169:39906 -> tcp://172.16.3.105:44979
Traceback (most recent call last):
  File "/vortexfs1/home/anthony.meza/mambaforge/envs/atm_rivers/lib/python3.10/site-packages/tornado/iostream.py", line 861, in _read_to_buffer
    bytes_read = self.read_from_fd(buf)
  File "/vortexfs1/home/anthony.meza/mambaforge/envs/atm_rivers/lib/python3.10/site-packages/tornado/iostream.py", line 1116, in read_from_fd
    return self.socket.recv_into(buf, len(buf))
ConnectionResetError: [Errno 104] Connection reset by peer

The above exception was the direct cause of the following exception:

Traceback (most recent call last):
  File "/vortexfs1/home/anthony.meza/mambaforge/envs/atm_rivers/lib/python3.10/site-packages/distributed/worker.py", line 1783, in get_data
    response = await comm.read(deserializers=serializers)
  File "/vortexfs1/home/anthony.meza/mambaforge/envs/atm_rivers/lib/python3.10/site-packages/distributed/comm/tcp.py", line 241, in read
    convert_stream_closed_error(self, e)
  File "/vortexfs1/home/anthony.meza/mambaforge/envs/atm_rivers/lib/python3.10/site-packages/distributed/comm/tcp.py", line 142, in convert_stream_closed_error
    raise CommClosedError(f"in {obj}: {exc.__class__.__name__}: {exc}") from exc
distributed.comm.core.CommClosedError: in <TCP (closed)  local=tcp://172.16.3.169:39906 remote=tcp://172.16.3.105:48022>: ConnectionResetError: [Errno 104] Connection reset by peer
2023-05-03 09:33:44,931 - distributed.core - INFO - Lost connection to 'tcp://172.16.3.105:48022'
Traceback (most recent call last):
  File "/vortexfs1/home/anthony.meza/mambaforge/envs/atm_rivers/lib/python3.10/site-packages/tornado/iostream.py", line 861, in _read_to_buffer
    bytes_read = self.read_from_fd(buf)
  File "/vortexfs1/home/anthony.meza/mambaforge/envs/atm_rivers/lib/python3.10/site-packages/tornado/iostream.py", line 1116, in read_from_fd
    return self.socket.recv_into(buf, len(buf))
ConnectionResetError: [Errno 104] Connection reset by peer

The above exception was the direct cause of the following exception:

Traceback (most recent call last):
  File "/vortexfs1/home/anthony.meza/mambaforge/envs/atm_rivers/lib/python3.10/site-packages/distributed/core.py", line 831, in _handle_comm
    result = await result
  File "/vortexfs1/home/anthony.meza/mambaforge/envs/atm_rivers/lib/python3.10/site-packages/distributed/core.py", line 990, in wrapper
    return await func(self, *args, **kwargs)
  File "/vortexfs1/home/anthony.meza/mambaforge/envs/atm_rivers/lib/python3.10/site-packages/distributed/worker.py", line 1783, in get_data
    response = await comm.read(deserializers=serializers)
  File "/vortexfs1/home/anthony.meza/mambaforge/envs/atm_rivers/lib/python3.10/site-packages/distributed/comm/tcp.py", line 241, in read
    convert_stream_closed_error(self, e)
  File "/vortexfs1/home/anthony.meza/mambaforge/envs/atm_rivers/lib/python3.10/site-packages/distributed/comm/tcp.py", line 142, in convert_stream_closed_error
    raise CommClosedError(f"in {obj}: {exc.__class__.__name__}: {exc}") from exc
distributed.comm.core.CommClosedError: in <TCP (closed)  local=tcp://172.16.3.169:39906 remote=tcp://172.16.3.105:48022>: ConnectionResetError: [Errno 104] Connection reset by peer
2023-05-03 09:33:59,980 - distributed.utils_perf - WARNING - full garbage collections took 14% CPU time recently (threshold: 10%)
2023-05-03 09:34:55,598 - distributed.utils_perf - WARNING - full garbage collections took 14% CPU time recently (threshold: 10%)
2023-05-03 09:35:25,919 - distributed.core - INFO - Connection to tcp://172.16.3.158:44759 has been closed.
2023-05-03 09:35:25,919 - distributed.worker - INFO - Stopping worker at tcp://172.16.3.169:39906. Reason: worker-handle-scheduler-connection-broken
2023-05-03 09:35:25,925 - distributed.worker - ERROR - Failed to communicate with scheduler during heartbeat.
Traceback (most recent call last):
  File "/vortexfs1/home/anthony.meza/mambaforge/envs/atm_rivers/lib/python3.10/site-packages/tornado/iostream.py", line 861, in _read_to_buffer
    bytes_read = self.read_from_fd(buf)
  File "/vortexfs1/home/anthony.meza/mambaforge/envs/atm_rivers/lib/python3.10/site-packages/tornado/iostream.py", line 1116, in read_from_fd
    return self.socket.recv_into(buf, len(buf))
ConnectionResetError: [Errno 104] Connection reset by peer

The above exception was the direct cause of the following exception:

Traceback (most recent call last):
  File "/vortexfs1/home/anthony.meza/mambaforge/envs/atm_rivers/lib/python3.10/site-packages/distributed/worker.py", line 1234, in heartbeat
    response = await retry_operation(
  File "/vortexfs1/home/anthony.meza/mambaforge/envs/atm_rivers/lib/python3.10/site-packages/distributed/utils_comm.py", line 434, in retry_operation
    return await retry(
  File "/vortexfs1/home/anthony.meza/mambaforge/envs/atm_rivers/lib/python3.10/site-packages/distributed/utils_comm.py", line 413, in retry
    return await coro()
  File "/vortexfs1/home/anthony.meza/mambaforge/envs/atm_rivers/lib/python3.10/site-packages/distributed/core.py", line 1268, in send_recv_from_rpc
    return await send_recv(comm=comm, op=key, **kwargs)
  File "/vortexfs1/home/anthony.meza/mambaforge/envs/atm_rivers/lib/python3.10/site-packages/distributed/core.py", line 1027, in send_recv
    response = await comm.read(deserializers=deserializers)
  File "/vortexfs1/home/anthony.meza/mambaforge/envs/atm_rivers/lib/python3.10/site-packages/distributed/comm/tcp.py", line 241, in read
    convert_stream_closed_error(self, e)
  File "/vortexfs1/home/anthony.meza/mambaforge/envs/atm_rivers/lib/python3.10/site-packages/distributed/comm/tcp.py", line 142, in convert_stream_closed_error
    raise CommClosedError(f"in {obj}: {exc.__class__.__name__}: {exc}") from exc
distributed.comm.core.CommClosedError: in <TCP (closed) ConnectionPool.heartbeat_worker local=tcp://172.16.3.169:49811 remote=tcp://172.16.3.158:44759>: ConnectionResetError: [Errno 104] Connection reset by peer
2023-05-03 09:35:25,931 - distributed.worker - ERROR - failed during get data with tcp://172.16.3.169:39906 -> tcp://172.16.3.93:41353
Traceback (most recent call last):
  File "/vortexfs1/home/anthony.meza/mambaforge/envs/atm_rivers/lib/python3.10/site-packages/distributed/comm/tcp.py", line 225, in read
    frames_nbytes = await stream.read_bytes(fmt_size)
tornado.iostream.StreamClosedError: Stream is closed

The above exception was the direct cause of the following exception:

Traceback (most recent call last):
  File "/vortexfs1/home/anthony.meza/mambaforge/envs/atm_rivers/lib/python3.10/site-packages/distributed/worker.py", line 1783, in get_data
    response = await comm.read(deserializers=serializers)
  File "/vortexfs1/home/anthony.meza/mambaforge/envs/atm_rivers/lib/python3.10/site-packages/distributed/comm/tcp.py", line 241, in read
    convert_stream_closed_error(self, e)
  File "/vortexfs1/home/anthony.meza/mambaforge/envs/atm_rivers/lib/python3.10/site-packages/distributed/comm/tcp.py", line 144, in convert_stream_closed_error
    raise CommClosedError(f"in {obj}: {exc}") from exc
distributed.comm.core.CommClosedError: in <TCP (closed)  local=tcp://172.16.3.169:39906 remote=tcp://172.16.3.93:47640>: Stream is closed
2023-05-03 09:35:25,934 - distributed.worker - ERROR - failed during get data with tcp://172.16.3.169:39906 -> tcp://172.16.3.88:33948
Traceback (most recent call last):
  File "/vortexfs1/home/anthony.meza/mambaforge/envs/atm_rivers/lib/python3.10/site-packages/distributed/comm/tcp.py", line 225, in read
    frames_nbytes = await stream.read_bytes(fmt_size)
tornado.iostream.StreamClosedError: Stream is closed

The above exception was the direct cause of the following exception:

Traceback (most recent call last):
  File "/vortexfs1/home/anthony.meza/mambaforge/envs/atm_rivers/lib/python3.10/site-packages/distributed/worker.py", line 1783, in get_data
    response = await comm.read(deserializers=serializers)
  File "/vortexfs1/home/anthony.meza/mambaforge/envs/atm_rivers/lib/python3.10/site-packages/distributed/comm/tcp.py", line 241, in read
    convert_stream_closed_error(self, e)
  File "/vortexfs1/home/anthony.meza/mambaforge/envs/atm_rivers/lib/python3.10/site-packages/distributed/comm/tcp.py", line 144, in convert_stream_closed_error
    raise CommClosedError(f"in {obj}: {exc}") from exc
distributed.comm.core.CommClosedError: in <TCP (closed)  local=tcp://172.16.3.169:39906 remote=tcp://172.16.3.88:35253>: Stream is closed
2023-05-03 09:35:26,359 - distributed.worker - ERROR - failed during get data with tcp://172.16.3.169:39906 -> tcp://172.16.3.61:35519
Traceback (most recent call last):
  File "/vortexfs1/home/anthony.meza/mambaforge/envs/atm_rivers/lib/python3.10/site-packages/distributed/comm/tcp.py", line 225, in read
    frames_nbytes = await stream.read_bytes(fmt_size)
tornado.iostream.StreamClosedError: Stream is closed

The above exception was the direct cause of the following exception:

Traceback (most recent call last):
  File "/vortexfs1/home/anthony.meza/mambaforge/envs/atm_rivers/lib/python3.10/site-packages/distributed/worker.py", line 1783, in get_data
    response = await comm.read(deserializers=serializers)
  File "/vortexfs1/home/anthony.meza/mambaforge/envs/atm_rivers/lib/python3.10/site-packages/distributed/comm/tcp.py", line 241, in read
    convert_stream_closed_error(self, e)
  File "/vortexfs1/home/anthony.meza/mambaforge/envs/atm_rivers/lib/python3.10/site-packages/distributed/comm/tcp.py", line 144, in convert_stream_closed_error
    raise CommClosedError(f"in {obj}: {exc}") from exc
distributed.comm.core.CommClosedError: in <TCP (closed)  local=tcp://172.16.3.169:39906 remote=tcp://172.16.3.61:45741>: Stream is closed
2023-05-03 09:35:26,619 - distributed.nanny - INFO - Closing Nanny gracefully at 'tcp://172.16.3.169:46475'. Reason: worker-handle-scheduler-connection-broken
2023-05-03 09:35:26,730 - distributed.worker - ERROR - failed during get data with tcp://172.16.3.169:39906 -> tcp://172.16.3.167:38996
Traceback (most recent call last):
  File "/vortexfs1/home/anthony.meza/mambaforge/envs/atm_rivers/lib/python3.10/site-packages/distributed/comm/tcp.py", line 317, in write
    raise StreamClosedError()
tornado.iostream.StreamClosedError: Stream is closed

The above exception was the direct cause of the following exception:

Traceback (most recent call last):
  File "/vortexfs1/home/anthony.meza/mambaforge/envs/atm_rivers/lib/python3.10/site-packages/distributed/worker.py", line 1782, in get_data
    compressed = await comm.write(msg, serializers=serializers)
  File "/vortexfs1/home/anthony.meza/mambaforge/envs/atm_rivers/lib/python3.10/site-packages/distributed/comm/tcp.py", line 328, in write
    convert_stream_closed_error(self, e)
  File "/vortexfs1/home/anthony.meza/mambaforge/envs/atm_rivers/lib/python3.10/site-packages/distributed/comm/tcp.py", line 144, in convert_stream_closed_error
    raise CommClosedError(f"in {obj}: {exc}") from exc
distributed.comm.core.CommClosedError: in <TCP (closed)  local=tcp://172.16.3.169:39906 remote=tcp://172.16.3.167:46203>: Stream is closed
2023-05-03 09:35:27,170 - distributed.worker - ERROR - failed during get data with tcp://172.16.3.169:39906 -> tcp://172.16.3.168:39334
Traceback (most recent call last):
  File "/vortexfs1/home/anthony.meza/mambaforge/envs/atm_rivers/lib/python3.10/site-packages/tornado/iostream.py", line 861, in _read_to_buffer
    bytes_read = self.read_from_fd(buf)
  File "/vortexfs1/home/anthony.meza/mambaforge/envs/atm_rivers/lib/python3.10/site-packages/tornado/iostream.py", line 1116, in read_from_fd
    return self.socket.recv_into(buf, len(buf))
ConnectionResetError: [Errno 104] Connection reset by peer

The above exception was the direct cause of the following exception:

Traceback (most recent call last):
  File "/vortexfs1/home/anthony.meza/mambaforge/envs/atm_rivers/lib/python3.10/site-packages/distributed/worker.py", line 1783, in get_data
    response = await comm.read(deserializers=serializers)
  File "/vortexfs1/home/anthony.meza/mambaforge/envs/atm_rivers/lib/python3.10/site-packages/distributed/comm/tcp.py", line 241, in read
    convert_stream_closed_error(self, e)
  File "/vortexfs1/home/anthony.meza/mambaforge/envs/atm_rivers/lib/python3.10/site-packages/distributed/comm/tcp.py", line 142, in convert_stream_closed_error
    raise CommClosedError(f"in {obj}: {exc.__class__.__name__}: {exc}") from exc
distributed.comm.core.CommClosedError: in <TCP (closed)  local=tcp://172.16.3.169:39906 remote=tcp://172.16.3.168:57078>: ConnectionResetError: [Errno 104] Connection reset by peer
2023-05-03 09:35:29,615 - distributed.client - ERROR - 
ConnectionRefusedError: [Errno 111] Connection refused

The above exception was the direct cause of the following exception:

Traceback (most recent call last):
  File "/vortexfs1/home/anthony.meza/mambaforge/envs/atm_rivers/lib/python3.10/site-packages/distributed/comm/core.py", line 292, in connect
    comm = await wait_for(
  File "/vortexfs1/home/anthony.meza/mambaforge/envs/atm_rivers/lib/python3.10/site-packages/distributed/utils.py", line 1850, in wait_for
    return await asyncio.wait_for(fut, timeout)
  File "/vortexfs1/home/anthony.meza/mambaforge/envs/atm_rivers/lib/python3.10/asyncio/tasks.py", line 445, in wait_for
    return fut.result()
  File "/vortexfs1/home/anthony.meza/mambaforge/envs/atm_rivers/lib/python3.10/site-packages/distributed/comm/tcp.py", line 511, in connect
    convert_stream_closed_error(self, e)
  File "/vortexfs1/home/anthony.meza/mambaforge/envs/atm_rivers/lib/python3.10/site-packages/distributed/comm/tcp.py", line 142, in convert_stream_closed_error
    raise CommClosedError(f"in {obj}: {exc.__class__.__name__}: {exc}") from exc
distributed.comm.core.CommClosedError: in <distributed.comm.tcp.TCPConnector object at 0x2aabfaa4e200>: ConnectionRefusedError: [Errno 111] Connection refused

During handling of the above exception, another exception occurred:

Traceback (most recent call last):
  File "/vortexfs1/home/anthony.meza/mambaforge/envs/atm_rivers/lib/python3.10/site-packages/distributed/utils.py", line 752, in wrapper
    return await func(*args, **kwargs)
  File "/vortexfs1/home/anthony.meza/mambaforge/envs/atm_rivers/lib/python3.10/site-packages/distributed/client.py", line 1321, in _reconnect
    await self._ensure_connected(timeout=timeout)
  File "/vortexfs1/home/anthony.meza/mambaforge/envs/atm_rivers/lib/python3.10/site-packages/distributed/client.py", line 1351, in _ensure_connected
    comm = await connect(
  File "/vortexfs1/home/anthony.meza/mambaforge/envs/atm_rivers/lib/python3.10/site-packages/distributed/comm/core.py", line 316, in connect
    await asyncio.sleep(backoff)
  File "/vortexfs1/home/anthony.meza/mambaforge/envs/atm_rivers/lib/python3.10/asyncio/tasks.py", line 605, in sleep
    return await future
asyncio.exceptions.CancelledError
2023-05-03 09:35:29,996 - distributed.nanny - INFO - Worker closed
2023-05-03 09:35:31,999 - distributed.nanny - ERROR - Worker process died unexpectedly
2023-05-03 09:35:44,917 - distributed.nanny - INFO - Closing Nanny at 'tcp://172.16.3.169:46475'. Reason: nanny-close-gracefully
2023-05-03 09:35:44,923 - distributed.dask_worker - INFO - End worker
