2023-05-10 20:41:19,549 - distributed.nanny - INFO -         Start Nanny at: 'tcp://172.16.3.127:39702'
2023-05-10 20:41:19,932 - distributed.diskutils - INFO - Found stale lock file and directory '/tmp/dask-worker-space/worker-jq9x4mqs', purging
2023-05-10 20:41:20,771 - distributed.worker - INFO -       Start worker at:   tcp://172.16.3.127:40694
2023-05-10 20:41:20,771 - distributed.worker - INFO -          Listening to:   tcp://172.16.3.127:40694
2023-05-10 20:41:20,771 - distributed.worker - INFO -           Worker name:             SLURMCluster-0
2023-05-10 20:41:20,771 - distributed.worker - INFO -          dashboard at:         172.16.3.127:38155
2023-05-10 20:41:20,771 - distributed.worker - INFO - Waiting to connect to:    tcp://172.16.3.56:38839
2023-05-10 20:41:20,771 - distributed.worker - INFO - -------------------------------------------------
2023-05-10 20:41:20,771 - distributed.worker - INFO -               Threads:                         36
2023-05-10 20:41:20,772 - distributed.worker - INFO -                Memory:                  46.57 GiB
2023-05-10 20:41:20,772 - distributed.worker - INFO -       Local Directory: /tmp/dask-worker-space/worker-8usncs9y
2023-05-10 20:41:20,772 - distributed.worker - INFO - -------------------------------------------------
2023-05-10 20:41:20,780 - distributed.worker - INFO -         Registered to:    tcp://172.16.3.56:38839
2023-05-10 20:41:20,781 - distributed.worker - INFO - -------------------------------------------------
2023-05-10 20:41:20,782 - distributed.core - INFO - Starting established connection to tcp://172.16.3.56:38839
2023-05-10 20:41:27,046 - distributed.core - INFO - Removing comms to tcp://172.16.3.55:44371
2023-05-10 20:41:35,537 - distributed.core - INFO - Removing comms to tcp://172.16.3.126:44946
2023-05-10 20:41:36,661 - distributed.worker - ERROR - Worker stream died during communication: tcp://172.16.3.128:41199
Traceback (most recent call last):
  File "/vortexfs1/home/anthony.meza/mambaforge/envs/atm_rivers/lib/python3.10/site-packages/tornado/iostream.py", line 861, in _read_to_buffer
    bytes_read = self.read_from_fd(buf)
  File "/vortexfs1/home/anthony.meza/mambaforge/envs/atm_rivers/lib/python3.10/site-packages/tornado/iostream.py", line 1116, in read_from_fd
    return self.socket.recv_into(buf, len(buf))
ConnectionResetError: [Errno 104] Connection reset by peer

The above exception was the direct cause of the following exception:

Traceback (most recent call last):
  File "/vortexfs1/home/anthony.meza/mambaforge/envs/atm_rivers/lib/python3.10/site-packages/distributed/comm/core.py", line 329, in connect
    handshake = await wait_for(comm.read(), time_left())
  File "/vortexfs1/home/anthony.meza/mambaforge/envs/atm_rivers/lib/python3.10/site-packages/distributed/utils.py", line 1878, in wait_for
    return await asyncio.wait_for(fut, timeout)
  File "/vortexfs1/home/anthony.meza/mambaforge/envs/atm_rivers/lib/python3.10/asyncio/tasks.py", line 445, in wait_for
    return fut.result()
  File "/vortexfs1/home/anthony.meza/mambaforge/envs/atm_rivers/lib/python3.10/site-packages/distributed/comm/tcp.py", line 241, in read
    convert_stream_closed_error(self, e)
  File "/vortexfs1/home/anthony.meza/mambaforge/envs/atm_rivers/lib/python3.10/site-packages/distributed/comm/tcp.py", line 142, in convert_stream_closed_error
    raise CommClosedError(f"in {obj}: {exc.__class__.__name__}: {exc}") from exc
distributed.comm.core.CommClosedError: in <TCP (closed)  local=tcp://172.16.3.127:41238 remote=tcp://172.16.3.128:41199>: ConnectionResetError: [Errno 104] Connection reset by peer

The above exception was the direct cause of the following exception:

Traceback (most recent call last):
  File "/vortexfs1/home/anthony.meza/mambaforge/envs/atm_rivers/lib/python3.10/site-packages/distributed/worker.py", line 2060, in gather_dep
    response = await get_data_from_worker(
  File "/vortexfs1/home/anthony.meza/mambaforge/envs/atm_rivers/lib/python3.10/site-packages/distributed/worker.py", line 2892, in get_data_from_worker
    comm = await rpc.connect(worker)
  File "/vortexfs1/home/anthony.meza/mambaforge/envs/atm_rivers/lib/python3.10/site-packages/distributed/core.py", line 1510, in connect
    return await connect_attempt
  File "/vortexfs1/home/anthony.meza/mambaforge/envs/atm_rivers/lib/python3.10/site-packages/distributed/core.py", line 1431, in _connect
    comm = await connect(
  File "/vortexfs1/home/anthony.meza/mambaforge/envs/atm_rivers/lib/python3.10/site-packages/distributed/comm/core.py", line 334, in connect
    raise OSError(
OSError: Timed out during handshake while connecting to tcp://172.16.3.128:41199 after 30 s
2023-05-10 20:41:36,776 - distributed.core - INFO - Removing comms to tcp://172.16.3.128:41199
/vortexfs1/home/anthony.meza/mambaforge/envs/atm_rivers/lib/python3.10/site-packages/dask/core.py:119: RuntimeWarning: invalid value encountered in divide
  return func(*(_execute_task(a, cache) for a in args))
2023-05-10 20:49:00,720 - distributed.worker.memory - WARNING - Worker is at 83% memory usage. Pausing worker.  Process memory: 39.10 GiB -- Worker memory limit: 46.57 GiB
2023-05-10 20:49:00,832 - distributed.core - INFO - Event loop was unresponsive in Worker for 11.15s.  This is often caused by long-running GIL-holding functions or moving large chunks of data. This can cause timeouts and instability.
2023-05-10 20:49:05,318 - distributed.nanny.memory - WARNING - Worker tcp://172.16.3.127:40694 (pid=267339) exceeded 95% memory budget. Restarting...
2023-05-10 20:49:09,012 - distributed.nanny - INFO - Worker process 267339 was killed by signal 15
2023-05-10 20:49:09,356 - distributed.nanny - WARNING - Restarting worker
2023-05-10 20:49:18,941 - distributed.worker - INFO -       Start worker at:   tcp://172.16.3.127:33542
2023-05-10 20:49:18,942 - distributed.worker - INFO -          Listening to:   tcp://172.16.3.127:33542
2023-05-10 20:49:18,942 - distributed.worker - INFO -           Worker name:             SLURMCluster-0
2023-05-10 20:49:18,942 - distributed.worker - INFO -          dashboard at:         172.16.3.127:46319
2023-05-10 20:49:18,942 - distributed.worker - INFO - Waiting to connect to:    tcp://172.16.3.56:38839
2023-05-10 20:49:18,942 - distributed.worker - INFO - -------------------------------------------------
2023-05-10 20:49:18,942 - distributed.worker - INFO -               Threads:                         36
2023-05-10 20:49:18,942 - distributed.worker - INFO -                Memory:                  46.57 GiB
2023-05-10 20:49:18,942 - distributed.worker - INFO -       Local Directory: /tmp/dask-worker-space/worker-5od30j6u
2023-05-10 20:49:18,942 - distributed.worker - INFO - -------------------------------------------------
2023-05-10 20:49:18,958 - distributed.worker - INFO -         Registered to:    tcp://172.16.3.56:38839
2023-05-10 20:49:18,958 - distributed.worker - INFO - -------------------------------------------------
2023-05-10 20:49:18,960 - distributed.core - INFO - Starting established connection to tcp://172.16.3.56:38839
2023-05-10 20:49:20,584 - distributed.worker - ERROR - Worker stream died during communication: tcp://172.16.3.125:44648
Traceback (most recent call last):
  File "/vortexfs1/home/anthony.meza/mambaforge/envs/atm_rivers/lib/python3.10/site-packages/tornado/iostream.py", line 861, in _read_to_buffer
    bytes_read = self.read_from_fd(buf)
  File "/vortexfs1/home/anthony.meza/mambaforge/envs/atm_rivers/lib/python3.10/site-packages/tornado/iostream.py", line 1116, in read_from_fd
    return self.socket.recv_into(buf, len(buf))
ConnectionResetError: [Errno 104] Connection reset by peer

The above exception was the direct cause of the following exception:

Traceback (most recent call last):
  File "/vortexfs1/home/anthony.meza/mambaforge/envs/atm_rivers/lib/python3.10/site-packages/distributed/comm/core.py", line 329, in connect
    handshake = await wait_for(comm.read(), time_left())
  File "/vortexfs1/home/anthony.meza/mambaforge/envs/atm_rivers/lib/python3.10/site-packages/distributed/utils.py", line 1878, in wait_for
    return await asyncio.wait_for(fut, timeout)
  File "/vortexfs1/home/anthony.meza/mambaforge/envs/atm_rivers/lib/python3.10/asyncio/tasks.py", line 445, in wait_for
    return fut.result()
  File "/vortexfs1/home/anthony.meza/mambaforge/envs/atm_rivers/lib/python3.10/site-packages/distributed/comm/tcp.py", line 241, in read
    convert_stream_closed_error(self, e)
  File "/vortexfs1/home/anthony.meza/mambaforge/envs/atm_rivers/lib/python3.10/site-packages/distributed/comm/tcp.py", line 142, in convert_stream_closed_error
    raise CommClosedError(f"in {obj}: {exc.__class__.__name__}: {exc}") from exc
distributed.comm.core.CommClosedError: in <TCP (closed)  local=tcp://172.16.3.127:41263 remote=tcp://172.16.3.125:44648>: ConnectionResetError: [Errno 104] Connection reset by peer

The above exception was the direct cause of the following exception:

Traceback (most recent call last):
  File "/vortexfs1/home/anthony.meza/mambaforge/envs/atm_rivers/lib/python3.10/site-packages/distributed/worker.py", line 2060, in gather_dep
    response = await get_data_from_worker(
  File "/vortexfs1/home/anthony.meza/mambaforge/envs/atm_rivers/lib/python3.10/site-packages/distributed/worker.py", line 2892, in get_data_from_worker
    comm = await rpc.connect(worker)
  File "/vortexfs1/home/anthony.meza/mambaforge/envs/atm_rivers/lib/python3.10/site-packages/distributed/core.py", line 1510, in connect
    return await connect_attempt
  File "/vortexfs1/home/anthony.meza/mambaforge/envs/atm_rivers/lib/python3.10/site-packages/distributed/core.py", line 1431, in _connect
    comm = await connect(
  File "/vortexfs1/home/anthony.meza/mambaforge/envs/atm_rivers/lib/python3.10/site-packages/distributed/comm/core.py", line 334, in connect
    raise OSError(
OSError: Timed out during handshake while connecting to tcp://172.16.3.125:44648 after 30 s
2023-05-10 20:49:20,673 - distributed.core - INFO - Removing comms to tcp://172.16.3.125:44648
2023-05-10 20:49:23,208 - distributed.core - INFO - Removing comms to tcp://172.16.3.55:45157
/vortexfs1/home/anthony.meza/mambaforge/envs/atm_rivers/lib/python3.10/site-packages/dask/core.py:119: RuntimeWarning: invalid value encountered in divide
  return func(*(_execute_task(a, cache) for a in args))
2023-05-10 20:52:30,122 - distributed.worker - ERROR - Worker stream died during communication: tcp://172.16.3.125:42594
Traceback (most recent call last):
  File "/vortexfs1/home/anthony.meza/mambaforge/envs/atm_rivers/lib/python3.10/site-packages/tornado/iostream.py", line 861, in _read_to_buffer
    bytes_read = self.read_from_fd(buf)
  File "/vortexfs1/home/anthony.meza/mambaforge/envs/atm_rivers/lib/python3.10/site-packages/tornado/iostream.py", line 1116, in read_from_fd
    return self.socket.recv_into(buf, len(buf))
ConnectionResetError: [Errno 104] Connection reset by peer

The above exception was the direct cause of the following exception:

Traceback (most recent call last):
  File "/vortexfs1/home/anthony.meza/mambaforge/envs/atm_rivers/lib/python3.10/site-packages/distributed/worker.py", line 2060, in gather_dep
    response = await get_data_from_worker(
  File "/vortexfs1/home/anthony.meza/mambaforge/envs/atm_rivers/lib/python3.10/site-packages/distributed/worker.py", line 2895, in get_data_from_worker
    response = await send_recv(
  File "/vortexfs1/home/anthony.meza/mambaforge/envs/atm_rivers/lib/python3.10/site-packages/distributed/core.py", line 1028, in send_recv
    response = await comm.read(deserializers=deserializers)
  File "/vortexfs1/home/anthony.meza/mambaforge/envs/atm_rivers/lib/python3.10/site-packages/distributed/comm/tcp.py", line 241, in read
    convert_stream_closed_error(self, e)
  File "/vortexfs1/home/anthony.meza/mambaforge/envs/atm_rivers/lib/python3.10/site-packages/distributed/comm/tcp.py", line 142, in convert_stream_closed_error
    raise CommClosedError(f"in {obj}: {exc.__class__.__name__}: {exc}") from exc
distributed.comm.core.CommClosedError: in <TCP (closed) Ephemeral Worker->Worker for gather local=tcp://172.16.3.127:52903 remote=tcp://172.16.3.125:42594>: ConnectionResetError: [Errno 104] Connection reset by peer
2023-05-10 20:52:30,142 - distributed.core - INFO - Removing comms to tcp://172.16.3.125:42594
2023-05-10 20:52:34,757 - distributed.worker - ERROR - Worker stream died during communication: tcp://172.16.3.55:35203
Traceback (most recent call last):
  File "/vortexfs1/home/anthony.meza/mambaforge/envs/atm_rivers/lib/python3.10/site-packages/tornado/iostream.py", line 861, in _read_to_buffer
    bytes_read = self.read_from_fd(buf)
  File "/vortexfs1/home/anthony.meza/mambaforge/envs/atm_rivers/lib/python3.10/site-packages/tornado/iostream.py", line 1116, in read_from_fd
    return self.socket.recv_into(buf, len(buf))
ConnectionResetError: [Errno 104] Connection reset by peer

The above exception was the direct cause of the following exception:

Traceback (most recent call last):
  File "/vortexfs1/home/anthony.meza/mambaforge/envs/atm_rivers/lib/python3.10/site-packages/distributed/worker.py", line 2060, in gather_dep
    response = await get_data_from_worker(
  File "/vortexfs1/home/anthony.meza/mambaforge/envs/atm_rivers/lib/python3.10/site-packages/distributed/worker.py", line 2895, in get_data_from_worker
    response = await send_recv(
  File "/vortexfs1/home/anthony.meza/mambaforge/envs/atm_rivers/lib/python3.10/site-packages/distributed/core.py", line 1028, in send_recv
    response = await comm.read(deserializers=deserializers)
  File "/vortexfs1/home/anthony.meza/mambaforge/envs/atm_rivers/lib/python3.10/site-packages/distributed/comm/tcp.py", line 241, in read
    convert_stream_closed_error(self, e)
  File "/vortexfs1/home/anthony.meza/mambaforge/envs/atm_rivers/lib/python3.10/site-packages/distributed/comm/tcp.py", line 142, in convert_stream_closed_error
    raise CommClosedError(f"in {obj}: {exc.__class__.__name__}: {exc}") from exc
distributed.comm.core.CommClosedError: in <TCP (closed) Ephemeral Worker->Worker for gather local=tcp://172.16.3.127:40121 remote=tcp://172.16.3.55:35203>: ConnectionResetError: [Errno 104] Connection reset by peer
2023-05-10 20:52:34,769 - distributed.core - INFO - Removing comms to tcp://172.16.3.55:35203
2023-05-10 20:52:37,176 - distributed.worker - ERROR - Worker stream died during communication: tcp://172.16.3.128:35334
Traceback (most recent call last):
  File "/vortexfs1/home/anthony.meza/mambaforge/envs/atm_rivers/lib/python3.10/site-packages/distributed/comm/tcp.py", line 225, in read
    frames_nbytes = await stream.read_bytes(fmt_size)
tornado.iostream.StreamClosedError: Stream is closed

The above exception was the direct cause of the following exception:

Traceback (most recent call last):
  File "/vortexfs1/home/anthony.meza/mambaforge/envs/atm_rivers/lib/python3.10/site-packages/distributed/worker.py", line 2060, in gather_dep
    response = await get_data_from_worker(
  File "/vortexfs1/home/anthony.meza/mambaforge/envs/atm_rivers/lib/python3.10/site-packages/distributed/worker.py", line 2895, in get_data_from_worker
    response = await send_recv(
  File "/vortexfs1/home/anthony.meza/mambaforge/envs/atm_rivers/lib/python3.10/site-packages/distributed/core.py", line 1028, in send_recv
    response = await comm.read(deserializers=deserializers)
  File "/vortexfs1/home/anthony.meza/mambaforge/envs/atm_rivers/lib/python3.10/site-packages/distributed/comm/tcp.py", line 241, in read
    convert_stream_closed_error(self, e)
  File "/vortexfs1/home/anthony.meza/mambaforge/envs/atm_rivers/lib/python3.10/site-packages/distributed/comm/tcp.py", line 144, in convert_stream_closed_error
    raise CommClosedError(f"in {obj}: {exc}") from exc
distributed.comm.core.CommClosedError: in <TCP (closed) Ephemeral Worker->Worker for gather local=tcp://172.16.3.127:45691 remote=tcp://172.16.3.128:35334>: Stream is closed
2023-05-10 20:52:37,187 - distributed.core - INFO - Removing comms to tcp://172.16.3.128:35334
2023-05-10 20:55:04,196 - distributed.worker.memory - WARNING - Worker is at 82% memory usage. Pausing worker.  Process memory: 38.56 GiB -- Worker memory limit: 46.57 GiB
2023-05-10 20:55:04,198 - distributed.core - INFO - Event loop was unresponsive in Worker for 11.74s.  This is often caused by long-running GIL-holding functions or moving large chunks of data. This can cause timeouts and instability.
2023-05-10 20:55:08,594 - distributed.utils_perf - INFO - full garbage collection released 908.42 MiB from 0 reference cycles (threshold: 9.54 MiB)
2023-05-10 20:55:10,018 - distributed.nanny.memory - WARNING - Worker tcp://172.16.3.127:33542 (pid=269130) exceeded 95% memory budget. Restarting...
2023-05-10 20:55:14,343 - distributed.nanny - INFO - Worker process 269130 was killed by signal 15
2023-05-10 20:55:14,696 - distributed.nanny - WARNING - Restarting worker
2023-05-10 20:55:21,594 - distributed.worker - INFO -       Start worker at:   tcp://172.16.3.127:38741
2023-05-10 20:55:21,595 - distributed.worker - INFO -          Listening to:   tcp://172.16.3.127:38741
2023-05-10 20:55:21,596 - distributed.worker - INFO -           Worker name:             SLURMCluster-0
2023-05-10 20:55:21,596 - distributed.worker - INFO -          dashboard at:         172.16.3.127:38493
2023-05-10 20:55:21,596 - distributed.worker - INFO - Waiting to connect to:    tcp://172.16.3.56:38839
2023-05-10 20:55:21,596 - distributed.worker - INFO - -------------------------------------------------
2023-05-10 20:55:21,596 - distributed.worker - INFO -               Threads:                         36
2023-05-10 20:55:21,596 - distributed.worker - INFO -                Memory:                  46.57 GiB
2023-05-10 20:55:21,596 - distributed.worker - INFO -       Local Directory: /tmp/dask-worker-space/worker-gjzn5tfz
2023-05-10 20:55:21,596 - distributed.worker - INFO - -------------------------------------------------
2023-05-10 20:55:21,608 - distributed.worker - INFO -         Registered to:    tcp://172.16.3.56:38839
2023-05-10 20:55:21,608 - distributed.worker - INFO - -------------------------------------------------
2023-05-10 20:55:21,610 - distributed.core - INFO - Starting established connection to tcp://172.16.3.56:38839
/vortexfs1/home/anthony.meza/mambaforge/envs/atm_rivers/lib/python3.10/site-packages/dask/core.py:119: RuntimeWarning: invalid value encountered in divide
  return func(*(_execute_task(a, cache) for a in args))
2023-05-10 20:56:21,582 - distributed.core - INFO - Removing comms to tcp://172.16.3.126:37364
2023-05-10 20:58:27,043 - distributed.utils_perf - INFO - full garbage collection released 882.85 MiB from 122 reference cycles (threshold: 9.54 MiB)
2023-05-10 20:58:27,044 - distributed.worker.memory - WARNING - Worker is at 81% memory usage. Pausing worker.  Process memory: 37.98 GiB -- Worker memory limit: 46.57 GiB
2023-05-10 20:58:30,790 - distributed.core - INFO - Event loop was unresponsive in Worker for 11.18s.  This is often caused by long-running GIL-holding functions or moving large chunks of data. This can cause timeouts and instability.
2023-05-10 20:58:37,318 - distributed.nanny.memory - WARNING - Worker tcp://172.16.3.127:38741 (pid=270149) exceeded 95% memory budget. Restarting...
2023-05-10 20:58:41,116 - distributed.nanny - INFO - Worker process 270149 was killed by signal 15
2023-05-10 20:58:41,481 - distributed.nanny - WARNING - Restarting worker
2023-05-10 20:58:51,604 - distributed.worker - INFO -       Start worker at:   tcp://172.16.3.127:40109
2023-05-10 20:58:51,604 - distributed.worker - INFO -          Listening to:   tcp://172.16.3.127:40109
2023-05-10 20:58:51,604 - distributed.worker - INFO -           Worker name:             SLURMCluster-0
2023-05-10 20:58:51,604 - distributed.worker - INFO -          dashboard at:         172.16.3.127:41039
2023-05-10 20:58:51,604 - distributed.worker - INFO - Waiting to connect to:    tcp://172.16.3.56:38839
2023-05-10 20:58:51,604 - distributed.worker - INFO - -------------------------------------------------
2023-05-10 20:58:51,604 - distributed.worker - INFO -               Threads:                         36
2023-05-10 20:58:51,605 - distributed.worker - INFO -                Memory:                  46.57 GiB
2023-05-10 20:58:51,605 - distributed.worker - INFO -       Local Directory: /tmp/dask-worker-space/worker-f95h1r_7
2023-05-10 20:58:51,619 - distributed.worker - INFO - -------------------------------------------------
2023-05-10 20:58:51,629 - distributed.worker - INFO -         Registered to:    tcp://172.16.3.56:38839
2023-05-10 20:58:51,629 - distributed.worker - INFO - -------------------------------------------------
2023-05-10 20:58:51,630 - distributed.core - INFO - Starting established connection to tcp://172.16.3.56:38839
/vortexfs1/home/anthony.meza/mambaforge/envs/atm_rivers/lib/python3.10/site-packages/dask/core.py:119: RuntimeWarning: invalid value encountered in divide
  return func(*(_execute_task(a, cache) for a in args))
slurmstepd: error: *** JOB 3089850 ON pn077 CANCELLED AT 2023-05-10T20:59:55 ***
