2023-05-02 17:05:49,050 - distributed.nanny - INFO -         Start Nanny at: 'tcp://172.16.3.189:42441'
2023-05-02 17:05:49,435 - distributed.diskutils - INFO - Found stale lock file and directory '/tmp/dask-worker-space/worker-7_xkywo4', purging
2023-05-02 17:05:51,082 - distributed.worker - INFO -       Start worker at:   tcp://172.16.3.189:37163
2023-05-02 17:05:51,083 - distributed.worker - INFO -          Listening to:   tcp://172.16.3.189:37163
2023-05-02 17:05:51,083 - distributed.worker - INFO -           Worker name:             SLURMCluster-1
2023-05-02 17:05:51,083 - distributed.worker - INFO -          dashboard at:         172.16.3.189:33859
2023-05-02 17:05:51,083 - distributed.worker - INFO - Waiting to connect to:   tcp://172.16.3.106:33609
2023-05-02 17:05:51,083 - distributed.worker - INFO - -------------------------------------------------
2023-05-02 17:05:51,083 - distributed.worker - INFO -               Threads:                         36
2023-05-02 17:05:51,083 - distributed.worker - INFO -                Memory:                  46.57 GiB
2023-05-02 17:05:51,084 - distributed.worker - INFO -       Local Directory: /tmp/dask-worker-space/worker-wqz5zgls
2023-05-02 17:05:51,084 - distributed.worker - INFO - -------------------------------------------------
2023-05-02 17:05:51,089 - distributed.worker - INFO -         Registered to:   tcp://172.16.3.106:33609
2023-05-02 17:05:51,089 - distributed.worker - INFO - -------------------------------------------------
2023-05-02 17:05:51,089 - distributed.core - INFO - Starting established connection to tcp://172.16.3.106:33609
2023-05-02 17:06:27,131 - distributed.core - INFO - Event loop was unresponsive in Worker for 6.50s.  This is often caused by long-running GIL-holding functions or moving large chunks of data. This can cause timeouts and instability.
2023-05-02 17:06:53,435 - distributed.core - INFO - Removing comms to tcp://172.16.3.187:42359
2023-05-02 17:06:56,731 - distributed.worker.memory - WARNING - Worker is at 80% memory usage. Pausing worker.  Process memory: 37.38 GiB -- Worker memory limit: 46.57 GiB
2023-05-02 17:06:58,278 - distributed.core - INFO - Removing comms to tcp://172.16.3.188:34732
2023-05-02 17:06:59,283 - distributed.worker.memory - WARNING - Unmanaged memory use is high. This may indicate a memory leak or the memory may not be released to the OS; see https://distributed.dask.org/en/latest/worker-memory.html#memory-not-released-back-to-the-os for more information. -- Unmanaged memory: 42.49 GiB -- Worker memory limit: 46.57 GiB
2023-05-02 17:06:59,283 - distributed.core - INFO - Removing comms to tcp://172.16.3.167:44601
2023-05-02 17:06:59,286 - distributed.worker - ERROR - Worker stream died during communication: tcp://172.16.3.167:44601
Traceback (most recent call last):
  File "/vortexfs1/home/anthony.meza/mambaforge/envs/atm_rivers/lib/python3.10/site-packages/distributed/comm/tcp.py", line 317, in write
    raise StreamClosedError()
tornado.iostream.StreamClosedError: Stream is closed

The above exception was the direct cause of the following exception:

Traceback (most recent call last):
  File "/vortexfs1/home/anthony.meza/mambaforge/envs/atm_rivers/lib/python3.10/site-packages/distributed/comm/core.py", line 330, in connect
    await wait_for(comm.write(local_info), time_left())
  File "/vortexfs1/home/anthony.meza/mambaforge/envs/atm_rivers/lib/python3.10/site-packages/distributed/utils.py", line 1850, in wait_for
    return await asyncio.wait_for(fut, timeout)
  File "/vortexfs1/home/anthony.meza/mambaforge/envs/atm_rivers/lib/python3.10/asyncio/tasks.py", line 445, in wait_for
    return fut.result()
  File "/vortexfs1/home/anthony.meza/mambaforge/envs/atm_rivers/lib/python3.10/site-packages/distributed/comm/tcp.py", line 328, in write
    convert_stream_closed_error(self, e)
  File "/vortexfs1/home/anthony.meza/mambaforge/envs/atm_rivers/lib/python3.10/site-packages/distributed/comm/tcp.py", line 144, in convert_stream_closed_error
    raise CommClosedError(f"in {obj}: {exc}") from exc
distributed.comm.core.CommClosedError: in <TCP (closed)  local=tcp://172.16.3.189:46508 remote=tcp://172.16.3.167:44601>: Stream is closed

The above exception was the direct cause of the following exception:

Traceback (most recent call last):
  File "/vortexfs1/home/anthony.meza/mambaforge/envs/atm_rivers/lib/python3.10/site-packages/distributed/worker.py", line 2056, in gather_dep
    response = await get_data_from_worker(
  File "/vortexfs1/home/anthony.meza/mambaforge/envs/atm_rivers/lib/python3.10/site-packages/distributed/worker.py", line 2888, in get_data_from_worker
    comm = await rpc.connect(worker)
  File "/vortexfs1/home/anthony.meza/mambaforge/envs/atm_rivers/lib/python3.10/site-packages/distributed/core.py", line 1509, in connect
    return await connect_attempt
  File "/vortexfs1/home/anthony.meza/mambaforge/envs/atm_rivers/lib/python3.10/site-packages/distributed/core.py", line 1430, in _connect
    comm = await connect(
  File "/vortexfs1/home/anthony.meza/mambaforge/envs/atm_rivers/lib/python3.10/site-packages/distributed/comm/core.py", line 334, in connect
    raise OSError(
OSError: Timed out during handshake while connecting to tcp://172.16.3.167:44601 after 30 s
2023-05-02 17:06:59,709 - distributed.core - INFO - Removing comms to tcp://172.16.3.105:33978
2023-05-02 17:06:59,919 - distributed.nanny.memory - WARNING - Worker tcp://172.16.3.189:37163 (pid=294702) exceeded 95% memory budget. Restarting...
2023-05-02 17:07:02,793 - distributed.nanny - INFO - Worker process 294702 was killed by signal 15
2023-05-02 17:07:02,892 - distributed.nanny - WARNING - Restarting worker
2023-05-02 17:07:06,734 - distributed.worker - INFO -       Start worker at:   tcp://172.16.3.189:46774
2023-05-02 17:07:06,735 - distributed.worker - INFO -          Listening to:   tcp://172.16.3.189:46774
2023-05-02 17:07:06,735 - distributed.worker - INFO -           Worker name:             SLURMCluster-1
2023-05-02 17:07:06,735 - distributed.worker - INFO -          dashboard at:         172.16.3.189:44514
2023-05-02 17:07:06,736 - distributed.worker - INFO - Waiting to connect to:   tcp://172.16.3.106:33609
2023-05-02 17:07:06,736 - distributed.worker - INFO - -------------------------------------------------
2023-05-02 17:07:06,736 - distributed.worker - INFO -               Threads:                         36
2023-05-02 17:07:06,736 - distributed.worker - INFO -                Memory:                  46.57 GiB
2023-05-02 17:07:06,736 - distributed.worker - INFO -       Local Directory: /tmp/dask-worker-space/worker-xx4z7gup
2023-05-02 17:07:06,736 - distributed.worker - INFO - -------------------------------------------------
2023-05-02 17:07:06,745 - distributed.worker - INFO -         Registered to:   tcp://172.16.3.106:33609
2023-05-02 17:07:06,745 - distributed.worker - INFO - -------------------------------------------------
2023-05-02 17:07:06,746 - distributed.core - INFO - Starting established connection to tcp://172.16.3.106:33609
2023-05-02 17:07:07,198 - distributed.core - INFO - Connection to tcp://172.16.3.106:33609 has been closed.
2023-05-02 17:07:07,199 - distributed.worker - INFO - Stopping worker at tcp://172.16.3.189:46774. Reason: worker-handle-scheduler-connection-broken
2023-05-02 17:07:07,201 - distributed.nanny - INFO - Closing Nanny gracefully at 'tcp://172.16.3.189:42441'. Reason: worker-handle-scheduler-connection-broken
2023-05-02 17:07:07,203 - distributed.nanny - INFO - Worker closed
2023-05-02 17:07:09,384 - distributed.nanny - INFO - Closing Nanny at 'tcp://172.16.3.189:42441'. Reason: nanny-close-gracefully
2023-05-02 17:07:09,385 - distributed.dask_worker - INFO - End worker
