2023-04-18 10:18:20,151 - distributed.nanny - INFO -         Start Nanny at: 'tcp://172.16.3.100:44402'
2023-04-18 10:18:20,543 - distributed.diskutils - INFO - Found stale lock file and directory '/tmp/dask-worker-space/worker-x_rj8be0', purging
2023-04-18 10:18:23,057 - distributed.worker - INFO -       Start worker at:   tcp://172.16.3.100:44247
2023-04-18 10:18:23,057 - distributed.worker - INFO -          Listening to:   tcp://172.16.3.100:44247
2023-04-18 10:18:23,057 - distributed.worker - INFO -           Worker name:             SLURMCluster-0
2023-04-18 10:18:23,057 - distributed.worker - INFO -          dashboard at:         172.16.3.100:42162
2023-04-18 10:18:23,057 - distributed.worker - INFO - Waiting to connect to:    tcp://172.16.3.91:39499
2023-04-18 10:18:23,057 - distributed.worker - INFO - -------------------------------------------------
2023-04-18 10:18:23,057 - distributed.worker - INFO -               Threads:                         36
2023-04-18 10:18:23,057 - distributed.worker - INFO -                Memory:                 178.81 GiB
2023-04-18 10:18:23,057 - distributed.worker - INFO -       Local Directory: /tmp/dask-worker-space/worker-aux14pj3
2023-04-18 10:18:23,057 - distributed.worker - INFO - -------------------------------------------------
2023-04-18 10:18:23,064 - distributed.worker - INFO -         Registered to:    tcp://172.16.3.91:39499
2023-04-18 10:18:23,064 - distributed.worker - INFO - -------------------------------------------------
2023-04-18 10:18:23,064 - distributed.core - INFO - Starting established connection to tcp://172.16.3.91:39499
2023-04-18 10:18:23,948 - distributed.utils_perf - INFO - full garbage collection released 9.98 MiB from 89 reference cycles (threshold: 9.54 MiB)
2023-04-18 10:22:25,803 - distributed.core - INFO - Event loop was unresponsive in Worker for 3.38s.  This is often caused by long-running GIL-holding functions or moving large chunks of data. This can cause timeouts and instability.
2023-04-18 10:32:12,498 - distributed.utils_perf - INFO - full garbage collection released 197.64 MiB from 5594 reference cycles (threshold: 9.54 MiB)
2023-04-18 10:33:21,772 - distributed.utils_perf - INFO - full garbage collection released 29.48 MiB from 5916 reference cycles (threshold: 9.54 MiB)
2023-04-18 10:48:19,636 - distributed.core - INFO - Connection to tcp://172.16.3.91:39499 has been closed.
2023-04-18 10:48:19,637 - distributed.worker - INFO - Stopping worker at tcp://172.16.3.100:44247. Reason: worker-handle-scheduler-connection-broken
2023-04-18 10:48:19,637 - distributed.worker - ERROR - Failed to communicate with scheduler during heartbeat.
Traceback (most recent call last):
  File "/vortexfs1/home/anthony.meza/.conda/envs/notebook_env/lib/python3.10/site-packages/tornado/iostream.py", line 867, in _read_to_buffer
    bytes_read = self.read_from_fd(buf)
  File "/vortexfs1/home/anthony.meza/.conda/envs/notebook_env/lib/python3.10/site-packages/tornado/iostream.py", line 1140, in read_from_fd
    return self.socket.recv_into(buf, len(buf))
ConnectionResetError: [Errno 104] Connection reset by peer

The above exception was the direct cause of the following exception:

Traceback (most recent call last):
  File "/vortexfs1/home/anthony.meza/.conda/envs/notebook_env/lib/python3.10/site-packages/distributed/worker.py", line 1215, in heartbeat
    response = await retry_operation(
  File "/vortexfs1/home/anthony.meza/.conda/envs/notebook_env/lib/python3.10/site-packages/distributed/utils_comm.py", line 386, in retry_operation
    return await retry(
  File "/vortexfs1/home/anthony.meza/.conda/envs/notebook_env/lib/python3.10/site-packages/distributed/utils_comm.py", line 371, in retry
    return await coro()
  File "/vortexfs1/home/anthony.meza/.conda/envs/notebook_env/lib/python3.10/site-packages/distributed/core.py", line 1163, in send_recv_from_rpc
    return await send_recv(comm=comm, op=key, **kwargs)
  File "/vortexfs1/home/anthony.meza/.conda/envs/notebook_env/lib/python3.10/site-packages/distributed/core.py", line 928, in send_recv
    response = await comm.read(deserializers=deserializers)
  File "/vortexfs1/home/anthony.meza/.conda/envs/notebook_env/lib/python3.10/site-packages/distributed/comm/tcp.py", line 241, in read
    convert_stream_closed_error(self, e)
  File "/vortexfs1/home/anthony.meza/.conda/envs/notebook_env/lib/python3.10/site-packages/distributed/comm/tcp.py", line 142, in convert_stream_closed_error
    raise CommClosedError(f"in {obj}: {exc.__class__.__name__}: {exc}") from exc
distributed.comm.core.CommClosedError: in <TCP (closed) ConnectionPool.heartbeat_worker local=tcp://172.16.3.100:48714 remote=tcp://172.16.3.91:39499>: ConnectionResetError: [Errno 104] Connection reset by peer
2023-04-18 10:48:19,762 - distributed.nanny - INFO - Closing Nanny gracefully at 'tcp://172.16.3.100:44402'. Reason: worker-handle-scheduler-connection-broken
2023-04-18 10:48:25,388 - distributed.client - ERROR - 
ConnectionRefusedError: [Errno 111] Connection refused

The above exception was the direct cause of the following exception:

Traceback (most recent call last):
  File "/vortexfs1/home/anthony.meza/.conda/envs/notebook_env/lib/python3.10/site-packages/distributed/comm/core.py", line 291, in connect
    comm = await asyncio.wait_for(
  File "/vortexfs1/home/anthony.meza/.conda/envs/notebook_env/lib/python3.10/asyncio/tasks.py", line 445, in wait_for
    return fut.result()
  File "/vortexfs1/home/anthony.meza/.conda/envs/notebook_env/lib/python3.10/site-packages/distributed/comm/tcp.py", line 511, in connect
    convert_stream_closed_error(self, e)
  File "/vortexfs1/home/anthony.meza/.conda/envs/notebook_env/lib/python3.10/site-packages/distributed/comm/tcp.py", line 142, in convert_stream_closed_error
    raise CommClosedError(f"in {obj}: {exc.__class__.__name__}: {exc}") from exc
distributed.comm.core.CommClosedError: in <distributed.comm.tcp.TCPConnector object at 0x2aab31b883d0>: ConnectionRefusedError: [Errno 111] Connection refused

During handling of the above exception, another exception occurred:

Traceback (most recent call last):
  File "/vortexfs1/home/anthony.meza/.conda/envs/notebook_env/lib/python3.10/site-packages/distributed/utils.py", line 742, in wrapper
    return await func(*args, **kwargs)
  File "/vortexfs1/home/anthony.meza/.conda/envs/notebook_env/lib/python3.10/site-packages/distributed/client.py", line 1298, in _reconnect
    await self._ensure_connected(timeout=timeout)
  File "/vortexfs1/home/anthony.meza/.conda/envs/notebook_env/lib/python3.10/site-packages/distributed/client.py", line 1328, in _ensure_connected
    comm = await connect(
  File "/vortexfs1/home/anthony.meza/.conda/envs/notebook_env/lib/python3.10/site-packages/distributed/comm/core.py", line 315, in connect
    await asyncio.sleep(backoff)
  File "/vortexfs1/home/anthony.meza/.conda/envs/notebook_env/lib/python3.10/asyncio/tasks.py", line 605, in sleep
    return await future
asyncio.exceptions.CancelledError

Traceback (most recent call last):
  File "/vortexfs1/home/anthony.meza/.conda/envs/notebook_env/lib/python3.10/site-packages/distributed/comm/tcp.py", line 225, in read
    frames_nbytes = await stream.read_bytes(fmt_size)
tornado.iostream.StreamClosedError: Stream is closed

The above exception was the direct cause of the following exception:

Traceback (most recent call last):
  File "/vortexfs1/home/anthony.meza/.conda/envs/notebook_env/lib/python3.10/site-packages/distributed/client.py", line 1500, in _handle_report
    msgs = await self.scheduler_comm.comm.read()
  File "/vortexfs1/home/anthony.meza/.conda/envs/notebook_env/lib/python3.10/site-packages/distributed/comm/tcp.py", line 241, in read
    convert_stream_closed_error(self, e)
  File "/vortexfs1/home/anthony.meza/.conda/envs/notebook_env/lib/python3.10/site-packages/distributed/comm/tcp.py", line 144, in convert_stream_closed_error
    raise CommClosedError(f"in {obj}: {exc}") from exc
distributed.comm.core.CommClosedError: in <TCP (closed) Client->Scheduler local=tcp://172.16.3.100:48696 remote=tcp://172.16.3.91:39499>: Stream is closed

During handling of the above exception, another exception occurred:

Traceback (most recent call last):
  File "/vortexfs1/home/anthony.meza/.conda/envs/notebook_env/lib/python3.10/site-packages/distributed/utils.py", line 742, in wrapper
    return await func(*args, **kwargs)
  File "/vortexfs1/home/anthony.meza/.conda/envs/notebook_env/lib/python3.10/site-packages/distributed/client.py", line 1508, in _handle_report
    await self._reconnect()
  File "/vortexfs1/home/anthony.meza/.conda/envs/notebook_env/lib/python3.10/site-packages/distributed/utils.py", line 742, in wrapper
    return await func(*args, **kwargs)
  File "/vortexfs1/home/anthony.meza/.conda/envs/notebook_env/lib/python3.10/site-packages/distributed/client.py", line 1298, in _reconnect
    await self._ensure_connected(timeout=timeout)
  File "/vortexfs1/home/anthony.meza/.conda/envs/notebook_env/lib/python3.10/site-packages/distributed/client.py", line 1328, in _ensure_connected
    comm = await connect(
  File "/vortexfs1/home/anthony.meza/.conda/envs/notebook_env/lib/python3.10/site-packages/distributed/comm/core.py", line 315, in connect
    await asyncio.sleep(backoff)
  File "/vortexfs1/home/anthony.meza/.conda/envs/notebook_env/lib/python3.10/asyncio/tasks.py", line 605, in sleep
    return await future
asyncio.exceptions.CancelledError
2023-04-18 10:48:25,497 - distributed.nanny - INFO - Worker closed
2023-04-18 10:48:27,499 - distributed.nanny - ERROR - Worker process died unexpectedly
Exception ignored in: <function CachingFileManager.__del__ at 0x2aaac74a3ac0>
Traceback (most recent call last):
  File "/vortexfs1/home/anthony.meza/.conda/envs/notebook_env/lib/python3.10/site-packages/xarray/backends/file_manager.py", line 248, in __del__
    self.close(needs_lock=False)
  File "/vortexfs1/home/anthony.meza/.conda/envs/notebook_env/lib/python3.10/site-packages/xarray/backends/file_manager.py", line 232, in close
    file.close()
  File "src/netCDF4/_netCDF4.pyx", line 2624, in netCDF4._netCDF4.Dataset.close
  File "src/netCDF4/_netCDF4.pyx", line 2587, in netCDF4._netCDF4.Dataset._close
  File "src/netCDF4/_netCDF4.pyx", line 2028, in netCDF4._netCDF4._ensure_nc_success
RuntimeError: NetCDF: Not a valid ID
2023-04-18 10:48:33,121 - distributed.nanny - INFO - Closing Nanny at 'tcp://172.16.3.100:44402'. Reason: nanny-close-gracefully
2023-04-18 10:48:33,122 - distributed.dask_worker - INFO - End worker
