2023-05-03 09:51:33,921 - distributed.nanny - INFO -         Start Nanny at: 'tcp://172.16.3.168:42354'
2023-05-03 09:51:36,031 - distributed.worker - INFO -       Start worker at:   tcp://172.16.3.168:42978
2023-05-03 09:51:36,031 - distributed.worker - INFO -          Listening to:   tcp://172.16.3.168:42978
2023-05-03 09:51:36,031 - distributed.worker - INFO -           Worker name:            SLURMCluster-15
2023-05-03 09:51:36,031 - distributed.worker - INFO -          dashboard at:         172.16.3.168:40458
2023-05-03 09:51:36,031 - distributed.worker - INFO - Waiting to connect to:   tcp://172.16.3.158:45398
2023-05-03 09:51:36,031 - distributed.worker - INFO - -------------------------------------------------
2023-05-03 09:51:36,031 - distributed.worker - INFO -               Threads:                         36
2023-05-03 09:51:36,031 - distributed.worker - INFO -                Memory:                 178.81 GiB
2023-05-03 09:51:36,031 - distributed.worker - INFO -       Local Directory: /tmp/dask-worker-space/worker-_m6e5l6o
2023-05-03 09:51:36,031 - distributed.worker - INFO - -------------------------------------------------
2023-05-03 09:51:36,036 - distributed.worker - INFO -         Registered to:   tcp://172.16.3.158:45398
2023-05-03 09:51:36,036 - distributed.worker - INFO - -------------------------------------------------
2023-05-03 09:51:36,037 - distributed.core - INFO - Starting established connection to tcp://172.16.3.158:45398
2023-05-03 09:53:20,487 - distributed.core - INFO - Event loop was unresponsive in Worker for 26.96s.  This is often caused by long-running GIL-holding functions or moving large chunks of data. This can cause timeouts and instability.
2023-05-03 09:53:29,459 - distributed.core - INFO - Event loop was unresponsive in Worker for 8.97s.  This is often caused by long-running GIL-holding functions or moving large chunks of data. This can cause timeouts and instability.
2023-05-03 09:53:38,106 - distributed.core - INFO - Event loop was unresponsive in Worker for 8.65s.  This is often caused by long-running GIL-holding functions or moving large chunks of data. This can cause timeouts and instability.
2023-05-03 09:53:44,303 - distributed.core - INFO - Event loop was unresponsive in Worker for 3.59s.  This is often caused by long-running GIL-holding functions or moving large chunks of data. This can cause timeouts and instability.
2023-05-03 09:53:53,562 - distributed.core - INFO - Event loop was unresponsive in Worker for 6.95s.  This is often caused by long-running GIL-holding functions or moving large chunks of data. This can cause timeouts and instability.
2023-05-03 09:54:09,907 - distributed.core - INFO - Event loop was unresponsive in Nanny for 7.08s.  This is often caused by long-running GIL-holding functions or moving large chunks of data. This can cause timeouts and instability.
2023-05-03 09:54:12,858 - distributed.core - INFO - Event loop was unresponsive in Nanny for 3.74s.  This is often caused by long-running GIL-holding functions or moving large chunks of data. This can cause timeouts and instability.
2023-05-03 09:55:33,208 - distributed.nanny - INFO - Worker process 311913 was killed by signal 9
2023-05-03 09:55:33,363 - distributed.nanny - WARNING - Restarting worker
2023-05-03 09:55:37,259 - distributed.worker - INFO -       Start worker at:   tcp://172.16.3.168:34026
2023-05-03 09:55:37,260 - distributed.worker - INFO -          Listening to:   tcp://172.16.3.168:34026
2023-05-03 09:55:37,260 - distributed.worker - INFO -           Worker name:            SLURMCluster-15
2023-05-03 09:55:37,260 - distributed.worker - INFO -          dashboard at:         172.16.3.168:43921
2023-05-03 09:55:37,260 - distributed.worker - INFO - Waiting to connect to:   tcp://172.16.3.158:45398
2023-05-03 09:55:37,260 - distributed.worker - INFO - -------------------------------------------------
2023-05-03 09:55:37,260 - distributed.worker - INFO -               Threads:                         36
2023-05-03 09:55:37,278 - distributed.worker - INFO -                Memory:                 178.81 GiB
2023-05-03 09:55:37,278 - distributed.worker - INFO -       Local Directory: /tmp/dask-worker-space/worker-uzvuog3g
2023-05-03 09:55:37,278 - distributed.worker - INFO - -------------------------------------------------
2023-05-03 09:55:37,290 - distributed.worker - INFO -         Registered to:   tcp://172.16.3.158:45398
2023-05-03 09:55:37,290 - distributed.worker - INFO - -------------------------------------------------
2023-05-03 09:55:37,290 - distributed.core - INFO - Starting established connection to tcp://172.16.3.158:45398
2023-05-03 10:03:28,727 - distributed.core - INFO - Removing comms to tcp://172.16.3.88:39818
2023-05-03 10:03:28,727 - distributed.worker - ERROR - Worker stream died during communication: tcp://172.16.3.88:39818
Traceback (most recent call last):
  File "/vortexfs1/home/anthony.meza/mambaforge/envs/atm_rivers/lib/python3.10/site-packages/distributed/comm/tcp.py", line 225, in read
    frames_nbytes = await stream.read_bytes(fmt_size)
tornado.iostream.StreamClosedError: Stream is closed

The above exception was the direct cause of the following exception:

Traceback (most recent call last):
  File "/vortexfs1/home/anthony.meza/mambaforge/envs/atm_rivers/lib/python3.10/site-packages/distributed/worker.py", line 2056, in gather_dep
    response = await get_data_from_worker(
  File "/vortexfs1/home/anthony.meza/mambaforge/envs/atm_rivers/lib/python3.10/site-packages/distributed/worker.py", line 2891, in get_data_from_worker
    response = await send_recv(
  File "/vortexfs1/home/anthony.meza/mambaforge/envs/atm_rivers/lib/python3.10/site-packages/distributed/core.py", line 1027, in send_recv
    response = await comm.read(deserializers=deserializers)
  File "/vortexfs1/home/anthony.meza/mambaforge/envs/atm_rivers/lib/python3.10/site-packages/distributed/comm/tcp.py", line 241, in read
    convert_stream_closed_error(self, e)
  File "/vortexfs1/home/anthony.meza/mambaforge/envs/atm_rivers/lib/python3.10/site-packages/distributed/comm/tcp.py", line 144, in convert_stream_closed_error
    raise CommClosedError(f"in {obj}: {exc}") from exc
distributed.comm.core.CommClosedError: in <TCP (closed) Ephemeral Worker->Worker for gather local=tcp://172.16.3.168:35993 remote=tcp://172.16.3.88:39818>: Stream is closed
2023-05-03 10:05:41,878 - distributed.worker - ERROR - Worker stream died during communication: tcp://172.16.3.190:41909
Traceback (most recent call last):
  File "/vortexfs1/home/anthony.meza/mambaforge/envs/atm_rivers/lib/python3.10/site-packages/distributed/comm/tcp.py", line 225, in read
    frames_nbytes = await stream.read_bytes(fmt_size)
tornado.iostream.StreamClosedError: Stream is closed

The above exception was the direct cause of the following exception:

Traceback (most recent call last):
  File "/vortexfs1/home/anthony.meza/mambaforge/envs/atm_rivers/lib/python3.10/site-packages/distributed/worker.py", line 2056, in gather_dep
    response = await get_data_from_worker(
  File "/vortexfs1/home/anthony.meza/mambaforge/envs/atm_rivers/lib/python3.10/site-packages/distributed/worker.py", line 2891, in get_data_from_worker
    response = await send_recv(
  File "/vortexfs1/home/anthony.meza/mambaforge/envs/atm_rivers/lib/python3.10/site-packages/distributed/core.py", line 1027, in send_recv
    response = await comm.read(deserializers=deserializers)
  File "/vortexfs1/home/anthony.meza/mambaforge/envs/atm_rivers/lib/python3.10/site-packages/distributed/comm/tcp.py", line 241, in read
    convert_stream_closed_error(self, e)
  File "/vortexfs1/home/anthony.meza/mambaforge/envs/atm_rivers/lib/python3.10/site-packages/distributed/comm/tcp.py", line 144, in convert_stream_closed_error
    raise CommClosedError(f"in {obj}: {exc}") from exc
distributed.comm.core.CommClosedError: in <TCP (closed) Ephemeral Worker->Worker for gather local=tcp://172.16.3.168:57172 remote=tcp://172.16.3.190:41909>: Stream is closed
2023-05-03 10:05:42,065 - distributed.core - INFO - Removing comms to tcp://172.16.3.190:41909
2023-05-03 10:08:29,293 - distributed.worker.memory - WARNING - Unmanaged memory use is high. This may indicate a memory leak or the memory may not be released to the OS; see https://distributed.dask.org/en/latest/worker-memory.html#memory-not-released-back-to-the-os for more information. -- Unmanaged memory: 125.51 GiB -- Worker memory limit: 178.81 GiB
2023-05-03 10:08:33,311 - distributed.core - INFO - Removing comms to tcp://172.16.3.63:37036
2023-05-03 10:08:33,311 - distributed.core - INFO - Removing comms to tcp://172.16.3.62:43664
2023-05-03 10:08:33,346 - distributed.core - INFO - Removing comms to tcp://172.16.3.61:36881
slurmstepd: error: *** JOB 3082151 ON pn118 CANCELLED AT 2023-05-03T10:08:33 ***
