2023-05-02 17:05:48,362 - distributed.nanny - INFO -         Start Nanny at: 'tcp://172.16.3.166:33134'
2023-05-02 17:05:48,736 - distributed.diskutils - INFO - Found stale lock file and directory '/tmp/dask-worker-space/worker-jez4encc', purging
2023-05-02 17:05:49,643 - distributed.worker - INFO -       Start worker at:   tcp://172.16.3.166:45735
2023-05-02 17:05:49,644 - distributed.worker - INFO -          Listening to:   tcp://172.16.3.166:45735
2023-05-02 17:05:49,644 - distributed.worker - INFO -           Worker name:            SLURMCluster-10
2023-05-02 17:05:49,644 - distributed.worker - INFO -          dashboard at:         172.16.3.166:39161
2023-05-02 17:05:49,644 - distributed.worker - INFO - Waiting to connect to:   tcp://172.16.3.106:33609
2023-05-02 17:05:49,644 - distributed.worker - INFO - -------------------------------------------------
2023-05-02 17:05:49,644 - distributed.worker - INFO -               Threads:                         36
2023-05-02 17:05:49,644 - distributed.worker - INFO -                Memory:                  46.57 GiB
2023-05-02 17:05:49,644 - distributed.worker - INFO -       Local Directory: /tmp/dask-worker-space/worker-367wji5e
2023-05-02 17:05:49,644 - distributed.worker - INFO - -------------------------------------------------
2023-05-02 17:05:49,649 - distributed.worker - INFO -         Registered to:   tcp://172.16.3.106:33609
2023-05-02 17:05:49,649 - distributed.worker - INFO - -------------------------------------------------
2023-05-02 17:05:49,650 - distributed.core - INFO - Starting established connection to tcp://172.16.3.106:33609
2023-05-02 17:06:26,812 - distributed.core - INFO - Event loop was unresponsive in Worker for 6.18s.  This is often caused by long-running GIL-holding functions or moving large chunks of data. This can cause timeouts and instability.
2023-05-02 17:06:51,958 - distributed.core - INFO - Removing comms to tcp://172.16.3.187:42359
2023-05-02 17:06:55,633 - distributed.utils_perf - INFO - full garbage collection released 4.84 GiB from 40 reference cycles (threshold: 9.54 MiB)
2023-05-02 17:06:55,634 - distributed.worker.memory - WARNING - Worker is at 80% memory usage. Pausing worker.  Process memory: 37.31 GiB -- Worker memory limit: 46.57 GiB
2023-05-02 17:06:55,821 - distributed.worker.memory - WARNING - Worker is at 70% memory usage. Resuming worker. Process memory: 32.79 GiB -- Worker memory limit: 46.57 GiB
2023-05-02 17:06:58,081 - distributed.core - INFO - Removing comms to tcp://172.16.3.188:34732
2023-05-02 17:06:58,082 - distributed.worker.memory - WARNING - Unmanaged memory use is high. This may indicate a memory leak or the memory may not be released to the OS; see https://distributed.dask.org/en/latest/worker-memory.html#memory-not-released-back-to-the-os for more information. -- Unmanaged memory: 33.08 GiB -- Worker memory limit: 46.57 GiB
2023-05-02 17:06:58,082 - distributed.core - INFO - Removing comms to tcp://172.16.3.167:44601
2023-05-02 17:07:02,549 - distributed.worker.memory - WARNING - Worker is at 91% memory usage. Pausing worker.  Process memory: 42.77 GiB -- Worker memory limit: 46.57 GiB
2023-05-02 17:07:02,753 - distributed.core - INFO - Event loop was unresponsive in Worker for 4.60s.  This is often caused by long-running GIL-holding functions or moving large chunks of data. This can cause timeouts and instability.
2023-05-02 17:07:02,758 - distributed.core - INFO - Removing comms to tcp://172.16.3.105:33978
2023-05-02 17:07:02,759 - distributed.core - INFO - Removing comms to tcp://172.16.3.189:37163
2023-05-02 17:07:02,830 - distributed.core - INFO - Removing comms to tcp://172.16.3.92:44975
2023-05-02 17:07:05,614 - distributed.core - INFO - Removing comms to tcp://172.16.3.65:37796
2023-05-02 17:07:05,774 - distributed.nanny.memory - WARNING - Worker tcp://172.16.3.166:45735 (pid=382211) exceeded 95% memory budget. Restarting...
2023-05-02 17:07:09,290 - distributed.nanny - INFO - Worker process 382211 was killed by signal 15
2023-05-02 17:07:19,381 - distributed.nanny - WARNING - Restarting worker
2023-05-02 17:07:23,527 - distributed.worker - INFO -       Start worker at:   tcp://172.16.3.166:32906
2023-05-02 17:07:23,528 - distributed.worker - INFO -          Listening to:   tcp://172.16.3.166:32906
2023-05-02 17:07:23,528 - distributed.worker - INFO -           Worker name:            SLURMCluster-10
2023-05-02 17:07:23,528 - distributed.worker - INFO -          dashboard at:         172.16.3.166:33014
2023-05-02 17:07:23,528 - distributed.worker - INFO - Waiting to connect to:   tcp://172.16.3.106:33609
2023-05-02 17:07:23,528 - distributed.worker - INFO - -------------------------------------------------
2023-05-02 17:07:23,528 - distributed.worker - INFO -               Threads:                         36
2023-05-02 17:07:23,528 - distributed.worker - INFO -                Memory:                  46.57 GiB
2023-05-02 17:07:23,528 - distributed.worker - INFO -       Local Directory: /tmp/dask-worker-space/worker-8a676nxd
2023-05-02 17:07:23,528 - distributed.worker - INFO - -------------------------------------------------
2023-05-02 17:07:53,528 - distributed.worker - INFO - Waiting to connect to:   tcp://172.16.3.106:33609
2023-05-02 17:08:19,383 - distributed.nanny - ERROR - Timed out connecting Nanny '<Nanny: tcp://172.16.3.166:45735, threads: 36>' to scheduler 'tcp://172.16.3.106:33609'
2023-05-02 17:08:19,384 - distributed.nanny - INFO - Closing Nanny at 'tcp://172.16.3.166:33134'. Reason: nanny-instantiate-timeout
2023-05-02 17:08:21,019 - distributed.worker - INFO - Stopping worker at tcp://172.16.3.166:32906. Reason: worker-close
2023-05-02 17:08:21,019 - distributed.worker - INFO - Closed worker has not yet started: Status.init
2023-05-02 17:08:21,022 - distributed.nanny - ERROR - Failed to start worker
ConnectionRefusedError: [Errno 111] Connection refused

The above exception was the direct cause of the following exception:

Traceback (most recent call last):
  File "/vortexfs1/home/anthony.meza/mambaforge/envs/atm_rivers/lib/python3.10/site-packages/distributed/comm/core.py", line 292, in connect
    comm = await wait_for(
  File "/vortexfs1/home/anthony.meza/mambaforge/envs/atm_rivers/lib/python3.10/site-packages/distributed/utils.py", line 1850, in wait_for
    return await asyncio.wait_for(fut, timeout)
  File "/vortexfs1/home/anthony.meza/mambaforge/envs/atm_rivers/lib/python3.10/asyncio/tasks.py", line 445, in wait_for
    return fut.result()
  File "/vortexfs1/home/anthony.meza/mambaforge/envs/atm_rivers/lib/python3.10/site-packages/distributed/comm/tcp.py", line 511, in connect
    convert_stream_closed_error(self, e)
  File "/vortexfs1/home/anthony.meza/mambaforge/envs/atm_rivers/lib/python3.10/site-packages/distributed/comm/tcp.py", line 142, in convert_stream_closed_error
    raise CommClosedError(f"in {obj}: {exc.__class__.__name__}: {exc}") from exc
distributed.comm.core.CommClosedError: in <distributed.comm.tcp.TCPConnector object at 0x2aaacb1cada0>: ConnectionRefusedError: [Errno 111] Connection refused

During handling of the above exception, another exception occurred:

Traceback (most recent call last):
  File "/vortexfs1/home/anthony.meza/mambaforge/envs/atm_rivers/lib/python3.10/site-packages/distributed/worker.py", line 1472, in start_unsafe
    await self._register_with_scheduler()
  File "/vortexfs1/home/anthony.meza/mambaforge/envs/atm_rivers/lib/python3.10/site-packages/distributed/worker.py", line 1163, in _register_with_scheduler
    comm = await connect(self.scheduler.address, **self.connection_args)
  File "/vortexfs1/home/anthony.meza/mambaforge/envs/atm_rivers/lib/python3.10/site-packages/distributed/comm/core.py", line 316, in connect
    await asyncio.sleep(backoff)
  File "/vortexfs1/home/anthony.meza/mambaforge/envs/atm_rivers/lib/python3.10/asyncio/tasks.py", line 605, in sleep
    return await future
asyncio.exceptions.CancelledError

During handling of the above exception, another exception occurred:

Traceback (most recent call last):
  File "/vortexfs1/home/anthony.meza/mambaforge/envs/atm_rivers/lib/python3.10/asyncio/tasks.py", line 456, in wait_for
    return fut.result()
asyncio.exceptions.CancelledError

The above exception was the direct cause of the following exception:

Traceback (most recent call last):
  File "/vortexfs1/home/anthony.meza/mambaforge/envs/atm_rivers/lib/python3.10/site-packages/distributed/core.py", line 537, in start
    await wait_for(self.start_unsafe(), timeout=timeout)
  File "/vortexfs1/home/anthony.meza/mambaforge/envs/atm_rivers/lib/python3.10/site-packages/distributed/utils.py", line 1850, in wait_for
    return await asyncio.wait_for(fut, timeout)
  File "/vortexfs1/home/anthony.meza/mambaforge/envs/atm_rivers/lib/python3.10/asyncio/tasks.py", line 458, in wait_for
    raise exceptions.TimeoutError() from exc
asyncio.exceptions.TimeoutError

The above exception was the direct cause of the following exception:

Traceback (most recent call last):
  File "/vortexfs1/home/anthony.meza/mambaforge/envs/atm_rivers/lib/python3.10/site-packages/distributed/nanny.py", line 930, in run
    async with worker:
  File "/vortexfs1/home/anthony.meza/mambaforge/envs/atm_rivers/lib/python3.10/site-packages/distributed/core.py", line 550, in __aenter__
    await self
  File "/vortexfs1/home/anthony.meza/mambaforge/envs/atm_rivers/lib/python3.10/site-packages/distributed/core.py", line 540, in start
    raise asyncio.TimeoutError(
asyncio.exceptions.TimeoutError: Worker start timed out after 60s.
slurmstepd: error: *** JOB 3081337 ON pn116 CANCELLED AT 2023-05-02T19:06:06 DUE TO TIME LIMIT ***
