2023-05-02 17:32:59,853 - distributed.nanny - INFO -         Start Nanny at: 'tcp://172.16.3.167:41521'
2023-05-02 17:33:00,228 - distributed.diskutils - INFO - Found stale lock file and directory '/tmp/dask-worker-space/worker-lr_dt6_s', purging
2023-05-02 17:33:00,954 - distributed.worker - INFO -       Start worker at:   tcp://172.16.3.167:38216
2023-05-02 17:33:00,954 - distributed.worker - INFO -          Listening to:   tcp://172.16.3.167:38216
2023-05-02 17:33:00,954 - distributed.worker - INFO -           Worker name:             SLURMCluster-5
2023-05-02 17:33:00,954 - distributed.worker - INFO -          dashboard at:         172.16.3.167:46104
2023-05-02 17:33:00,954 - distributed.worker - INFO - Waiting to connect to:   tcp://172.16.3.106:40988
2023-05-02 17:33:00,954 - distributed.worker - INFO - -------------------------------------------------
2023-05-02 17:33:00,954 - distributed.worker - INFO -               Threads:                         36
2023-05-02 17:33:00,954 - distributed.worker - INFO -                Memory:                  93.13 GiB
2023-05-02 17:33:00,954 - distributed.worker - INFO -       Local Directory: /tmp/dask-worker-space/worker-gxgi5972
2023-05-02 17:33:00,954 - distributed.worker - INFO - -------------------------------------------------
2023-05-02 17:33:00,959 - distributed.worker - INFO -         Registered to:   tcp://172.16.3.106:40988
2023-05-02 17:33:00,959 - distributed.worker - INFO - -------------------------------------------------
2023-05-02 17:33:00,960 - distributed.core - INFO - Starting established connection to tcp://172.16.3.106:40988
2023-05-02 17:35:03,772 - distributed.core - INFO - Event loop was unresponsive in Worker for 3.76s.  This is often caused by long-running GIL-holding functions or moving large chunks of data. This can cause timeouts and instability.
2023-05-02 17:35:07,399 - distributed.core - INFO - Event loop was unresponsive in Worker for 3.63s.  This is often caused by long-running GIL-holding functions or moving large chunks of data. This can cause timeouts and instability.
2023-05-02 17:35:11,489 - distributed.core - INFO - Event loop was unresponsive in Worker for 4.09s.  This is often caused by long-running GIL-holding functions or moving large chunks of data. This can cause timeouts and instability.
2023-05-02 17:35:17,359 - distributed.core - INFO - Event loop was unresponsive in Worker for 5.87s.  This is often caused by long-running GIL-holding functions or moving large chunks of data. This can cause timeouts and instability.
2023-05-02 17:35:33,642 - distributed.core - INFO - Event loop was unresponsive in Worker for 3.33s.  This is often caused by long-running GIL-holding functions or moving large chunks of data. This can cause timeouts and instability.
2023-05-02 17:35:40,041 - distributed.core - INFO - Event loop was unresponsive in Worker for 6.40s.  This is often caused by long-running GIL-holding functions or moving large chunks of data. This can cause timeouts and instability.
2023-05-02 17:35:45,621 - distributed.core - INFO - Event loop was unresponsive in Worker for 5.58s.  This is often caused by long-running GIL-holding functions or moving large chunks of data. This can cause timeouts and instability.
2023-05-02 17:35:48,035 - distributed.core - INFO - Connection to tcp://172.16.3.106:40988 has been closed.
2023-05-02 17:35:48,036 - distributed.worker - INFO - Stopping worker at tcp://172.16.3.167:38216. Reason: worker-handle-scheduler-connection-broken
2023-05-02 17:35:48,036 - distributed.worker - ERROR - Failed to communicate with scheduler during heartbeat.
Traceback (most recent call last):
  File "/vortexfs1/home/anthony.meza/mambaforge/envs/atm_rivers/lib/python3.10/site-packages/tornado/iostream.py", line 861, in _read_to_buffer
    bytes_read = self.read_from_fd(buf)
  File "/vortexfs1/home/anthony.meza/mambaforge/envs/atm_rivers/lib/python3.10/site-packages/tornado/iostream.py", line 1116, in read_from_fd
    return self.socket.recv_into(buf, len(buf))
ConnectionResetError: [Errno 104] Connection reset by peer

The above exception was the direct cause of the following exception:

Traceback (most recent call last):
  File "/vortexfs1/home/anthony.meza/mambaforge/envs/atm_rivers/lib/python3.10/site-packages/distributed/worker.py", line 1234, in heartbeat
    response = await retry_operation(
  File "/vortexfs1/home/anthony.meza/mambaforge/envs/atm_rivers/lib/python3.10/site-packages/distributed/utils_comm.py", line 434, in retry_operation
    return await retry(
  File "/vortexfs1/home/anthony.meza/mambaforge/envs/atm_rivers/lib/python3.10/site-packages/distributed/utils_comm.py", line 413, in retry
    return await coro()
  File "/vortexfs1/home/anthony.meza/mambaforge/envs/atm_rivers/lib/python3.10/site-packages/distributed/core.py", line 1268, in send_recv_from_rpc
    return await send_recv(comm=comm, op=key, **kwargs)
  File "/vortexfs1/home/anthony.meza/mambaforge/envs/atm_rivers/lib/python3.10/site-packages/distributed/core.py", line 1027, in send_recv
    response = await comm.read(deserializers=deserializers)
  File "/vortexfs1/home/anthony.meza/mambaforge/envs/atm_rivers/lib/python3.10/site-packages/distributed/comm/tcp.py", line 241, in read
    convert_stream_closed_error(self, e)
  File "/vortexfs1/home/anthony.meza/mambaforge/envs/atm_rivers/lib/python3.10/site-packages/distributed/comm/tcp.py", line 142, in convert_stream_closed_error
    raise CommClosedError(f"in {obj}: {exc.__class__.__name__}: {exc}") from exc
distributed.comm.core.CommClosedError: in <TCP (closed) ConnectionPool.heartbeat_worker local=tcp://172.16.3.167:57694 remote=tcp://172.16.3.106:40988>: ConnectionResetError: [Errno 104] Connection reset by peer
2023-05-02 17:35:49,526 - distributed.batched - INFO - Batched Comm Closed <TCP (closed) Worker->Scheduler local=tcp://172.16.3.167:57692 remote=tcp://172.16.3.106:40988>
Traceback (most recent call last):
  File "/vortexfs1/home/anthony.meza/mambaforge/envs/atm_rivers/lib/python3.10/site-packages/distributed/comm/tcp.py", line 317, in write
    raise StreamClosedError()
tornado.iostream.StreamClosedError: Stream is closed

The above exception was the direct cause of the following exception:

Traceback (most recent call last):
  File "/vortexfs1/home/anthony.meza/mambaforge/envs/atm_rivers/lib/python3.10/site-packages/distributed/batched.py", line 115, in _background_send
    nbytes = yield coro
  File "/vortexfs1/home/anthony.meza/mambaforge/envs/atm_rivers/lib/python3.10/site-packages/tornado/gen.py", line 767, in run
    value = future.result()
  File "/vortexfs1/home/anthony.meza/mambaforge/envs/atm_rivers/lib/python3.10/site-packages/distributed/comm/tcp.py", line 328, in write
    convert_stream_closed_error(self, e)
  File "/vortexfs1/home/anthony.meza/mambaforge/envs/atm_rivers/lib/python3.10/site-packages/distributed/comm/tcp.py", line 144, in convert_stream_closed_error
    raise CommClosedError(f"in {obj}: {exc}") from exc
distributed.comm.core.CommClosedError: in <TCP (closed) Worker->Scheduler local=tcp://172.16.3.167:57692 remote=tcp://172.16.3.106:40988>: Stream is closed
2023-05-02 17:35:49,555 - distributed.worker - ERROR - failed during get data with tcp://172.16.3.167:38216 -> tcp://172.16.3.105:39501
Traceback (most recent call last):
  File "/vortexfs1/home/anthony.meza/mambaforge/envs/atm_rivers/lib/python3.10/site-packages/tornado/iostream.py", line 962, in _handle_write
    num_bytes = self.write_to_fd(self._write_buffer.peek(size))
  File "/vortexfs1/home/anthony.meza/mambaforge/envs/atm_rivers/lib/python3.10/site-packages/tornado/iostream.py", line 1124, in write_to_fd
    return self.socket.send(data)  # type: ignore
ConnectionResetError: [Errno 104] Connection reset by peer

The above exception was the direct cause of the following exception:

Traceback (most recent call last):
  File "/vortexfs1/home/anthony.meza/mambaforge/envs/atm_rivers/lib/python3.10/site-packages/distributed/worker.py", line 1783, in get_data
    response = await comm.read(deserializers=serializers)
  File "/vortexfs1/home/anthony.meza/mambaforge/envs/atm_rivers/lib/python3.10/site-packages/distributed/comm/tcp.py", line 241, in read
    convert_stream_closed_error(self, e)
  File "/vortexfs1/home/anthony.meza/mambaforge/envs/atm_rivers/lib/python3.10/site-packages/distributed/comm/tcp.py", line 142, in convert_stream_closed_error
    raise CommClosedError(f"in {obj}: {exc.__class__.__name__}: {exc}") from exc
distributed.comm.core.CommClosedError: in <TCP (closed)  local=tcp://172.16.3.167:38216 remote=tcp://172.16.3.105:36587>: ConnectionResetError: [Errno 104] Connection reset by peer
2023-05-02 17:35:49,576 - distributed.nanny - INFO - Closing Nanny gracefully at 'tcp://172.16.3.167:41521'. Reason: worker-handle-scheduler-connection-broken
2023-05-02 17:35:50,730 - distributed.nanny - INFO - Worker closed
2023-05-02 17:35:52,733 - distributed.nanny - ERROR - Worker process died unexpectedly
2023-05-02 17:35:53,958 - distributed.nanny - INFO - Closing Nanny at 'tcp://172.16.3.167:41521'. Reason: nanny-close-gracefully
2023-05-02 17:35:53,959 - distributed.dask_worker - INFO - End worker
