2023-04-18 10:10:21,296 - distributed.nanny - INFO -         Start Nanny at: 'tcp://172.16.3.67:43459'
2023-04-18 10:10:23,532 - distributed.worker - INFO -       Start worker at:    tcp://172.16.3.67:45612
2023-04-18 10:10:23,532 - distributed.worker - INFO -          Listening to:    tcp://172.16.3.67:45612
2023-04-18 10:10:23,532 - distributed.worker - INFO -           Worker name:             SLURMCluster-3
2023-04-18 10:10:23,532 - distributed.worker - INFO -          dashboard at:          172.16.3.67:40406
2023-04-18 10:10:23,533 - distributed.worker - INFO - Waiting to connect to:    tcp://172.16.3.91:46039
2023-04-18 10:10:23,533 - distributed.worker - INFO - -------------------------------------------------
2023-04-18 10:10:23,533 - distributed.worker - INFO -               Threads:                         36
2023-04-18 10:10:23,533 - distributed.worker - INFO -                Memory:                 178.81 GiB
2023-04-18 10:10:23,533 - distributed.worker - INFO -       Local Directory: /tmp/dask-worker-space/worker-dxfqwv_t
2023-04-18 10:10:23,533 - distributed.worker - INFO - -------------------------------------------------
2023-04-18 10:10:23,538 - distributed.worker - INFO -         Registered to:    tcp://172.16.3.91:46039
2023-04-18 10:10:23,538 - distributed.worker - INFO - -------------------------------------------------
2023-04-18 10:10:23,538 - distributed.core - INFO - Starting established connection to tcp://172.16.3.91:46039
2023-04-18 10:14:52,067 - distributed.worker - ERROR - Exception during execution of task ('open_dataset-37ec722759797626ca00266c441ee91ethetao-634ca4ee3aca033fc932a340c74d535e', 37, 2, 0, 0).
Traceback (most recent call last):
  File "/vortexfs1/home/anthony.meza/.conda/envs/notebook_env/lib/python3.10/site-packages/distributed/worker.py", line 2337, in _prepare_args_for_execution
    data[k] = self.data[k]
  File "/vortexfs1/home/anthony.meza/.conda/envs/notebook_env/lib/python3.10/site-packages/zict/buffer.py", line 108, in __getitem__
    raise KeyError(key)
KeyError: 'original-open_dataset-37ec722759797626ca00266c441ee91ethetao-634ca4ee3aca033fc932a340c74d535e'

During handling of the above exception, another exception occurred:

Traceback (most recent call last):
  File "/vortexfs1/home/anthony.meza/.conda/envs/notebook_env/lib/python3.10/site-packages/distributed/worker.py", line 2235, in execute
    args2, kwargs2 = self._prepare_args_for_execution(ts, args, kwargs)
  File "/vortexfs1/home/anthony.meza/.conda/envs/notebook_env/lib/python3.10/site-packages/distributed/worker.py", line 2341, in _prepare_args_for_execution
    data[k] = Actor(type(self.state.actors[k]), self.address, k, self)
KeyError: 'original-open_dataset-37ec722759797626ca00266c441ee91ethetao-634ca4ee3aca033fc932a340c74d535e'
2023-04-18 10:14:52,354 - distributed.worker - ERROR - Exception during execution of task ('open_dataset-37ec722759797626ca00266c441ee91ethetao-634ca4ee3aca033fc932a340c74d535e', 2, 1, 0, 0).
Traceback (most recent call last):
  File "/vortexfs1/home/anthony.meza/.conda/envs/notebook_env/lib/python3.10/site-packages/distributed/worker.py", line 2337, in _prepare_args_for_execution
    data[k] = self.data[k]
  File "/vortexfs1/home/anthony.meza/.conda/envs/notebook_env/lib/python3.10/site-packages/zict/buffer.py", line 108, in __getitem__
    raise KeyError(key)
KeyError: 'original-open_dataset-37ec722759797626ca00266c441ee91ethetao-634ca4ee3aca033fc932a340c74d535e'

During handling of the above exception, another exception occurred:

Traceback (most recent call last):
  File "/vortexfs1/home/anthony.meza/.conda/envs/notebook_env/lib/python3.10/site-packages/distributed/worker.py", line 2235, in execute
    args2, kwargs2 = self._prepare_args_for_execution(ts, args, kwargs)
  File "/vortexfs1/home/anthony.meza/.conda/envs/notebook_env/lib/python3.10/site-packages/distributed/worker.py", line 2341, in _prepare_args_for_execution
    data[k] = Actor(type(self.state.actors[k]), self.address, k, self)
KeyError: 'original-open_dataset-37ec722759797626ca00266c441ee91ethetao-634ca4ee3aca033fc932a340c74d535e'
2023-04-18 10:14:52,356 - distributed.worker - ERROR - Exception during execution of task ('open_dataset-37ec722759797626ca00266c441ee91ethetao-634ca4ee3aca033fc932a340c74d535e', 36, 2, 0, 0).
Traceback (most recent call last):
  File "/vortexfs1/home/anthony.meza/.conda/envs/notebook_env/lib/python3.10/site-packages/distributed/worker.py", line 2337, in _prepare_args_for_execution
    data[k] = self.data[k]
  File "/vortexfs1/home/anthony.meza/.conda/envs/notebook_env/lib/python3.10/site-packages/zict/buffer.py", line 108, in __getitem__
    raise KeyError(key)
KeyError: 'original-open_dataset-37ec722759797626ca00266c441ee91ethetao-634ca4ee3aca033fc932a340c74d535e'

During handling of the above exception, another exception occurred:

Traceback (most recent call last):
  File "/vortexfs1/home/anthony.meza/.conda/envs/notebook_env/lib/python3.10/site-packages/distributed/worker.py", line 2235, in execute
    args2, kwargs2 = self._prepare_args_for_execution(ts, args, kwargs)
  File "/vortexfs1/home/anthony.meza/.conda/envs/notebook_env/lib/python3.10/site-packages/distributed/worker.py", line 2341, in _prepare_args_for_execution
    data[k] = Actor(type(self.state.actors[k]), self.address, k, self)
KeyError: 'original-open_dataset-37ec722759797626ca00266c441ee91ethetao-634ca4ee3aca033fc932a340c74d535e'
2023-04-18 10:14:52,357 - distributed.worker - ERROR - Exception during execution of task ('open_dataset-37ec722759797626ca00266c441ee91ethetao-634ca4ee3aca033fc932a340c74d535e', 44, 1, 0, 0).
Traceback (most recent call last):
  File "/vortexfs1/home/anthony.meza/.conda/envs/notebook_env/lib/python3.10/site-packages/distributed/worker.py", line 2337, in _prepare_args_for_execution
    data[k] = self.data[k]
  File "/vortexfs1/home/anthony.meza/.conda/envs/notebook_env/lib/python3.10/site-packages/zict/buffer.py", line 108, in __getitem__
    raise KeyError(key)
KeyError: 'original-open_dataset-37ec722759797626ca00266c441ee91ethetao-634ca4ee3aca033fc932a340c74d535e'

During handling of the above exception, another exception occurred:

Traceback (most recent call last):
  File "/vortexfs1/home/anthony.meza/.conda/envs/notebook_env/lib/python3.10/site-packages/distributed/worker.py", line 2235, in execute
    args2, kwargs2 = self._prepare_args_for_execution(ts, args, kwargs)
  File "/vortexfs1/home/anthony.meza/.conda/envs/notebook_env/lib/python3.10/site-packages/distributed/worker.py", line 2341, in _prepare_args_for_execution
    data[k] = Actor(type(self.state.actors[k]), self.address, k, self)
KeyError: 'original-open_dataset-37ec722759797626ca00266c441ee91ethetao-634ca4ee3aca033fc932a340c74d535e'
2023-04-18 10:14:52,357 - distributed.worker - ERROR - Exception during execution of task ('open_dataset-37ec722759797626ca00266c441ee91ethetao-634ca4ee3aca033fc932a340c74d535e', 41, 1, 0, 0).
Traceback (most recent call last):
  File "/vortexfs1/home/anthony.meza/.conda/envs/notebook_env/lib/python3.10/site-packages/distributed/worker.py", line 2337, in _prepare_args_for_execution
    data[k] = self.data[k]
  File "/vortexfs1/home/anthony.meza/.conda/envs/notebook_env/lib/python3.10/site-packages/zict/buffer.py", line 108, in __getitem__
    raise KeyError(key)
KeyError: 'original-open_dataset-37ec722759797626ca00266c441ee91ethetao-634ca4ee3aca033fc932a340c74d535e'

During handling of the above exception, another exception occurred:

Traceback (most recent call last):
  File "/vortexfs1/home/anthony.meza/.conda/envs/notebook_env/lib/python3.10/site-packages/distributed/worker.py", line 2235, in execute
    args2, kwargs2 = self._prepare_args_for_execution(ts, args, kwargs)
  File "/vortexfs1/home/anthony.meza/.conda/envs/notebook_env/lib/python3.10/site-packages/distributed/worker.py", line 2341, in _prepare_args_for_execution
    data[k] = Actor(type(self.state.actors[k]), self.address, k, self)
KeyError: 'original-open_dataset-37ec722759797626ca00266c441ee91ethetao-634ca4ee3aca033fc932a340c74d535e'
2023-04-18 10:14:52,357 - distributed.worker - ERROR - Exception during execution of task ('open_dataset-37ec722759797626ca00266c441ee91ethetao-634ca4ee3aca033fc932a340c74d535e', 4, 3, 0, 0).
Traceback (most recent call last):
  File "/vortexfs1/home/anthony.meza/.conda/envs/notebook_env/lib/python3.10/site-packages/distributed/worker.py", line 2337, in _prepare_args_for_execution
    data[k] = self.data[k]
  File "/vortexfs1/home/anthony.meza/.conda/envs/notebook_env/lib/python3.10/site-packages/zict/buffer.py", line 108, in __getitem__
    raise KeyError(key)
KeyError: 'original-open_dataset-37ec722759797626ca00266c441ee91ethetao-634ca4ee3aca033fc932a340c74d535e'

During handling of the above exception, another exception occurred:

Traceback (most recent call last):
  File "/vortexfs1/home/anthony.meza/.conda/envs/notebook_env/lib/python3.10/site-packages/distributed/worker.py", line 2235, in execute
    args2, kwargs2 = self._prepare_args_for_execution(ts, args, kwargs)
  File "/vortexfs1/home/anthony.meza/.conda/envs/notebook_env/lib/python3.10/site-packages/distributed/worker.py", line 2341, in _prepare_args_for_execution
    data[k] = Actor(type(self.state.actors[k]), self.address, k, self)
KeyError: 'original-open_dataset-37ec722759797626ca00266c441ee91ethetao-634ca4ee3aca033fc932a340c74d535e'
2023-04-18 10:14:52,358 - distributed.worker - ERROR - Exception during execution of task ('open_dataset-37ec722759797626ca00266c441ee91ethetao-634ca4ee3aca033fc932a340c74d535e', 47, 2, 0, 0).
Traceback (most recent call last):
  File "/vortexfs1/home/anthony.meza/.conda/envs/notebook_env/lib/python3.10/site-packages/distributed/worker.py", line 2337, in _prepare_args_for_execution
    data[k] = self.data[k]
  File "/vortexfs1/home/anthony.meza/.conda/envs/notebook_env/lib/python3.10/site-packages/zict/buffer.py", line 108, in __getitem__
    raise KeyError(key)
KeyError: 'original-open_dataset-37ec722759797626ca00266c441ee91ethetao-634ca4ee3aca033fc932a340c74d535e'

During handling of the above exception, another exception occurred:

Traceback (most recent call last):
  File "/vortexfs1/home/anthony.meza/.conda/envs/notebook_env/lib/python3.10/site-packages/distributed/worker.py", line 2235, in execute
    args2, kwargs2 = self._prepare_args_for_execution(ts, args, kwargs)
  File "/vortexfs1/home/anthony.meza/.conda/envs/notebook_env/lib/python3.10/site-packages/distributed/worker.py", line 2341, in _prepare_args_for_execution
    data[k] = Actor(type(self.state.actors[k]), self.address, k, self)
KeyError: 'original-open_dataset-37ec722759797626ca00266c441ee91ethetao-634ca4ee3aca033fc932a340c74d535e'
2023-04-18 10:14:52,358 - distributed.worker - ERROR - Exception during execution of task ('open_dataset-37ec722759797626ca00266c441ee91ethetao-634ca4ee3aca033fc932a340c74d535e', 0, 2, 0, 0).
Traceback (most recent call last):
  File "/vortexfs1/home/anthony.meza/.conda/envs/notebook_env/lib/python3.10/site-packages/distributed/worker.py", line 2337, in _prepare_args_for_execution
    data[k] = self.data[k]
  File "/vortexfs1/home/anthony.meza/.conda/envs/notebook_env/lib/python3.10/site-packages/zict/buffer.py", line 108, in __getitem__
    raise KeyError(key)
KeyError: 'original-open_dataset-37ec722759797626ca00266c441ee91ethetao-634ca4ee3aca033fc932a340c74d535e'

During handling of the above exception, another exception occurred:

Traceback (most recent call last):
  File "/vortexfs1/home/anthony.meza/.conda/envs/notebook_env/lib/python3.10/site-packages/distributed/worker.py", line 2235, in execute
    args2, kwargs2 = self._prepare_args_for_execution(ts, args, kwargs)
  File "/vortexfs1/home/anthony.meza/.conda/envs/notebook_env/lib/python3.10/site-packages/distributed/worker.py", line 2341, in _prepare_args_for_execution
    data[k] = Actor(type(self.state.actors[k]), self.address, k, self)
KeyError: 'original-open_dataset-37ec722759797626ca00266c441ee91ethetao-634ca4ee3aca033fc932a340c74d535e'
2023-04-18 10:14:52,359 - distributed.worker - ERROR - Exception during execution of task ('open_dataset-37ec722759797626ca00266c441ee91ethetao-634ca4ee3aca033fc932a340c74d535e', 22, 3, 0, 0).
Traceback (most recent call last):
  File "/vortexfs1/home/anthony.meza/.conda/envs/notebook_env/lib/python3.10/site-packages/distributed/worker.py", line 2337, in _prepare_args_for_execution
    data[k] = self.data[k]
  File "/vortexfs1/home/anthony.meza/.conda/envs/notebook_env/lib/python3.10/site-packages/zict/buffer.py", line 108, in __getitem__
    raise KeyError(key)
KeyError: 'original-open_dataset-37ec722759797626ca00266c441ee91ethetao-634ca4ee3aca033fc932a340c74d535e'

During handling of the above exception, another exception occurred:

Traceback (most recent call last):
  File "/vortexfs1/home/anthony.meza/.conda/envs/notebook_env/lib/python3.10/site-packages/distributed/worker.py", line 2235, in execute
    args2, kwargs2 = self._prepare_args_for_execution(ts, args, kwargs)
  File "/vortexfs1/home/anthony.meza/.conda/envs/notebook_env/lib/python3.10/site-packages/distributed/worker.py", line 2341, in _prepare_args_for_execution
    data[k] = Actor(type(self.state.actors[k]), self.address, k, self)
KeyError: 'original-open_dataset-37ec722759797626ca00266c441ee91ethetao-634ca4ee3aca033fc932a340c74d535e'
2023-04-18 10:14:52,359 - distributed.worker - ERROR - Exception during execution of task ('open_dataset-37ec722759797626ca00266c441ee91ethetao-634ca4ee3aca033fc932a340c74d535e', 7, 1, 0, 0).
Traceback (most recent call last):
  File "/vortexfs1/home/anthony.meza/.conda/envs/notebook_env/lib/python3.10/site-packages/distributed/worker.py", line 2337, in _prepare_args_for_execution
    data[k] = self.data[k]
  File "/vortexfs1/home/anthony.meza/.conda/envs/notebook_env/lib/python3.10/site-packages/zict/buffer.py", line 108, in __getitem__
    raise KeyError(key)
KeyError: 'original-open_dataset-37ec722759797626ca00266c441ee91ethetao-634ca4ee3aca033fc932a340c74d535e'

During handling of the above exception, another exception occurred:

Traceback (most recent call last):
  File "/vortexfs1/home/anthony.meza/.conda/envs/notebook_env/lib/python3.10/site-packages/distributed/worker.py", line 2235, in execute
    args2, kwargs2 = self._prepare_args_for_execution(ts, args, kwargs)
  File "/vortexfs1/home/anthony.meza/.conda/envs/notebook_env/lib/python3.10/site-packages/distributed/worker.py", line 2341, in _prepare_args_for_execution
    data[k] = Actor(type(self.state.actors[k]), self.address, k, self)
KeyError: 'original-open_dataset-37ec722759797626ca00266c441ee91ethetao-634ca4ee3aca033fc932a340c74d535e'
2023-04-18 10:14:52,360 - distributed.worker - ERROR - Exception during execution of task ('open_dataset-37ec722759797626ca00266c441ee91ethetao-634ca4ee3aca033fc932a340c74d535e', 48, 1, 0, 0).
Traceback (most recent call last):
  File "/vortexfs1/home/anthony.meza/.conda/envs/notebook_env/lib/python3.10/site-packages/distributed/worker.py", line 2337, in _prepare_args_for_execution
    data[k] = self.data[k]
  File "/vortexfs1/home/anthony.meza/.conda/envs/notebook_env/lib/python3.10/site-packages/zict/buffer.py", line 108, in __getitem__
    raise KeyError(key)
KeyError: 'original-open_dataset-37ec722759797626ca00266c441ee91ethetao-634ca4ee3aca033fc932a340c74d535e'

During handling of the above exception, another exception occurred:

Traceback (most recent call last):
  File "/vortexfs1/home/anthony.meza/.conda/envs/notebook_env/lib/python3.10/site-packages/distributed/worker.py", line 2235, in execute
    args2, kwargs2 = self._prepare_args_for_execution(ts, args, kwargs)
  File "/vortexfs1/home/anthony.meza/.conda/envs/notebook_env/lib/python3.10/site-packages/distributed/worker.py", line 2341, in _prepare_args_for_execution
    data[k] = Actor(type(self.state.actors[k]), self.address, k, self)
KeyError: 'original-open_dataset-37ec722759797626ca00266c441ee91ethetao-634ca4ee3aca033fc932a340c74d535e'
2023-04-18 10:14:52,360 - distributed.worker - ERROR - Exception during execution of task ('open_dataset-37ec722759797626ca00266c441ee91ethetao-634ca4ee3aca033fc932a340c74d535e', 27, 2, 0, 0).
Traceback (most recent call last):
  File "/vortexfs1/home/anthony.meza/.conda/envs/notebook_env/lib/python3.10/site-packages/distributed/worker.py", line 2337, in _prepare_args_for_execution
    data[k] = self.data[k]
  File "/vortexfs1/home/anthony.meza/.conda/envs/notebook_env/lib/python3.10/site-packages/zict/buffer.py", line 108, in __getitem__
    raise KeyError(key)
KeyError: 'original-open_dataset-37ec722759797626ca00266c441ee91ethetao-634ca4ee3aca033fc932a340c74d535e'

During handling of the above exception, another exception occurred:

Traceback (most recent call last):
  File "/vortexfs1/home/anthony.meza/.conda/envs/notebook_env/lib/python3.10/site-packages/distributed/worker.py", line 2235, in execute
    args2, kwargs2 = self._prepare_args_for_execution(ts, args, kwargs)
  File "/vortexfs1/home/anthony.meza/.conda/envs/notebook_env/lib/python3.10/site-packages/distributed/worker.py", line 2341, in _prepare_args_for_execution
    data[k] = Actor(type(self.state.actors[k]), self.address, k, self)
KeyError: 'original-open_dataset-37ec722759797626ca00266c441ee91ethetao-634ca4ee3aca033fc932a340c74d535e'
2023-04-18 10:14:52,360 - distributed.worker - ERROR - Exception during execution of task ('open_dataset-37ec722759797626ca00266c441ee91ethetao-634ca4ee3aca033fc932a340c74d535e', 54, 2, 0, 0).
Traceback (most recent call last):
  File "/vortexfs1/home/anthony.meza/.conda/envs/notebook_env/lib/python3.10/site-packages/distributed/worker.py", line 2337, in _prepare_args_for_execution
    data[k] = self.data[k]
  File "/vortexfs1/home/anthony.meza/.conda/envs/notebook_env/lib/python3.10/site-packages/zict/buffer.py", line 108, in __getitem__
    raise KeyError(key)
KeyError: 'original-open_dataset-37ec722759797626ca00266c441ee91ethetao-634ca4ee3aca033fc932a340c74d535e'

During handling of the above exception, another exception occurred:

Traceback (most recent call last):
  File "/vortexfs1/home/anthony.meza/.conda/envs/notebook_env/lib/python3.10/site-packages/distributed/worker.py", line 2235, in execute
    args2, kwargs2 = self._prepare_args_for_execution(ts, args, kwargs)
  File "/vortexfs1/home/anthony.meza/.conda/envs/notebook_env/lib/python3.10/site-packages/distributed/worker.py", line 2341, in _prepare_args_for_execution
    data[k] = Actor(type(self.state.actors[k]), self.address, k, self)
KeyError: 'original-open_dataset-37ec722759797626ca00266c441ee91ethetao-634ca4ee3aca033fc932a340c74d535e'
2023-04-18 10:14:52,361 - distributed.worker - ERROR - Exception during execution of task ('open_dataset-37ec722759797626ca00266c441ee91ethetao-634ca4ee3aca033fc932a340c74d535e', 33, 1, 0, 0).
Traceback (most recent call last):
  File "/vortexfs1/home/anthony.meza/.conda/envs/notebook_env/lib/python3.10/site-packages/distributed/worker.py", line 2337, in _prepare_args_for_execution
    data[k] = self.data[k]
  File "/vortexfs1/home/anthony.meza/.conda/envs/notebook_env/lib/python3.10/site-packages/zict/buffer.py", line 108, in __getitem__
    raise KeyError(key)
KeyError: 'original-open_dataset-37ec722759797626ca00266c441ee91ethetao-634ca4ee3aca033fc932a340c74d535e'

During handling of the above exception, another exception occurred:

Traceback (most recent call last):
  File "/vortexfs1/home/anthony.meza/.conda/envs/notebook_env/lib/python3.10/site-packages/distributed/worker.py", line 2235, in execute
    args2, kwargs2 = self._prepare_args_for_execution(ts, args, kwargs)
  File "/vortexfs1/home/anthony.meza/.conda/envs/notebook_env/lib/python3.10/site-packages/distributed/worker.py", line 2341, in _prepare_args_for_execution
    data[k] = Actor(type(self.state.actors[k]), self.address, k, self)
KeyError: 'original-open_dataset-37ec722759797626ca00266c441ee91ethetao-634ca4ee3aca033fc932a340c74d535e'
2023-04-18 10:14:52,361 - distributed.worker - ERROR - Exception during execution of task ('open_dataset-37ec722759797626ca00266c441ee91ethetao-634ca4ee3aca033fc932a340c74d535e', 11, 2, 0, 0).
Traceback (most recent call last):
  File "/vortexfs1/home/anthony.meza/.conda/envs/notebook_env/lib/python3.10/site-packages/distributed/worker.py", line 2337, in _prepare_args_for_execution
    data[k] = self.data[k]
  File "/vortexfs1/home/anthony.meza/.conda/envs/notebook_env/lib/python3.10/site-packages/zict/buffer.py", line 108, in __getitem__
    raise KeyError(key)
KeyError: 'original-open_dataset-37ec722759797626ca00266c441ee91ethetao-634ca4ee3aca033fc932a340c74d535e'

During handling of the above exception, another exception occurred:

Traceback (most recent call last):
  File "/vortexfs1/home/anthony.meza/.conda/envs/notebook_env/lib/python3.10/site-packages/distributed/worker.py", line 2235, in execute
    args2, kwargs2 = self._prepare_args_for_execution(ts, args, kwargs)
  File "/vortexfs1/home/anthony.meza/.conda/envs/notebook_env/lib/python3.10/site-packages/distributed/worker.py", line 2341, in _prepare_args_for_execution
    data[k] = Actor(type(self.state.actors[k]), self.address, k, self)
KeyError: 'original-open_dataset-37ec722759797626ca00266c441ee91ethetao-634ca4ee3aca033fc932a340c74d535e'
2023-04-18 10:14:52,362 - distributed.worker - ERROR - Exception during execution of task ('open_dataset-37ec722759797626ca00266c441ee91ethetao-634ca4ee3aca033fc932a340c74d535e', 1, 2, 0, 0).
Traceback (most recent call last):
  File "/vortexfs1/home/anthony.meza/.conda/envs/notebook_env/lib/python3.10/site-packages/distributed/worker.py", line 2337, in _prepare_args_for_execution
    data[k] = self.data[k]
  File "/vortexfs1/home/anthony.meza/.conda/envs/notebook_env/lib/python3.10/site-packages/zict/buffer.py", line 108, in __getitem__
    raise KeyError(key)
KeyError: 'original-open_dataset-37ec722759797626ca00266c441ee91ethetao-634ca4ee3aca033fc932a340c74d535e'

During handling of the above exception, another exception occurred:

Traceback (most recent call last):
  File "/vortexfs1/home/anthony.meza/.conda/envs/notebook_env/lib/python3.10/site-packages/distributed/worker.py", line 2235, in execute
    args2, kwargs2 = self._prepare_args_for_execution(ts, args, kwargs)
  File "/vortexfs1/home/anthony.meza/.conda/envs/notebook_env/lib/python3.10/site-packages/distributed/worker.py", line 2341, in _prepare_args_for_execution
    data[k] = Actor(type(self.state.actors[k]), self.address, k, self)
KeyError: 'original-open_dataset-37ec722759797626ca00266c441ee91ethetao-634ca4ee3aca033fc932a340c74d535e'
2023-04-18 10:14:52,362 - distributed.worker - ERROR - Exception during execution of task ('open_dataset-37ec722759797626ca00266c441ee91ethetao-634ca4ee3aca033fc932a340c74d535e', 12, 2, 0, 0).
Traceback (most recent call last):
  File "/vortexfs1/home/anthony.meza/.conda/envs/notebook_env/lib/python3.10/site-packages/distributed/worker.py", line 2337, in _prepare_args_for_execution
    data[k] = self.data[k]
  File "/vortexfs1/home/anthony.meza/.conda/envs/notebook_env/lib/python3.10/site-packages/zict/buffer.py", line 108, in __getitem__
    raise KeyError(key)
KeyError: 'original-open_dataset-37ec722759797626ca00266c441ee91ethetao-634ca4ee3aca033fc932a340c74d535e'

During handling of the above exception, another exception occurred:

Traceback (most recent call last):
  File "/vortexfs1/home/anthony.meza/.conda/envs/notebook_env/lib/python3.10/site-packages/distributed/worker.py", line 2235, in execute
    args2, kwargs2 = self._prepare_args_for_execution(ts, args, kwargs)
  File "/vortexfs1/home/anthony.meza/.conda/envs/notebook_env/lib/python3.10/site-packages/distributed/worker.py", line 2341, in _prepare_args_for_execution
    data[k] = Actor(type(self.state.actors[k]), self.address, k, self)
KeyError: 'original-open_dataset-37ec722759797626ca00266c441ee91ethetao-634ca4ee3aca033fc932a340c74d535e'
2023-04-18 10:14:54,497 - distributed.core - INFO - Connection to tcp://172.16.3.91:46039 has been closed.
2023-04-18 10:14:54,497 - distributed.worker - INFO - Stopping worker at tcp://172.16.3.67:45612. Reason: worker-handle-scheduler-connection-broken
2023-04-18 10:14:54,502 - distributed.nanny - INFO - Closing Nanny gracefully at 'tcp://172.16.3.67:43459'. Reason: worker-handle-scheduler-connection-broken
2023-04-18 10:14:56,609 - distributed.client - ERROR - 
ConnectionRefusedError: [Errno 111] Connection refused

The above exception was the direct cause of the following exception:

Traceback (most recent call last):
  File "/vortexfs1/home/anthony.meza/.conda/envs/notebook_env/lib/python3.10/site-packages/distributed/comm/core.py", line 291, in connect
    comm = await asyncio.wait_for(
  File "/vortexfs1/home/anthony.meza/.conda/envs/notebook_env/lib/python3.10/asyncio/tasks.py", line 445, in wait_for
    return fut.result()
  File "/vortexfs1/home/anthony.meza/.conda/envs/notebook_env/lib/python3.10/site-packages/distributed/comm/tcp.py", line 511, in connect
    convert_stream_closed_error(self, e)
  File "/vortexfs1/home/anthony.meza/.conda/envs/notebook_env/lib/python3.10/site-packages/distributed/comm/tcp.py", line 142, in convert_stream_closed_error
    raise CommClosedError(f"in {obj}: {exc.__class__.__name__}: {exc}") from exc
distributed.comm.core.CommClosedError: in <distributed.comm.tcp.TCPConnector object at 0x2aaac7c39d50>: ConnectionRefusedError: [Errno 111] Connection refused

During handling of the above exception, another exception occurred:

Traceback (most recent call last):
  File "/vortexfs1/home/anthony.meza/.conda/envs/notebook_env/lib/python3.10/site-packages/distributed/utils.py", line 742, in wrapper
    return await func(*args, **kwargs)
  File "/vortexfs1/home/anthony.meza/.conda/envs/notebook_env/lib/python3.10/site-packages/distributed/client.py", line 1298, in _reconnect
    await self._ensure_connected(timeout=timeout)
  File "/vortexfs1/home/anthony.meza/.conda/envs/notebook_env/lib/python3.10/site-packages/distributed/client.py", line 1328, in _ensure_connected
    comm = await connect(
  File "/vortexfs1/home/anthony.meza/.conda/envs/notebook_env/lib/python3.10/site-packages/distributed/comm/core.py", line 315, in connect
    await asyncio.sleep(backoff)
  File "/vortexfs1/home/anthony.meza/.conda/envs/notebook_env/lib/python3.10/asyncio/tasks.py", line 605, in sleep
    return await future
asyncio.exceptions.CancelledError

Traceback (most recent call last):
  File "/vortexfs1/home/anthony.meza/.conda/envs/notebook_env/lib/python3.10/site-packages/distributed/comm/tcp.py", line 225, in read
    frames_nbytes = await stream.read_bytes(fmt_size)
tornado.iostream.StreamClosedError: Stream is closed

The above exception was the direct cause of the following exception:

Traceback (most recent call last):
  File "/vortexfs1/home/anthony.meza/.conda/envs/notebook_env/lib/python3.10/site-packages/distributed/client.py", line 1500, in _handle_report
    msgs = await self.scheduler_comm.comm.read()
  File "/vortexfs1/home/anthony.meza/.conda/envs/notebook_env/lib/python3.10/site-packages/distributed/comm/tcp.py", line 241, in read
    convert_stream_closed_error(self, e)
  File "/vortexfs1/home/anthony.meza/.conda/envs/notebook_env/lib/python3.10/site-packages/distributed/comm/tcp.py", line 144, in convert_stream_closed_error
    raise CommClosedError(f"in {obj}: {exc}") from exc
distributed.comm.core.CommClosedError: in <TCP (closed) Client->Scheduler local=tcp://172.16.3.67:44227 remote=tcp://172.16.3.91:46039>: Stream is closed

During handling of the above exception, another exception occurred:

Traceback (most recent call last):
  File "/vortexfs1/home/anthony.meza/.conda/envs/notebook_env/lib/python3.10/site-packages/distributed/utils.py", line 742, in wrapper
    return await func(*args, **kwargs)
  File "/vortexfs1/home/anthony.meza/.conda/envs/notebook_env/lib/python3.10/site-packages/distributed/client.py", line 1508, in _handle_report
    await self._reconnect()
  File "/vortexfs1/home/anthony.meza/.conda/envs/notebook_env/lib/python3.10/site-packages/distributed/utils.py", line 742, in wrapper
    return await func(*args, **kwargs)
  File "/vortexfs1/home/anthony.meza/.conda/envs/notebook_env/lib/python3.10/site-packages/distributed/client.py", line 1298, in _reconnect
    await self._ensure_connected(timeout=timeout)
  File "/vortexfs1/home/anthony.meza/.conda/envs/notebook_env/lib/python3.10/site-packages/distributed/client.py", line 1328, in _ensure_connected
    comm = await connect(
  File "/vortexfs1/home/anthony.meza/.conda/envs/notebook_env/lib/python3.10/site-packages/distributed/comm/core.py", line 315, in connect
    await asyncio.sleep(backoff)
  File "/vortexfs1/home/anthony.meza/.conda/envs/notebook_env/lib/python3.10/asyncio/tasks.py", line 605, in sleep
    return await future
asyncio.exceptions.CancelledError
2023-04-18 10:15:26,616 - distributed.nanny - INFO - Worker closed
2023-04-18 10:15:28,619 - distributed.nanny - ERROR - Worker process died unexpectedly
2023-04-18 10:15:28,990 - distributed.nanny - INFO - Closing Nanny at 'tcp://172.16.3.67:43459'. Reason: nanny-close-gracefully
2023-04-18 10:15:28,991 - distributed.dask_worker - INFO - End worker
