2023-05-03 09:51:35,461 - distributed.nanny - INFO -         Start Nanny at: 'tcp://172.16.3.190:38620'
2023-05-03 09:51:39,043 - distributed.worker - INFO -       Start worker at:   tcp://172.16.3.190:41909
2023-05-03 09:51:39,044 - distributed.worker - INFO -          Listening to:   tcp://172.16.3.190:41909
2023-05-03 09:51:39,044 - distributed.worker - INFO -           Worker name:             SLURMCluster-8
2023-05-03 09:51:39,044 - distributed.worker - INFO -          dashboard at:         172.16.3.190:35967
2023-05-03 09:51:39,044 - distributed.worker - INFO - Waiting to connect to:   tcp://172.16.3.158:45398
2023-05-03 09:51:39,044 - distributed.worker - INFO - -------------------------------------------------
2023-05-03 09:51:39,044 - distributed.worker - INFO -               Threads:                         36
2023-05-03 09:51:39,044 - distributed.worker - INFO -                Memory:                 178.81 GiB
2023-05-03 09:51:39,044 - distributed.worker - INFO -       Local Directory: /tmp/dask-worker-space/worker-36hgnuv5
2023-05-03 09:51:39,044 - distributed.worker - INFO - -------------------------------------------------
2023-05-03 09:51:39,073 - distributed.worker - INFO -         Registered to:   tcp://172.16.3.158:45398
2023-05-03 09:51:39,073 - distributed.worker - INFO - -------------------------------------------------
2023-05-03 09:51:39,073 - distributed.core - INFO - Starting established connection to tcp://172.16.3.158:45398
2023-05-03 09:53:19,160 - distributed.core - INFO - Event loop was unresponsive in Worker for 4.37s.  This is often caused by long-running GIL-holding functions or moving large chunks of data. This can cause timeouts and instability.
2023-05-03 09:54:42,804 - distributed.worker - ERROR - Worker stream died during communication: tcp://172.16.3.189:41839
Traceback (most recent call last):
  File "/vortexfs1/home/anthony.meza/mambaforge/envs/atm_rivers/lib/python3.10/site-packages/distributed/comm/tcp.py", line 225, in read
    frames_nbytes = await stream.read_bytes(fmt_size)
tornado.iostream.StreamClosedError: Stream is closed

The above exception was the direct cause of the following exception:

Traceback (most recent call last):
  File "/vortexfs1/home/anthony.meza/mambaforge/envs/atm_rivers/lib/python3.10/site-packages/distributed/worker.py", line 2056, in gather_dep
    response = await get_data_from_worker(
  File "/vortexfs1/home/anthony.meza/mambaforge/envs/atm_rivers/lib/python3.10/site-packages/distributed/worker.py", line 2891, in get_data_from_worker
    response = await send_recv(
  File "/vortexfs1/home/anthony.meza/mambaforge/envs/atm_rivers/lib/python3.10/site-packages/distributed/core.py", line 1027, in send_recv
    response = await comm.read(deserializers=deserializers)
  File "/vortexfs1/home/anthony.meza/mambaforge/envs/atm_rivers/lib/python3.10/site-packages/distributed/comm/tcp.py", line 241, in read
    convert_stream_closed_error(self, e)
  File "/vortexfs1/home/anthony.meza/mambaforge/envs/atm_rivers/lib/python3.10/site-packages/distributed/comm/tcp.py", line 144, in convert_stream_closed_error
    raise CommClosedError(f"in {obj}: {exc}") from exc
distributed.comm.core.CommClosedError: in <TCP (closed) Ephemeral Worker->Worker for gather local=tcp://172.16.3.190:33506 remote=tcp://172.16.3.189:41839>: Stream is closed
2023-05-03 09:54:42,826 - distributed.core - INFO - Removing comms to tcp://172.16.3.189:41839
2023-05-03 09:55:33,177 - distributed.worker - ERROR - Worker stream died during communication: tcp://172.16.3.168:42978
Traceback (most recent call last):
  File "/vortexfs1/home/anthony.meza/mambaforge/envs/atm_rivers/lib/python3.10/site-packages/distributed/comm/tcp.py", line 225, in read
    frames_nbytes = await stream.read_bytes(fmt_size)
tornado.iostream.StreamClosedError: Stream is closed

The above exception was the direct cause of the following exception:

Traceback (most recent call last):
  File "/vortexfs1/home/anthony.meza/mambaforge/envs/atm_rivers/lib/python3.10/site-packages/distributed/worker.py", line 2056, in gather_dep
    response = await get_data_from_worker(
  File "/vortexfs1/home/anthony.meza/mambaforge/envs/atm_rivers/lib/python3.10/site-packages/distributed/worker.py", line 2891, in get_data_from_worker
    response = await send_recv(
  File "/vortexfs1/home/anthony.meza/mambaforge/envs/atm_rivers/lib/python3.10/site-packages/distributed/core.py", line 1027, in send_recv
    response = await comm.read(deserializers=deserializers)
  File "/vortexfs1/home/anthony.meza/mambaforge/envs/atm_rivers/lib/python3.10/site-packages/distributed/comm/tcp.py", line 241, in read
    convert_stream_closed_error(self, e)
  File "/vortexfs1/home/anthony.meza/mambaforge/envs/atm_rivers/lib/python3.10/site-packages/distributed/comm/tcp.py", line 144, in convert_stream_closed_error
    raise CommClosedError(f"in {obj}: {exc}") from exc
distributed.comm.core.CommClosedError: in <TCP (closed) Ephemeral Worker->Worker for gather local=tcp://172.16.3.190:49019 remote=tcp://172.16.3.168:42978>: Stream is closed
2023-05-03 09:55:33,194 - distributed.core - INFO - Removing comms to tcp://172.16.3.168:42978
2023-05-03 09:55:48,280 - distributed.core - INFO - Event loop was unresponsive in Worker for 3.88s.  This is often caused by long-running GIL-holding functions or moving large chunks of data. This can cause timeouts and instability.
2023-05-03 09:56:16,494 - distributed.core - INFO - Event loop was unresponsive in Worker for 4.15s.  This is often caused by long-running GIL-holding functions or moving large chunks of data. This can cause timeouts and instability.
2023-05-03 09:57:07,865 - distributed.core - INFO - Event loop was unresponsive in Worker for 6.76s.  This is often caused by long-running GIL-holding functions or moving large chunks of data. This can cause timeouts and instability.
2023-05-03 10:03:28,729 - distributed.core - INFO - Removing comms to tcp://172.16.3.88:39818
2023-05-03 10:03:28,730 - distributed.worker - ERROR - Worker stream died during communication: tcp://172.16.3.88:39818
Traceback (most recent call last):
  File "/vortexfs1/home/anthony.meza/mambaforge/envs/atm_rivers/lib/python3.10/site-packages/distributed/comm/tcp.py", line 225, in read
    frames_nbytes = await stream.read_bytes(fmt_size)
tornado.iostream.StreamClosedError: Stream is closed

The above exception was the direct cause of the following exception:

Traceback (most recent call last):
  File "/vortexfs1/home/anthony.meza/mambaforge/envs/atm_rivers/lib/python3.10/site-packages/distributed/worker.py", line 2056, in gather_dep
    response = await get_data_from_worker(
  File "/vortexfs1/home/anthony.meza/mambaforge/envs/atm_rivers/lib/python3.10/site-packages/distributed/worker.py", line 2891, in get_data_from_worker
    response = await send_recv(
  File "/vortexfs1/home/anthony.meza/mambaforge/envs/atm_rivers/lib/python3.10/site-packages/distributed/core.py", line 1027, in send_recv
    response = await comm.read(deserializers=deserializers)
  File "/vortexfs1/home/anthony.meza/mambaforge/envs/atm_rivers/lib/python3.10/site-packages/distributed/comm/tcp.py", line 241, in read
    convert_stream_closed_error(self, e)
  File "/vortexfs1/home/anthony.meza/mambaforge/envs/atm_rivers/lib/python3.10/site-packages/distributed/comm/tcp.py", line 144, in convert_stream_closed_error
    raise CommClosedError(f"in {obj}: {exc}") from exc
distributed.comm.core.CommClosedError: in <TCP (closed) Ephemeral Worker->Worker for gather local=tcp://172.16.3.190:59525 remote=tcp://172.16.3.88:39818>: Stream is closed
2023-05-03 10:04:16,316 - distributed.core - INFO - Event loop was unresponsive in Worker for 4.51s.  This is often caused by long-running GIL-holding functions or moving large chunks of data. This can cause timeouts and instability.
2023-05-03 10:04:22,242 - distributed.core - INFO - Event loop was unresponsive in Worker for 5.93s.  This is often caused by long-running GIL-holding functions or moving large chunks of data. This can cause timeouts and instability.
2023-05-03 10:04:34,651 - distributed.core - INFO - Event loop was unresponsive in Worker for 12.41s.  This is often caused by long-running GIL-holding functions or moving large chunks of data. This can cause timeouts and instability.
2023-05-03 10:05:13,286 - distributed.core - INFO - Event loop was unresponsive in Worker for 38.63s.  This is often caused by long-running GIL-holding functions or moving large chunks of data. This can cause timeouts and instability.
Traceback (most recent call last):
  File "/vortexfs1/home/anthony.meza/mambaforge/envs/atm_rivers/lib/python3.10/site-packages/distributed/protocol/serialize.py", line 499, in merge_and_deserialize
    merged = merge_memoryviews(subframes)
  File "/vortexfs1/home/anthony.meza/mambaforge/envs/atm_rivers/lib/python3.10/site-packages/distributed/protocol/utils.py", line 116, in merge_memoryviews
    raise TypeError(f"Expected memoryview; got {type(first)}")
TypeError: Expected memoryview; got <class 'bytearray'>

During handling of the above exception, another exception occurred:

SystemError: deallocated bytearray object has exported buffers
2023-05-03 10:05:17,790 - distributed.protocol.core - CRITICAL - Failed to deserialize
Traceback (most recent call last):
  File "/vortexfs1/home/anthony.meza/mambaforge/envs/atm_rivers/lib/python3.10/site-packages/distributed/protocol/serialize.py", line 499, in merge_and_deserialize
    merged = merge_memoryviews(subframes)
  File "/vortexfs1/home/anthony.meza/mambaforge/envs/atm_rivers/lib/python3.10/site-packages/distributed/protocol/utils.py", line 116, in merge_memoryviews
    raise TypeError(f"Expected memoryview; got {type(first)}")
TypeError: Expected memoryview; got <class 'bytearray'>

During handling of the above exception, another exception occurred:

Traceback (most recent call last):
  File "/vortexfs1/home/anthony.meza/mambaforge/envs/atm_rivers/lib/python3.10/site-packages/distributed/protocol/core.py", line 158, in loads
    return msgpack.loads(
  File "msgpack/_unpacker.pyx", line 194, in msgpack._cmsgpack.unpackb
  File "/vortexfs1/home/anthony.meza/mambaforge/envs/atm_rivers/lib/python3.10/site-packages/distributed/protocol/core.py", line 138, in _decode_default
    return merge_and_deserialize(
  File "/vortexfs1/home/anthony.meza/mambaforge/envs/atm_rivers/lib/python3.10/contextlib.py", line 79, in inner
    return func(*args, **kwds)
  File "/vortexfs1/home/anthony.meza/mambaforge/envs/atm_rivers/lib/python3.10/site-packages/distributed/protocol/serialize.py", line 501, in merge_and_deserialize
    merged = bytearray().join(subframes)
MemoryError
2023-05-03 10:05:41,904 - distributed.nanny - INFO - Worker process 425641 was killed by signal 9
2023-05-03 10:05:42,045 - distributed.nanny - WARNING - Restarting worker
2023-05-03 10:05:48,486 - distributed.worker - INFO -       Start worker at:   tcp://172.16.3.190:37511
2023-05-03 10:05:48,487 - distributed.worker - INFO -          Listening to:   tcp://172.16.3.190:37511
2023-05-03 10:05:48,488 - distributed.worker - INFO -           Worker name:             SLURMCluster-8
2023-05-03 10:05:48,488 - distributed.worker - INFO -          dashboard at:         172.16.3.190:34922
2023-05-03 10:05:48,488 - distributed.worker - INFO - Waiting to connect to:   tcp://172.16.3.158:45398
2023-05-03 10:05:48,488 - distributed.worker - INFO - -------------------------------------------------
2023-05-03 10:05:48,488 - distributed.worker - INFO -               Threads:                         36
2023-05-03 10:05:48,488 - distributed.worker - INFO -                Memory:                 178.81 GiB
2023-05-03 10:05:48,488 - distributed.worker - INFO -       Local Directory: /tmp/dask-worker-space/worker-457y96j4
2023-05-03 10:05:48,488 - distributed.worker - INFO - -------------------------------------------------
2023-05-03 10:05:48,500 - distributed.worker - INFO -         Registered to:   tcp://172.16.3.158:45398
2023-05-03 10:05:48,500 - distributed.worker - INFO - -------------------------------------------------
2023-05-03 10:05:48,501 - distributed.core - INFO - Starting established connection to tcp://172.16.3.158:45398
2023-05-03 10:08:33,311 - distributed.core - INFO - Removing comms to tcp://172.16.3.63:37036
2023-05-03 10:08:33,311 - distributed.core - INFO - Removing comms to tcp://172.16.3.62:43664
2023-05-03 10:08:33,347 - distributed.core - INFO - Removing comms to tcp://172.16.3.61:36881
slurmstepd: error: *** JOB 3082149 ON pn140 CANCELLED AT 2023-05-03T10:08:33 ***
