2023-04-17 21:51:55,091 - distributed.nanny - INFO -         Start Nanny at: 'tcp://172.16.3.95:37000'
2023-04-17 21:51:55,483 - distributed.diskutils - INFO - Found stale lock file and directory '/tmp/dask-worker-space/worker-jx_77cwp', purging
2023-04-17 21:51:57,528 - distributed.worker - INFO -       Start worker at:    tcp://172.16.3.95:45777
2023-04-17 21:51:57,528 - distributed.worker - INFO -          Listening to:    tcp://172.16.3.95:45777
2023-04-17 21:51:57,528 - distributed.worker - INFO -           Worker name:             SLURMCluster-0
2023-04-17 21:51:57,528 - distributed.worker - INFO -          dashboard at:          172.16.3.95:44875
2023-04-17 21:51:57,528 - distributed.worker - INFO - Waiting to connect to:    tcp://172.16.3.64:33062
2023-04-17 21:51:57,528 - distributed.worker - INFO - -------------------------------------------------
2023-04-17 21:51:57,528 - distributed.worker - INFO -               Threads:                         36
2023-04-17 21:51:57,528 - distributed.worker - INFO -                Memory:                 178.81 GiB
2023-04-17 21:51:57,528 - distributed.worker - INFO -       Local Directory: /tmp/dask-worker-space/worker-jzpm9wul
2023-04-17 21:51:57,529 - distributed.worker - INFO - -------------------------------------------------
2023-04-17 21:51:57,536 - distributed.worker - INFO -         Registered to:    tcp://172.16.3.64:33062
2023-04-17 21:51:57,536 - distributed.worker - INFO - -------------------------------------------------
2023-04-17 21:51:57,536 - distributed.core - INFO - Starting established connection to tcp://172.16.3.64:33062
2023-04-17 21:53:34,434 - distributed.core - INFO - Event loop was unresponsive in Worker for 12.24s.  This is often caused by long-running GIL-holding functions or moving large chunks of data. This can cause timeouts and instability.
2023-04-17 21:54:46,984 - distributed.core - INFO - Event loop was unresponsive in Worker for 72.54s.  This is often caused by long-running GIL-holding functions or moving large chunks of data. This can cause timeouts and instability.
2023-04-17 21:55:23,922 - distributed.core - INFO - Event loop was unresponsive in Worker for 36.94s.  This is often caused by long-running GIL-holding functions or moving large chunks of data. This can cause timeouts and instability.
2023-04-17 21:58:37,968 - distributed.core - INFO - Event loop was unresponsive in Worker for 194.05s.  This is often caused by long-running GIL-holding functions or moving large chunks of data. This can cause timeouts and instability.
2023-04-17 22:00:58,534 - distributed.core - INFO - Event loop was unresponsive in Worker for 140.57s.  This is often caused by long-running GIL-holding functions or moving large chunks of data. This can cause timeouts and instability.
2023-04-17 22:01:11,000 - distributed.core - INFO - Event loop was unresponsive in Worker for 12.47s.  This is often caused by long-running GIL-holding functions or moving large chunks of data. This can cause timeouts and instability.
2023-04-17 22:01:17,050 - distributed.core - INFO - Event loop was unresponsive in Worker for 6.05s.  This is often caused by long-running GIL-holding functions or moving large chunks of data. This can cause timeouts and instability.
2023-04-17 22:01:19,898 - distributed.worker - WARNING - Compute Failed
Key:       ('sub-store-map-223513b17d2b35b4ce920d4cd81a7818', 1, 0, 0, 0)
Function:  execute_task
args:      ((<function store_chunk at 0x2aaacd04da20>, (subgraph_callable-2c10d2cd-10dd-4f8c-bc95-f05302038e72, array([[[[nan, nan, nan, ..., nan, nan, nan],
         [nan, nan, nan, ..., nan, nan, nan],
         [nan, nan, nan, ..., nan, nan, nan],
         ...,
         [nan, nan, nan, ..., nan, nan, nan],
         [nan, nan, nan, ..., nan, nan, nan],
         [nan, nan, nan, ..., nan, nan, nan]],

        [[nan, nan, nan, ..., nan, nan, nan],
         [nan, nan, nan, ..., nan, nan, nan],
         [nan, nan, nan, ..., nan, nan, nan],
         ...,
         [nan, nan, nan, ..., nan, nan, nan],
         [nan, nan, nan, ..., nan, nan, nan],
         [nan, nan, nan, ..., nan, nan, nan]],

        [[nan, nan, nan, ..., nan, nan, nan],
         [nan, nan, nan, ..., nan, nan, nan],
         [nan, nan, nan, ..., nan, nan, nan],
         ...,
         [nan, nan, nan, ..., nan, nan, nan],
         [nan, nan, nan, ..., nan, nan, nan],
         [nan, nan, nan, ..., nan, nan, nan]],

        [[nan, nan, nan
kwargs:    {}
Exception: "OSError('Timed out trying to connect to tcp://172.16.3.64:33062 after 30 s')"

2023-04-17 22:01:20,192 - distributed.core - INFO - Event loop was unresponsive in Worker for 3.14s.  This is often caused by long-running GIL-holding functions or moving large chunks of data. This can cause timeouts and instability.
2023-04-17 22:01:53,443 - distributed.worker - ERROR - Exception during execution of task ('sub-store-map-223513b17d2b35b4ce920d4cd81a7818', 8, 0, 2, 0).
Traceback (most recent call last):
  File "/vortexfs1/home/anthony.meza/.conda/envs/notebook_env/lib/python3.10/site-packages/distributed/worker.py", line 2337, in _prepare_args_for_execution
    data[k] = self.data[k]
  File "/vortexfs1/home/anthony.meza/.conda/envs/notebook_env/lib/python3.10/site-packages/zict/buffer.py", line 108, in __getitem__
    raise KeyError(key)
KeyError: "('rechunk-merge-a40ccb659d563e886b4e51dc7a61a352', 8, 0, 2, 0)"

During handling of the above exception, another exception occurred:

Traceback (most recent call last):
  File "/vortexfs1/home/anthony.meza/.conda/envs/notebook_env/lib/python3.10/site-packages/distributed/worker.py", line 2235, in execute
    args2, kwargs2 = self._prepare_args_for_execution(ts, args, kwargs)
  File "/vortexfs1/home/anthony.meza/.conda/envs/notebook_env/lib/python3.10/site-packages/distributed/worker.py", line 2341, in _prepare_args_for_execution
    data[k] = Actor(type(self.state.actors[k]), self.address, k, self)
KeyError: "('rechunk-merge-a40ccb659d563e886b4e51dc7a61a352', 8, 0, 2, 0)"
2023-04-17 22:01:53,444 - distributed.worker - ERROR - Exception during execution of task ('sub-store-map-223513b17d2b35b4ce920d4cd81a7818', 16, 0, 0, 1).
Traceback (most recent call last):
  File "/vortexfs1/home/anthony.meza/.conda/envs/notebook_env/lib/python3.10/site-packages/distributed/worker.py", line 2337, in _prepare_args_for_execution
    data[k] = self.data[k]
  File "/vortexfs1/home/anthony.meza/.conda/envs/notebook_env/lib/python3.10/site-packages/zict/buffer.py", line 108, in __getitem__
    raise KeyError(key)
KeyError: "('rechunk-merge-a40ccb659d563e886b4e51dc7a61a352', 16, 0, 0, 1)"

During handling of the above exception, another exception occurred:

Traceback (most recent call last):
  File "/vortexfs1/home/anthony.meza/.conda/envs/notebook_env/lib/python3.10/site-packages/distributed/worker.py", line 2235, in execute
    args2, kwargs2 = self._prepare_args_for_execution(ts, args, kwargs)
  File "/vortexfs1/home/anthony.meza/.conda/envs/notebook_env/lib/python3.10/site-packages/distributed/worker.py", line 2341, in _prepare_args_for_execution
    data[k] = Actor(type(self.state.actors[k]), self.address, k, self)
KeyError: "('rechunk-merge-a40ccb659d563e886b4e51dc7a61a352', 16, 0, 0, 1)"
2023-04-17 22:01:53,446 - distributed.core - INFO - Event loop was unresponsive in Worker for 30.23s.  This is often caused by long-running GIL-holding functions or moving large chunks of data. This can cause timeouts and instability.
2023-04-17 22:02:20,277 - distributed.worker - ERROR - failed during get data with tcp://172.16.3.95:45777 -> tcp://172.16.3.86:36315
Traceback (most recent call last):
  File "/vortexfs1/home/anthony.meza/.conda/envs/notebook_env/lib/python3.10/site-packages/tornado/iostream.py", line 867, in _read_to_buffer
    bytes_read = self.read_from_fd(buf)
  File "/vortexfs1/home/anthony.meza/.conda/envs/notebook_env/lib/python3.10/site-packages/tornado/iostream.py", line 1140, in read_from_fd
    return self.socket.recv_into(buf, len(buf))
TimeoutError: [Errno 110] Connection timed out

The above exception was the direct cause of the following exception:

Traceback (most recent call last):
  File "/vortexfs1/home/anthony.meza/.conda/envs/notebook_env/lib/python3.10/site-packages/distributed/worker.py", line 1758, in get_data
    response = await comm.read(deserializers=serializers)
  File "/vortexfs1/home/anthony.meza/.conda/envs/notebook_env/lib/python3.10/site-packages/distributed/comm/tcp.py", line 241, in read
    convert_stream_closed_error(self, e)
  File "/vortexfs1/home/anthony.meza/.conda/envs/notebook_env/lib/python3.10/site-packages/distributed/comm/tcp.py", line 142, in convert_stream_closed_error
    raise CommClosedError(f"in {obj}: {exc.__class__.__name__}: {exc}") from exc
distributed.comm.core.CommClosedError: in <TCP (closed)  local=tcp://172.16.3.95:45777 remote=tcp://172.16.3.86:35191>: TimeoutError: [Errno 110] Connection timed out
2023-04-17 22:02:20,278 - distributed.core - INFO - Lost connection to 'tcp://172.16.3.86:35191'
Traceback (most recent call last):
  File "/vortexfs1/home/anthony.meza/.conda/envs/notebook_env/lib/python3.10/site-packages/tornado/iostream.py", line 867, in _read_to_buffer
    bytes_read = self.read_from_fd(buf)
  File "/vortexfs1/home/anthony.meza/.conda/envs/notebook_env/lib/python3.10/site-packages/tornado/iostream.py", line 1140, in read_from_fd
    return self.socket.recv_into(buf, len(buf))
TimeoutError: [Errno 110] Connection timed out

The above exception was the direct cause of the following exception:

Traceback (most recent call last):
  File "/vortexfs1/home/anthony.meza/.conda/envs/notebook_env/lib/python3.10/site-packages/distributed/core.py", line 771, in _handle_comm
    result = await result
  File "/vortexfs1/home/anthony.meza/.conda/envs/notebook_env/lib/python3.10/site-packages/distributed/worker.py", line 1758, in get_data
    response = await comm.read(deserializers=serializers)
  File "/vortexfs1/home/anthony.meza/.conda/envs/notebook_env/lib/python3.10/site-packages/distributed/comm/tcp.py", line 241, in read
    convert_stream_closed_error(self, e)
  File "/vortexfs1/home/anthony.meza/.conda/envs/notebook_env/lib/python3.10/site-packages/distributed/comm/tcp.py", line 142, in convert_stream_closed_error
    raise CommClosedError(f"in {obj}: {exc.__class__.__name__}: {exc}") from exc
distributed.comm.core.CommClosedError: in <TCP (closed)  local=tcp://172.16.3.95:45777 remote=tcp://172.16.3.86:35191>: TimeoutError: [Errno 110] Connection timed out
2023-04-17 22:02:36,614 - distributed.utils_perf - INFO - full garbage collection released 668.34 MiB from 389 reference cycles (threshold: 9.54 MiB)
slurmstepd: error: *** JOB 3065798 ON pn045 CANCELLED AT 2023-04-17T22:04:17 ***
