2023-05-02 23:04:28,128 - distributed.nanny - INFO -         Start Nanny at: 'tcp://172.16.3.63:39369'
2023-05-02 23:04:28,540 - distributed.diskutils - INFO - Found stale lock file and directory '/tmp/dask-worker-space/worker-ukyh938p', purging
2023-05-02 23:04:30,675 - distributed.worker - INFO -       Start worker at:    tcp://172.16.3.63:41962
2023-05-02 23:04:30,675 - distributed.worker - INFO -          Listening to:    tcp://172.16.3.63:41962
2023-05-02 23:04:30,675 - distributed.worker - INFO -           Worker name:             SLURMCluster-1
2023-05-02 23:04:30,675 - distributed.worker - INFO -          dashboard at:          172.16.3.63:46685
2023-05-02 23:04:30,675 - distributed.worker - INFO - Waiting to connect to:    tcp://172.16.3.55:37759
2023-05-02 23:04:30,675 - distributed.worker - INFO - -------------------------------------------------
2023-05-02 23:04:30,675 - distributed.worker - INFO -               Threads:                         36
2023-05-02 23:04:30,675 - distributed.worker - INFO -                Memory:                  93.13 GiB
2023-05-02 23:04:30,675 - distributed.worker - INFO -       Local Directory: /tmp/dask-worker-space/worker-swanmfsz
2023-05-02 23:04:30,675 - distributed.worker - INFO - -------------------------------------------------
2023-05-02 23:04:30,680 - distributed.worker - INFO -         Registered to:    tcp://172.16.3.55:37759
2023-05-02 23:04:30,681 - distributed.worker - INFO - -------------------------------------------------
2023-05-02 23:04:30,681 - distributed.core - INFO - Starting established connection to tcp://172.16.3.55:37759
2023-05-02 23:09:45,334 - distributed.core - INFO - Connection to tcp://172.16.3.55:37759 has been closed.
2023-05-02 23:09:45,334 - distributed.worker - INFO - Stopping worker at tcp://172.16.3.63:41962. Reason: worker-handle-scheduler-connection-broken
2023-05-02 23:09:45,337 - distributed.nanny - INFO - Closing Nanny gracefully at 'tcp://172.16.3.63:39369'. Reason: worker-handle-scheduler-connection-broken
2023-05-02 23:09:45,348 - distributed.worker - ERROR - failed during get data with tcp://172.16.3.63:41962 -> tcp://172.16.3.53:45908
Traceback (most recent call last):
  File "/vortexfs1/home/anthony.meza/mambaforge/envs/atm_rivers/lib/python3.10/site-packages/distributed/comm/tcp.py", line 225, in read
    frames_nbytes = await stream.read_bytes(fmt_size)
tornado.iostream.StreamClosedError: Stream is closed

The above exception was the direct cause of the following exception:

Traceback (most recent call last):
  File "/vortexfs1/home/anthony.meza/mambaforge/envs/atm_rivers/lib/python3.10/site-packages/distributed/worker.py", line 1783, in get_data
    response = await comm.read(deserializers=serializers)
  File "/vortexfs1/home/anthony.meza/mambaforge/envs/atm_rivers/lib/python3.10/site-packages/distributed/comm/tcp.py", line 241, in read
    convert_stream_closed_error(self, e)
  File "/vortexfs1/home/anthony.meza/mambaforge/envs/atm_rivers/lib/python3.10/site-packages/distributed/comm/tcp.py", line 144, in convert_stream_closed_error
    raise CommClosedError(f"in {obj}: {exc}") from exc
distributed.comm.core.CommClosedError: in <TCP (closed)  local=tcp://172.16.3.63:41962 remote=tcp://172.16.3.53:50034>: Stream is closed
2023-05-02 23:10:15,341 - distributed.nanny - INFO - Worker closed
2023-05-02 23:10:17,348 - distributed.nanny - ERROR - Worker process died unexpectedly
2023-05-02 23:11:07,299 - distributed.nanny - INFO - Closing Nanny at 'tcp://172.16.3.63:39369'. Reason: nanny-close-gracefully
2023-05-02 23:11:07,300 - distributed.dask_worker - INFO - End worker
