2023-05-15 23:32:27,644 - distributed.nanny - INFO -         Start Nanny at: 'tcp://172.16.3.124:42597'
2023-05-15 23:32:28,019 - distributed.diskutils - INFO - Found stale lock file and directory '/tmp/dask-worker-space/worker-of6x_xi0', purging
2023-05-15 23:32:28,997 - distributed.worker - INFO -       Start worker at:   tcp://172.16.3.124:41649
2023-05-15 23:32:28,997 - distributed.worker - INFO -          Listening to:   tcp://172.16.3.124:41649
2023-05-15 23:32:28,997 - distributed.worker - INFO -           Worker name:             SLURMCluster-3
2023-05-15 23:32:28,997 - distributed.worker - INFO -          dashboard at:         172.16.3.124:36363
2023-05-15 23:32:28,997 - distributed.worker - INFO - Waiting to connect to:    tcp://172.16.3.53:41901
2023-05-15 23:32:28,997 - distributed.worker - INFO - -------------------------------------------------
2023-05-15 23:32:28,997 - distributed.worker - INFO -               Threads:                         36
2023-05-15 23:32:28,997 - distributed.worker - INFO -                Memory:                  93.13 GiB
2023-05-15 23:32:28,997 - distributed.worker - INFO -       Local Directory: /tmp/dask-worker-space/worker-9hrrwmr5
2023-05-15 23:32:28,997 - distributed.worker - INFO - -------------------------------------------------
2023-05-15 23:32:29,002 - distributed.worker - INFO -         Registered to:    tcp://172.16.3.53:41901
2023-05-15 23:32:29,003 - distributed.worker - INFO - -------------------------------------------------
2023-05-15 23:32:29,003 - distributed.core - INFO - Starting established connection to tcp://172.16.3.53:41901
2023-05-15 23:35:43,738 - distributed.utils_perf - INFO - full garbage collection released 61.00 MiB from 193 reference cycles (threshold: 9.54 MiB)
2023-05-16 00:24:36,142 - distributed.core - INFO - Connection to tcp://172.16.3.53:41901 has been closed.
2023-05-16 00:24:36,142 - distributed.worker - INFO - Stopping worker at tcp://172.16.3.124:41649. Reason: worker-handle-scheduler-connection-broken
2023-05-16 00:24:36,148 - distributed.nanny - INFO - Closing Nanny gracefully at 'tcp://172.16.3.124:42597'. Reason: worker-handle-scheduler-connection-broken
2023-05-16 00:24:36,162 - distributed.worker - ERROR - failed during get data with tcp://172.16.3.124:41649 -> tcp://172.16.3.65:43781
Traceback (most recent call last):
  File "/vortexfs1/home/anthony.meza/mambaforge/envs/atm_rivers/lib/python3.10/site-packages/tornado/iostream.py", line 861, in _read_to_buffer
    bytes_read = self.read_from_fd(buf)
  File "/vortexfs1/home/anthony.meza/mambaforge/envs/atm_rivers/lib/python3.10/site-packages/tornado/iostream.py", line 1116, in read_from_fd
    return self.socket.recv_into(buf, len(buf))
ConnectionResetError: [Errno 104] Connection reset by peer

The above exception was the direct cause of the following exception:

Traceback (most recent call last):
  File "/vortexfs1/home/anthony.meza/mambaforge/envs/atm_rivers/lib/python3.10/site-packages/distributed/worker.py", line 1787, in get_data
    response = await comm.read(deserializers=serializers)
  File "/vortexfs1/home/anthony.meza/mambaforge/envs/atm_rivers/lib/python3.10/site-packages/distributed/comm/tcp.py", line 241, in read
    convert_stream_closed_error(self, e)
  File "/vortexfs1/home/anthony.meza/mambaforge/envs/atm_rivers/lib/python3.10/site-packages/distributed/comm/tcp.py", line 142, in convert_stream_closed_error
    raise CommClosedError(f"in {obj}: {exc.__class__.__name__}: {exc}") from exc
distributed.comm.core.CommClosedError: in <TCP (closed)  local=tcp://172.16.3.124:41649 remote=tcp://172.16.3.65:58033>: ConnectionResetError: [Errno 104] Connection reset by peer
2023-05-16 00:24:36,718 - distributed.nanny - INFO - Worker closed
2023-05-16 00:24:38,722 - distributed.nanny - ERROR - Worker process died unexpectedly
2023-05-16 00:24:39,261 - distributed.nanny - INFO - Closing Nanny at 'tcp://172.16.3.124:42597'. Reason: nanny-close-gracefully
2023-05-16 00:24:39,263 - distributed.dask_worker - INFO - End worker
